#
# A fatal error has been detected by the Java Runtime Environment:
#
#  SIGSEGV (0xb) at pc=0x00007f01c2dda7f1, pid=7510, tid=0x00007f019669e700
#
# JRE version: OpenJDK Runtime Environment (8.0_151-b12) (build 1.8.0_151-8u151-b12-0ubuntu0.16.04.2-b12)
# Java VM: OpenJDK 64-Bit Server VM (25.151-b12 mixed mode linux-amd64 compressed oops)
# Problematic frame:
# V  [libjvm.so+0x60e7f1]
#
# Failed to write core dump. Core dumps have been disabled. To enable core dumping, try "ulimit -c unlimited" before starting Java again
#
# If you would like to submit a bug report, please visit:
#   http://bugreport.java.com/bugreport/crash.jsp
#

---------------  T H R E A D  ---------------

Current thread (0x00007f01bc0ac800):  JavaThread "C2 CompilerThread0" daemon [_thread_in_native, id=7540, stack(0x00007f019659e000,0x00007f019669f000)]

siginfo: si_signo: 11 (SIGSEGV), si_code: 1 (SEGV_MAPERR), si_addr: 0x00007b01c36e4b20

Registers:
RAX=0x00007f01860fbb00, RBX=0x0000000000000158, RCX=0x00007f01c39222c0, RDX=0x00007f01860fbae0
RSP=0x00007f019669a560, RBP=0x00007f019669a5b0, RSI=0x0000000000000001, RDI=0x0000000000000010
R8 =0x000000000000000a, R9 =0x0000000000000000, R10=0x00007f019669cf40, R11=0x0000000000000000
R12=0x00007b01c36e4b20, R13=0x00007f019669a710, R14=0x00007f018605c470, R15=0x000000000000000b
RIP=0x00007f01c2dda7f1, EFLAGS=0x0000000000010202, CSGSFS=0x002b000000000033, ERR=0x0000000000000004
  TRAPNO=0x000000000000000e

Top of Stack: (sp=0x00007f019669a560)
0x00007f019669a560:   00007f01860fc190 00007f010000002b
0x00007f019669a570:   00007f019669a710 000000000000000a
0x00007f019669a580:   00007f019669a5b0 00007f0185550260
0x00007f019669a590:   00007f018554ff50 00007f019669ab70
0x00007f019669a5a0:   0000000000000000 00007f019669ab70
0x00007f019669a5b0:   00007f019669a7f0 00007f01c2dd4117
0x00007f019669a5c0:   0000000000000252 ffbfffff00000001
0x00007f019669a5d0:   00007f019669a6e0 0000000000000000
0x00007f019669a5e0:   0000000000400000 000000020000050a
0x00007f019669a5f0:   00007f019669a670 00007f019669a710
0x00007f019669a600:   0000000000000002 0000000000000001
0x00007f019669a610:   00007f0185550350 00007f01000f423f
0x00007f019669a620:   0000000000000000 ffffffff00000001
0x00007f019669a630:   000022ef00000000 00007f0100000008
0x00007f019669a640:   00007f01860fbb60 00007f010000002b
0x00007f019669a650:   00007f01860fc2e8 00007f010000002b
0x00007f019669a660:   00007f019669a710 00007f017945f510
0x00007f019669a670:   000022ef00000000 00007f0100000008
0x00007f019669a680:   00007f01860fbc40 00007f010000002b
0x00007f019669a690:   00007f01860fc190 00007f010000002b
0x00007f019669a6a0:   00007f019669a710 00007f019669a6e0
0x00007f019669a6b0:   0000000000c00000 0000000000000000
0x00007f019669a6c0:   0000000000000000 ffffffffffffffff
0x00007f019669a6d0:   ffffffffffffffff 00007f01c2a83349
0x00007f019669a6e0:   0000000000c00000 0000000000000000
0x00007f019669a6f0:   0000000000000000 0000000000000000
0x00007f019669a700:   0000000000000000 0000000000000000
0x00007f019669a710:   0000000000000011 00007f01860fc440
0x00007f019669a720:   00007f019669a7f0 00007f01c2f5adfc
0x00007f019669a730:   00000000002a16e0 00007f01782d6308
0x00007f019669a740:   00007f01782cf370 00007f01782ce320
0x00007f019669a750:   00007f01bc0aa430 00007f01c36c55c8 

Instructions: (pc=0x00007f01c2dda7f1)
0x00007f01c2dda7d1:   00 48 c7 00 00 00 00 00 48 c7 40 08 00 00 00 00
0x00007f01c2dda7e1:   48 c7 40 10 00 00 00 00 48 c7 40 18 00 00 00 00
0x00007f01c2dda7f1:   49 8b 14 24 48 89 10 49 8b 54 24 08 48 89 50 08
0x00007f01c2dda801:   49 8b 54 24 10 48 89 50 10 49 8b 54 24 18 48 89 

Register to memory mapping:

RAX=0x00007f01860fbb00 is an unknown value
RBX=0x0000000000000158 is an unknown value
RCX=0x00007f01c39222c0: <offset 0x2182c0> in /lib/x86_64-linux-gnu/libpthread.so.0 at 0x00007f01c370a000
RDX=0x00007f01860fbae0 is an unknown value
RSP=0x00007f019669a560 is pointing into the stack for thread: 0x00007f01bc0ac800
RBP=0x00007f019669a5b0 is pointing into the stack for thread: 0x00007f01bc0ac800
RSI=0x0000000000000001 is an unknown value
RDI=0x0000000000000010 is an unknown value
R8 =0x000000000000000a is an unknown value
R9 =0x0000000000000000 is an unknown value
R10=0x00007f019669cf40 is pointing into the stack for thread: 0x00007f01bc0ac800
R11=0x0000000000000000 is an unknown value
R12=0x00007b01c36e4b20 is an unknown value
R13=0x00007f019669a710 is pointing into the stack for thread: 0x00007f01bc0ac800
R14=0x00007f018605c470 is an unknown value
R15=0x000000000000000b is an unknown value


Stack: [0x00007f019659e000,0x00007f019669f000],  sp=0x00007f019669a560,  free space=1009k
Native frames: (J=compiled Java code, j=interpreted, Vv=VM code, C=native code)
V  [libjvm.so+0x60e7f1]
V  [libjvm.so+0x608117]
V  [libjvm.so+0x3d6495]
V  [libjvm.so+0x4675a8]
V  [libjvm.so+0x46a6d2]
V  [libjvm.so+0x3b9661]
V  [libjvm.so+0x4756cc]
V  [libjvm.so+0x477507]
V  [libjvm.so+0xa0cba7]
V  [libjvm.so+0xa0d06c]
V  [libjvm.so+0x8b4032]
C  [libpthread.so.0+0x76ba]  start_thread+0xca


Current CompileTask:
C2:  66870 6331       4       sun.reflect.generics.parser.SignatureParser::parseFieldTypeSignature (73 bytes)


---------------  P R O C E S S  ---------------

Java Threads: ( => current thread )
  0x00007f01bd0b4000 JavaThread "pool-2-thread-1" [_thread_blocked, id=7658, stack(0x00007f016c6b6000,0x00007f016c7b7000)]
  0x00007f01bd479000 JavaThread "File lock request listener" [_thread_in_native, id=7640, stack(0x00007f01940e9000,0x00007f01941ea000)]
  0x00007f01bd465800 JavaThread "process reaper" daemon [_thread_blocked, id=7639, stack(0x00007f0194463000,0x00007f019449c000)]
  0x00007f01bcfb3800 JavaThread "pool-1-thread-1" [_thread_blocked, id=7615, stack(0x00007f019469d000,0x00007f019479e000)]
  0x00007f01bc0c1000 JavaThread "Service Thread" daemon [_thread_blocked, id=7543, stack(0x00007f019629b000,0x00007f019639c000)]
  0x00007f01bc0b1800 JavaThread "C1 CompilerThread2" daemon [_thread_in_vm, id=7542, stack(0x00007f019639c000,0x00007f019649d000)]
  0x00007f01bc0af800 JavaThread "C2 CompilerThread1" daemon [_thread_in_native, id=7541, stack(0x00007f019649d000,0x00007f019659e000)]
=>0x00007f01bc0ac800 JavaThread "C2 CompilerThread0" daemon [_thread_in_native, id=7540, stack(0x00007f019659e000,0x00007f019669f000)]
  0x00007f01bc0aa800 JavaThread "Signal Dispatcher" daemon [_thread_blocked, id=7539, stack(0x00007f019669f000,0x00007f01967a0000)]
  0x00007f01bc083800 JavaThread "Finalizer" daemon [_thread_blocked, id=7538, stack(0x00007f019715f000,0x00007f0197260000)]
  0x00007f01bc07f000 JavaThread "Reference Handler" daemon [_thread_blocked, id=7537, stack(0x00007f0197260000,0x00007f0197361000)]
  0x00007f01bc00a000 JavaThread "main" [_thread_in_Java, id=7528, stack(0x00007f01c4421000,0x00007f01c4522000)]

Other Threads:
  0x00007f01bc077000 VMThread [stack: 0x00007f0197361000,0x00007f0197462000] [id=7536]
  0x00007f01bc0c3800 WatcherThread [stack: 0x00007f019619a000,0x00007f019629b000] [id=7544]

VM state:not at safepoint (normal execution)

VM Mutex/Monitor currently owned by a thread: None

Heap:
 PSYoungGen      total 90112K, used 25715K [0x00000000d6f80000, 0x00000000de100000, 0x0000000100000000)
  eden space 80896K, 23% used [0x00000000d6f80000,0x00000000d8267528,0x00000000dbe80000)
  from space 9216K, 68% used [0x00000000dbe80000,0x00000000dc4b57b8,0x00000000dc780000)
  to   space 9216K, 0% used [0x00000000dd800000,0x00000000dd800000,0x00000000de100000)
 ParOldGen       total 66560K, used 26671K [0x0000000084e00000, 0x0000000088f00000, 0x00000000d6f80000)
  object space 66560K, 40% used [0x0000000084e00000,0x000000008680be08,0x0000000088f00000)
 Metaspace       used 47675K, capacity 49190K, committed 49536K, reserved 1091584K
  class space    used 6355K, capacity 6689K, committed 6784K, reserved 1048576K

Card table byte_map: [0x00007f01c0700000,0x00007f01c0ada000] byte_map_base: 0x00007f01c02d9000

Marking Bits: (ParMarkBitMap*) 0x00007f01c36ed2c0
 Begin Bits: [0x00007f0198270000, 0x00007f019a138000)
 End Bits:   [0x00007f019a138000, 0x00007f019c000000)

Polling page: 0x00007f01c4540000

CodeCache: size=245760Kb used=21431Kb max_used=21532Kb free=224328Kb
 bounds [0x00007f01ad000000, 0x00007f01ae530000, 0x00007f01bc000000]
 total_blobs=6611 nmethods=5914 adapters=610
 compilation: enabled

Compilation events (10 events):
Event: 66.816 Thread 0x00007f01bc0b1800 nmethod 6367 0x00007f01ad98a2d0 code [0x00007f01ad98a440, 0x00007f01ad98a5c8]
Event: 66.825 Thread 0x00007f01bc0b1800 6370       1       java.util.Collections::emptyMap (4 bytes)
Event: 66.825 Thread 0x00007f01bc0b1800 nmethod 6370 0x00007f01ad3dc990 code [0x00007f01ad3dcae0, 0x00007f01ad3dcbd0]
Event: 66.834 Thread 0x00007f01bc0b1800 6371       3       sun.nio.cs.StreamDecoder::implRead (243 bytes)
Event: 66.836 Thread 0x00007f01bc0b1800 nmethod 6371 0x00007f01ad449450 code [0x00007f01ad449720, 0x00007f01ad44b128]
Event: 66.866 Thread 0x00007f01bc0b1800 6373       3       org.apache.xerces.util.XMLResourceIdentifierImpl::setValues (28 bytes)
Event: 66.866 Thread 0x00007f01bc0b1800 nmethod 6373 0x00007f01ad2cd1d0 code [0x00007f01ad2cd320, 0x00007f01ad2cd4d0]
Event: 66.868 Thread 0x00007f01bc0b1800 6374       3       org.apache.xerces.dom.NodeImpl::isOwned (16 bytes)
Event: 66.868 Thread 0x00007f01bc0b1800 nmethod 6374 0x00007f01ad56a150 code [0x00007f01ad56a2c0, 0x00007f01ad56a470]
Event: 66.868 Thread 0x00007f01bc0b1800 6375       3       org.gradle.api.internal.artifacts.ivyservice.ivyresolve.parser.PomDomParser::getTextContent (94 bytes)

GC Heap History (10 events):
Event: 56.126 GC heap before
{Heap before GC invocations=15 (full 2):
 PSYoungGen      total 53248K, used 1920K [0x00000000d6f80000, 0x00000000dc500000, 0x0000000100000000)
  eden space 43520K, 0% used [0x00000000d6f80000,0x00000000d6f80000,0x00000000d9a00000)
  from space 9728K, 19% used [0x00000000d9a00000,0x00000000d9be0000,0x00000000da380000)
  to   space 9728K, 0% used [0x00000000dbb80000,0x00000000dbb80000,0x00000000dc500000)
 ParOldGen       total 47616K, used 22202K [0x0000000084e00000, 0x0000000087c80000, 0x00000000d6f80000)
  object space 47616K, 46% used [0x0000000084e00000,0x00000000863ae8d0,0x0000000087c80000)
 Metaspace       used 34760K, capacity 35412K, committed 35496K, reserved 1079296K
  class space    used 4648K, capacity 4854K, committed 4864K, reserved 1048576K
Event: 56.303 GC heap after
Heap after GC invocations=15 (full 2):
 PSYoungGen      total 53248K, used 0K [0x00000000d6f80000, 0x00000000dc500000, 0x0000000100000000)
  eden space 43520K, 0% used [0x00000000d6f80000,0x00000000d6f80000,0x00000000d9a00000)
  from space 9728K, 0% used [0x00000000d9a00000,0x00000000d9a00000,0x00000000da380000)
  to   space 9728K, 0% used [0x00000000dbb80000,0x00000000dbb80000,0x00000000dc500000)
 ParOldGen       total 66560K, used 20130K [0x0000000084e00000, 0x0000000088f00000, 0x00000000d6f80000)
  object space 66560K, 30% used [0x0000000084e00000,0x00000000861a8b50,0x0000000088f00000)
 Metaspace       used 34760K, capacity 35412K, committed 35496K, reserved 1079296K
  class space    used 4648K, capacity 4854K, committed 4864K, reserved 1048576K
}
Event: 60.407 GC heap before
{Heap before GC invocations=16 (full 2):
 PSYoungGen      total 53248K, used 43520K [0x00000000d6f80000, 0x00000000dc500000, 0x0000000100000000)
  eden space 43520K, 100% used [0x00000000d6f80000,0x00000000d9a00000,0x00000000d9a00000)
  from space 9728K, 0% used [0x00000000d9a00000,0x00000000d9a00000,0x00000000da380000)
  to   space 9728K, 0% used [0x00000000dbb80000,0x00000000dbb80000,0x00000000dc500000)
 ParOldGen       total 66560K, used 20130K [0x0000000084e00000, 0x0000000088f00000, 0x00000000d6f80000)
  object space 66560K, 30% used [0x0000000084e00000,0x00000000861a8b50,0x0000000088f00000)
 Metaspace       used 40497K, capacity 41264K, committed 41472K, reserved 1085440K
  class space    used 5395K, capacity 5624K, committed 5632K, reserved 1048576K
Event: 60.412 GC heap after
Heap after GC invocations=16 (full 2):
 PSYoungGen      total 63488K, used 3484K [0x00000000d6f80000, 0x00000000dbf00000, 0x0000000100000000)
  eden space 59904K, 0% used [0x00000000d6f80000,0x00000000d6f80000,0x00000000daa00000)
  from space 3584K, 97% used [0x00000000dbb80000,0x00000000dbee7060,0x00000000dbf00000)
  to   space 9728K, 0% used [0x00000000dac00000,0x00000000dac00000,0x00000000db580000)
 ParOldGen       total 66560K, used 20202K [0x0000000084e00000, 0x0000000088f00000, 0x00000000d6f80000)
  object space 66560K, 30% used [0x0000000084e00000,0x00000000861bab60,0x0000000088f00000)
 Metaspace       used 40497K, capacity 41264K, committed 41472K, reserved 1085440K
  class space    used 5395K, capacity 5624K, committed 5632K, reserved 1048576K
}
Event: 61.821 GC heap before
{Heap before GC invocations=17 (full 2):
 PSYoungGen      total 63488K, used 63388K [0x00000000d6f80000, 0x00000000dbf00000, 0x0000000100000000)
  eden space 59904K, 100% used [0x00000000d6f80000,0x00000000daa00000,0x00000000daa00000)
  from space 3584K, 97% used [0x00000000dbb80000,0x00000000dbee7060,0x00000000dbf00000)
  to   space 9728K, 0% used [0x00000000dac00000,0x00000000dac00000,0x00000000db580000)
 ParOldGen       total 66560K, used 20202K [0x0000000084e00000, 0x0000000088f00000, 0x00000000d6f80000)
  object space 66560K, 30% used [0x0000000084e00000,0x00000000861bab60,0x0000000088f00000)
 Metaspace       used 41825K, capacity 42774K, committed 43008K, reserved 1087488K
  class space    used 5544K, capacity 5804K, committed 5888K, reserved 1048576K
Event: 61.831 GC heap after
Heap after GC invocations=17 (full 2):
 PSYoungGen      total 71680K, used 4383K [0x00000000d6f80000, 0x00000000dd080000, 0x0000000100000000)
  eden space 61952K, 0% used [0x00000000d6f80000,0x00000000d6f80000,0x00000000dac00000)
  from space 9728K, 45% used [0x00000000dac00000,0x00000000db047ea0,0x00000000db580000)
  to   space 9216K, 0% used [0x00000000dc780000,0x00000000dc780000,0x00000000dd080000)
 ParOldGen       total 66560K, used 21599K [0x0000000084e00000, 0x0000000088f00000, 0x00000000d6f80000)
  object space 66560K, 32% used [0x0000000084e00000,0x0000000086317d90,0x0000000088f00000)
 Metaspace       used 41825K, capacity 42774K, committed 43008K, reserved 1087488K
  class space    used 5544K, capacity 5804K, committed 5888K, reserved 1048576K
}
Event: 64.387 GC heap before
{Heap before GC invocations=18 (full 2):
 PSYoungGen      total 71680K, used 66335K [0x00000000d6f80000, 0x00000000dd080000, 0x0000000100000000)
  eden space 61952K, 100% used [0x00000000d6f80000,0x00000000dac00000,0x00000000dac00000)
  from space 9728K, 45% used [0x00000000dac00000,0x00000000db047ea0,0x00000000db580000)
  to   space 9216K, 0% used [0x00000000dc780000,0x00000000dc780000,0x00000000dd080000)
 ParOldGen       total 66560K, used 21599K [0x0000000084e00000, 0x0000000088f00000, 0x00000000d6f80000)
  object space 66560K, 32% used [0x0000000084e00000,0x0000000086317d90,0x0000000088f00000)
 Metaspace       used 44365K, capacity 45446K, committed 45696K, reserved 1089536K
  class space    used 5929K, capacity 6198K, committed 6272K, reserved 1048576K
Event: 64.408 GC heap after
Heap after GC invocations=18 (full 2):
 PSYoungGen      total 90112K, used 5229K [0x00000000d6f80000, 0x00000000dd200000, 0x0000000100000000)
  eden space 80896K, 0% used [0x00000000d6f80000,0x00000000d6f80000,0x00000000dbe80000)
  from space 9216K, 56% used [0x00000000dc780000,0x00000000dcc9b4c0,0x00000000dd080000)
  to   space 9216K, 0% used [0x00000000dbe80000,0x00000000dbe80000,0x00000000dc780000)
 ParOldGen       total 66560K, used 22891K [0x0000000084e00000, 0x0000000088f00000, 0x00000000d6f80000)
  object space 66560K, 34% used [0x0000000084e00000,0x000000008645ada0,0x0000000088f00000)
 Metaspace       used 44365K, capacity 45446K, committed 45696K, reserved 1089536K
  class space    used 5929K, capacity 6198K, committed 6272K, reserved 1048576K
}
Event: 66.353 GC heap before
{Heap before GC invocations=19 (full 2):
 PSYoungGen      total 90112K, used 86125K [0x00000000d6f80000, 0x00000000dd200000, 0x0000000100000000)
  eden space 80896K, 100% used [0x00000000d6f80000,0x00000000dbe80000,0x00000000dbe80000)
  from space 9216K, 56% used [0x00000000dc780000,0x00000000dcc9b4c0,0x00000000dd080000)
  to   space 9216K, 0% used [0x00000000dbe80000,0x00000000dbe80000,0x00000000dc780000)
 ParOldGen       total 66560K, used 22891K [0x0000000084e00000, 0x0000000088f00000, 0x00000000d6f80000)
  object space 66560K, 34% used [0x0000000084e00000,0x000000008645ada0,0x0000000088f00000)
 Metaspace       used 47501K, capacity 48838K, committed 48896K, reserved 1091584K
  class space    used 6342K, capacity 6643K, committed 6656K, reserved 1048576K
Event: 66.367 GC heap after
Heap after GC invocations=19 (full 2):
 PSYoungGen      total 90112K, used 6357K [0x00000000d6f80000, 0x00000000de100000, 0x0000000100000000)
  eden space 80896K, 0% used [0x00000000d6f80000,0x00000000d6f80000,0x00000000dbe80000)
  from space 9216K, 68% used [0x00000000dbe80000,0x00000000dc4b57b8,0x00000000dc780000)
  to   space 9216K, 0% used [0x00000000dd800000,0x00000000dd800000,0x00000000de100000)
 ParOldGen       total 66560K, used 26671K [0x0000000084e00000, 0x0000000088f00000, 0x00000000d6f80000)
  object space 66560K, 40% used [0x0000000084e00000,0x000000008680be08,0x0000000088f00000)
 Metaspace       used 47501K, capacity 48838K, committed 48896K, reserved 1091584K
  class space    used 6342K, capacity 6643K, committed 6656K, reserved 1048576K
}

Deoptimization events (10 events):
Event: 65.309 Thread 0x00007f01bc00a000 Uncommon trap: reason=unstable_if action=reinterpret pc=0x00007f01ad990244 method=groovy.lang.MetaClassImpl.checkIfStdMethod(Lgroovy/lang/MetaMethod;)V @ 79
Event: 65.309 Thread 0x00007f01bc00a000 Uncommon trap: reason=bimorphic action=maybe_recompile pc=0x00007f01ae05376c method=org.codehaus.groovy.runtime.metaclass.MetaMethodIndex.addMethodToList(Ljava/lang/Object;Lgroovy/lang/MetaMethod;)Ljava/lang/Object; @ 91
Event: 65.309 Thread 0x00007f01bc00a000 Uncommon trap: reason=unstable_if action=reinterpret pc=0x00007f01ae060b2c method=org.codehaus.groovy.runtime.metaclass.MetaMethodIndex.copyNonPrivateNonNewMetaMethods(Lorg/codehaus/groovy/runtime/metaclass/MetaMethodIndex$Entry;Lorg/codehaus/groovy/runti
Event: 65.311 Thread 0x00007f01bc00a000 Uncommon trap: reason=unstable_if action=reinterpret pc=0x00007f01adcf3bc4 method=groovy.lang.MetaClassImpl$1MOPIter.methodNameAction(Ljava/lang/Class;Lorg/codehaus/groovy/runtime/metaclass/MetaMethodIndex$Entry;)V @ 259
Event: 65.767 Thread 0x00007f01bc00a000 Uncommon trap: reason=class_check action=maybe_recompile pc=0x00007f01adf9763c method=com.sun.org.apache.xerces.internal.impl.XMLEntityScanner.invokeListeners(I)V @ 21
Event: 65.767 Thread 0x00007f01bc00a000 Uncommon trap: reason=class_check action=maybe_recompile pc=0x00007f01adf9763c method=com.sun.org.apache.xerces.internal.impl.XMLEntityScanner.invokeListeners(I)V @ 21
Event: 66.057 Thread 0x00007f01bc00a000 Uncommon trap: reason=unstable_if action=reinterpret pc=0x00007f01ae2f2334 method=com.esotericsoftware.kryo.io.Input.readUtf8(I)V @ 79
Event: 66.231 Thread 0x00007f01bc00a000 Uncommon trap: reason=unstable_if action=reinterpret pc=0x00007f01ae117d8c method=com.esotericsoftware.kryo.io.Input.readUtf8(I)V @ 79
Event: 66.448 Thread 0x00007f01bc00a000 Uncommon trap: reason=class_check action=maybe_recompile pc=0x00007f01ad71a30c method=java.util.Hashtable.put(Ljava/lang/Object;Ljava/lang/Object;)Ljava/lang/Object; @ 60
Event: 66.448 Thread 0x00007f01bc00a000 Uncommon trap: reason=class_check action=maybe_recompile pc=0x00007f01ad71a30c method=java.util.Hashtable.put(Ljava/lang/Object;Ljava/lang/Object;)Ljava/lang/Object; @ 60

Internal exceptions (10 events):
Event: 66.573 Thread 0x00007f01bc00a000 Exception <a 'java/lang/ClassNotFoundException': org/gradle/api/internal/artifacts/dependencies/DefaultExternalModuleDependency_DecoratedBeanInfo> (0x00000000d7c07da8) thrown at [/build/openjdk-8-W2Qe27/openjdk-8-8u151-b12/src/hotspot/src/share/vm/classfi
Event: 66.574 Thread 0x00007f01bc00a000 Exception <a 'java/lang/ClassNotFoundException': org/gradle/api/internal/artifacts/dependencies/DefaultExternalModuleDependencyBeanInfo> (0x00000000d7c44f08) thrown at [/build/openjdk-8-W2Qe27/openjdk-8-8u151-b12/src/hotspot/src/share/vm/classfile/systemD
Event: 66.575 Thread 0x00007f01bc00a000 Exception <a 'java/lang/ClassNotFoundException': org/gradle/api/internal/artifacts/dependencies/AbstractExternalModuleDependencyBeanInfo> (0x00000000d7c82a30) thrown at [/build/openjdk-8-W2Qe27/openjdk-8-8u151-b12/src/hotspot/src/share/vm/classfile/system
Event: 66.576 Thread 0x00007f01bc00a000 Exception <a 'java/lang/ClassNotFoundException': org/gradle/api/internal/artifacts/dependencies/AbstractModuleDependencyBeanInfo> (0x00000000d7cbcd10) thrown at [/build/openjdk-8-W2Qe27/openjdk-8-8u151-b12/src/hotspot/src/share/vm/classfile/systemDictiona
Event: 66.576 Thread 0x00007f01bc00a000 Exception <a 'java/lang/ClassNotFoundException': org/gradle/api/internal/artifacts/dependencies/AbstractDependencyBeanInfo> (0x00000000d7cf4268) thrown at [/build/openjdk-8-W2Qe27/openjdk-8-8u151-b12/src/hotspot/src/share/vm/classfile/systemDictionary.cpp
Event: 66.577 Thread 0x00007f01bc00a000 Exception <a 'java/lang/ClassNotFoundException': org/gradle/api/internal/artifacts/dependencies/AbstractDependencyCustomizer> (0x00000000d7d2d558) thrown at [/build/openjdk-8-W2Qe27/openjdk-8-8u151-b12/src/hotspot/src/share/vm/classfile/systemDictionary.c
Event: 66.578 Thread 0x00007f01bc00a000 Exception <a 'java/lang/ClassNotFoundException': org/gradle/api/internal/artifacts/dependencies/AbstractModuleDependencyCustomizer> (0x00000000d7d6ad08) thrown at [/build/openjdk-8-W2Qe27/openjdk-8-8u151-b12/src/hotspot/src/share/vm/classfile/systemDictio
Event: 66.580 Thread 0x00007f01bc00a000 Exception <a 'java/lang/ClassNotFoundException': org/gradle/api/internal/artifacts/dependencies/AbstractExternalModuleDependencyCustomizer> (0x00000000d7dbe088) thrown at [/build/openjdk-8-W2Qe27/openjdk-8-8u151-b12/src/hotspot/src/share/vm/classfile/syst
Event: 66.580 Thread 0x00007f01bc00a000 Exception <a 'java/lang/ClassNotFoundException': org/gradle/api/internal/artifacts/dependencies/DefaultExternalModuleDependencyCustomizer> (0x00000000d7e08b08) thrown at [/build/openjdk-8-W2Qe27/openjdk-8-8u151-b12/src/hotspot/src/share/vm/classfile/syste
Event: 66.581 Thread 0x00007f01bc00a000 Exception <a 'java/lang/ClassNotFoundException': org/gradle/api/internal/artifacts/dependencies/DefaultExternalModuleDependency_DecoratedCustomizer> (0x00000000d7e57e90) thrown at [/build/openjdk-8-W2Qe27/openjdk-8-8u151-b12/src/hotspot/src/share/vm/class

Events (10 events):
Event: 66.581 loading class org/gradle/api/internal/artifacts/dependencies/DefaultExternalModuleDependency_DecoratedCustomizer
Event: 66.581 loading class org/gradle/api/internal/artifacts/dependencies/DefaultExternalModuleDependency_DecoratedCustomizer done
Event: 66.581 loading class org/gradle/api/internal/artifacts/dependencies/DefaultExternalModuleDependency_DecoratedCustomizer
Event: 66.581 loading class org/gradle/api/internal/artifacts/dependencies/DefaultExternalModuleDependency_DecoratedCustomizer done
Event: 66.581 loading class org/gradle/api/internal/artifacts/dependencies/DefaultExternalModuleDependency_DecoratedCustomizer
Event: 66.581 loading class org/gradle/api/internal/artifacts/dependencies/DefaultExternalModuleDependency_DecoratedCustomizer done
Event: 66.582 loading class org/gradle/api/internal/artifacts/ExcludeRuleNotationConverter
Event: 66.582 loading class org/gradle/api/internal/artifacts/ExcludeRuleNotationConverter done
Event: 66.583 loading class org/gradle/api/internal/artifacts/DefaultExcludeRule
Event: 66.583 loading class org/gradle/api/internal/artifacts/DefaultExcludeRule done


Dynamic libraries:
00400000-00401000 r-xp 00000000 08:11 411421                             /usr/lib/jvm/java-8-openjdk-amd64/jre/bin/java
00600000-00601000 r--p 00000000 08:11 411421                             /usr/lib/jvm/java-8-openjdk-amd64/jre/bin/java
00601000-00602000 rw-p 00001000 08:11 411421                             /usr/lib/jvm/java-8-openjdk-amd64/jre/bin/java
0168c000-016ad000 rw-p 00000000 00:00 0                                  [heap]
84e00000-88f00000 rw-p 00000000 00:00 0 
88f00000-d6f80000 ---p 00000000 00:00 0 
d6f80000-de100000 rw-p 00000000 00:00 0 
de100000-100000000 ---p 00000000 00:00 0 
100000000-1006a0000 rw-p 00000000 00:00 0 
1006a0000-140000000 ---p 00000000 00:00 0 
7f0158000000-7f0158021000 rw-p 00000000 00:00 0 
7f0158021000-7f015c000000 ---p 00000000 00:00 0 
7f015f600000-7f015f7c0000 rw-p 00000000 00:00 0 
7f015f7c0000-7f015f800000 ---p 00000000 00:00 0 
7f015f800000-7f015fa00000 rw-p 00000000 00:00 0 
7f015fa00000-7f015fc00000 rw-p 00000000 00:00 0 
7f015fc00000-7f015fe00000 rw-p 00000000 00:00 0 
7f015fe00000-7f0160000000 rw-p 00000000 00:00 0 
7f0160000000-7f0160021000 rw-p 00000000 00:00 0 
7f0160021000-7f0164000000 ---p 00000000 00:00 0 
7f0164000000-7f0164021000 rw-p 00000000 00:00 0 
7f0164021000-7f0168000000 ---p 00000000 00:00 0 
7f0168000000-7f0168021000 rw-p 00000000 00:00 0 
7f0168021000-7f016c000000 ---p 00000000 00:00 0 
7f016c0a3000-7f016c0b6000 r--s 00346000 08:11 411402                     /usr/lib/jvm/java-8-openjdk-amd64/jre/lib/resources.jar
7f016c0b6000-7f016c2b6000 rw-p 00000000 00:00 0 
7f016c2b6000-7f016c4b6000 rw-p 00000000 00:00 0 
7f016c4b6000-7f016c6b6000 rw-p 00000000 00:00 0 
7f016c6b6000-7f016c6b9000 ---p 00000000 00:00 0 
7f016c6b9000-7f016c9b7000 rw-p 00000000 00:00 0 
7f016c9b7000-7f016c9e2000 r--s 001fc000 08:16 3157534                    /home/brill/.gradle/caches/modules-2/files-2.1/com.google.guava/guava/18.0/cce0823396aa693798f8882e64213b1772032b09/guava-18.0.jar
7f016c9e2000-7f016c9f5000 r--s 000b2000 08:16 3157530                    /home/brill/.gradle/caches/modules-2/files-2.1/com.android.tools.external.com-intellij/uast/145.597.4/6b430796bdb6563146affb34fb840c64e8d1d3b1/uast-145.597.4.jar
7f016c9f5000-7f016c9fd000 r--s 000a8000 08:16 3157528                    /home/brill/.gradle/caches/modules-2/files-2.1/com.android.tools.external.lombok/lombok-ast/0.2.3/528b6f8bde3157f17530aa366631f2aad2a6cf9/lombok-ast-0.2.3.jar
7f016c9fd000-7f016c9ff000 r--s 0000d000 08:16 3157526                    /home/brill/.gradle/caches/modules-2/files-2.1/commons-codec/commons-codec/1.4/4216af16d38465bbab0f3dff8efa14204f7a399a/commons-codec-1.4.jar
7f016c9ff000-7f016cbff000 rw-p 00000000 00:00 0 
7f016cbff000-7f016cdff000 rw-p 00000000 00:00 0 
7f016cdff000-7f016cfff000 rw-p 00000000 00:00 0 
7f016cfff000-7f0170000000 rw-p 00000000 00:00 0 
7f0170000000-7f0170021000 rw-p 00000000 00:00 0 
7f0170021000-7f0174000000 ---p 00000000 00:00 0 
7f0174000000-7f0174021000 rw-p 00000000 00:00 0 
7f0174021000-7f0178000000 ---p 00000000 00:00 0 
7f0178000000-7f017a510000 rw-p 00000000 00:00 0 
7f017a510000-7f017c000000 ---p 00000000 00:00 0 
7f017c000000-7f017ccec000 rw-p 00000000 00:00 0 
7f017ccec000-7f0180000000 ---p 00000000 00:00 0 
7f0180000000-7f0180021000 rw-p 00000000 00:00 0 
7f0180021000-7f0184000000 ---p 00000000 00:00 0 
7f0184000000-7f0186697000 rw-p 00000000 00:00 0 
7f0186697000-7f0188000000 ---p 00000000 00:00 0 
7f0188000000-7f0188021000 rw-p 00000000 00:00 0 
7f0188021000-7f018c000000 ---p 00000000 00:00 0 
7f018c000000-7f018c021000 rw-p 00000000 00:00 0 
7f018c021000-7f0190000000 ---p 00000000 00:00 0 
7f0190000000-7f0190021000 rw-p 00000000 00:00 0 
7f0190021000-7f0194000000 ---p 00000000 00:00 0 
7f0194000000-7f0194001000 r--s 00001000 08:16 3157532                    /home/brill/.gradle/caches/modules-2/files-2.1/com.android.tools/annotations/25.2.3/a9970f79003cbf4aaaf26a5590aca7066f209347/annotations-25.2.3.jar
7f0194001000-7f0194003000 r--s 0000d000 08:16 3157524                    /home/brill/.gradle/caches/modules-2/files-2.1/commons-logging/commons-logging/1.1.1/5043bfebc3db072ed80fbd362e7caf00e885d8ae/commons-logging-1.1.1.jar
7f0194003000-7f0194008000 r--s 00028000 08:16 3157522                    /home/brill/.gradle/caches/modules-2/files-2.1/org.apache.httpcomponents/httpcore/4.1/33fc26c02f8043ab0ede19eadc8c9885386b255c/httpcore-4.1.jar
7f0194008000-7f019400c000 r--s 0002f000 08:16 3157520                    /home/brill/.gradle/caches/modules-2/files-2.1/com.google.jimfs/jimfs/1.1/8fbd0579dc68aba6186935cc1bee21d2f3e7ec1c/jimfs-1.1.jar
7f019400c000-7f019400d000 r--s 00004000 08:16 3157518                    /home/brill/.gradle/caches/modules-2/files-2.1/com.intellij/annotations/12.0/bbcf6448f6d40abe506e2c83b70a3e8bfd2b4539/annotations-12.0.jar
7f019400d000-7f019400e000 r--s 00004000 08:16 1325865                    /home/brill/.gradle/caches/modules-2/files-2.1/org.ow2.asm/asm-analysis/5.0.4/51f5031331a56c462a3cc5126e21ab65958759a9/asm-analysis-5.0.4.jar
7f019400e000-7f0194012000 r--s 0003b000 08:16 1193580                    /home/brill/.gradle/caches/modules-2/files-2.1/com.android.tools.lint/lint-api/25.2.3/fb7afa11dcda11d5bf0fcd3dcfec3e13ee921057/lint-api-25.2.3.jar
7f0194012000-7f0194013000 r--s 0000a000 08:16 3157516                    /home/brill/.gradle/caches/modules-2/files-2.1/net.sf.kxml/kxml2/2.3.0/ccbc77a5fd907ef863c29f3596c6f54ffa4e9442/kxml2-2.3.0.jar
7f0194013000-7f0194015000 r--s 00005000 08:16 3157514                    /home/brill/.gradle/caches/modules-2/files-2.1/org.apache.httpcomponents/httpmime/4.1/9ba2dcdf94ce35c8a8e9bff242db0618ca932e92/httpmime-4.1.jar
7f0194015000-7f019401d000 r--s 0004e000 08:16 3157512                    /home/brill/.gradle/caches/modules-2/files-2.1/org.apache.httpcomponents/httpclient/4.1.1/3d1d918f32709e33ba7ddb2c4e8d1c543ebe713e/httpclient-4.1.1.jar
7f019401d000-7f0194024000 r--s 00053000 08:16 3157510                    /home/brill/.gradle/caches/modules-2/files-2.1/org.apache.commons/commons-compress/1.8.1/a698750c16740fd5b3871425f4cb3bbaa87f529d/commons-compress-1.8.1.jar
7f0194024000-7f0194029000 r--s 0002a000 08:16 3157508                    /home/brill/.gradle/caches/modules-2/files-2.1/com.google.code.gson/gson/2.2.4/a60a5e993c98c864010053cb901b7eab25306568/gson-2.2.4.jar
7f0194029000-7f019402e000 r--s 0002d000 08:16 3157506                    /home/brill/.gradle/caches/modules-2/files-2.1/com.android.tools/repository/25.2.3/179dee8115834f40bd9b39675da3a0273174c3ca/repository-25.2.3.jar
7f019402e000-7f019402f000 r--s 00005000 08:16 3157504                    /home/brill/.gradle/caches/modules-2/files-2.1/com.android.tools/dvlib/25.2.3/5afd79f645811a98c0519141cc13900c659091a8/dvlib-25.2.3.jar
7f019402f000-7f0194032000 r--s 00014000 08:16 3157502                    /home/brill/.gradle/caches/modules-2/files-2.1/com.android.tools.layoutlib/layoutlib-api/25.2.3/ead9944caa7cba814184148efe69faf8896f4478/layoutlib-api-25.2.3.jar
7f0194032000-7f0194036000 r--s 00037000 08:16 3157500                    /home/brill/.gradle/caches/modules-2/files-2.1/org.antlr/ST4/4.0.8/a1c55e974f8a94d78e2348fa6ff63f4fa1fae64/ST4-4.0.8.jar
7f0194036000-7f0194039000 r--s 00026000 08:16 3157498                    /home/brill/.gradle/caches/modules-2/files-2.1/org.antlr/antlr-runtime/3.5.2/cd9cd41361c155f3af0f653009dcecb08d8b4afd/antlr-runtime-3.5.2.jar
7f0194039000-7f019403e000 r--s 00058000 08:16 3157496                    /home/brill/.gradle/caches/modules-2/files-2.1/org.ow2.asm/asm-debug-all/5.0.1/f69b5f7d96cec0d448acf1c1a266584170c9643b/asm-debug-all-5.0.1.jar
7f019403e000-7f019404e000 r--s 000d6000 08:16 1846051                    /home/brill/.gradle/caches/modules-2/files-2.1/net.sf.proguard/proguard-base/5.2.1/4f61348b4e7c943b85679dcb697f3a5fc3101921/proguard-base-5.2.1.jar
7f019404e000-7f0194051000 r--s 00033000 08:16 3022771                    /home/brill/.gradle/caches/modules-2/files-2.1/com.googlecode.juniversalchardet/juniversalchardet/1.0.3/cd49678784c46aa8789c060538e0154013bb421b/juniversalchardet-1.0.3.jar
7f0194051000-7f0194055000 r--s 0002a000 08:16 3022769                    /home/brill/.gradle/caches/modules-2/files-2.1/commons-io/commons-io/2.4/b1b6ea3b7e4aa4f492509a4952029cd8e48019ad/commons-io-2.4.jar
7f0194055000-7f019406c000 r--s 00154000 08:16 2893937                    /home/brill/.gradle/caches/modules-2/files-2.1/org.antlr/antlr4/4.5.3/f35db7e4b2446e4174ba6a73db7bd6b3e6bb5da1/antlr4-4.5.3.jar
7f019406c000-7f019406d000 r--s 00002000 08:16 2762444                    /home/brill/.gradle/caches/modules-2/files-2.1/com.android.databinding/baseLibrary/2.2.3/b4b51d1925cdfda98fd861230c1ecb5855500129/baseLibrary-2.2.3.jar
7f019406d000-7f0194080000 r--s 00236000 08:16 2635611                    /home/brill/.gradle/caches/modules-2/files-2.1/org.eclipse.jdt.core.compiler/ecj/4.5.1/bee1367ac12fb6a20b422ff8711ebeb4f0a42316/ecj-4.5.1.jar
7f0194080000-7f0194087000 r--s 000c3000 08:16 1721136                    /home/brill/.gradle/caches/modules-2/files-2.1/com.android.tools.lint/lint-checks/25.2.3/eae71c1f5ce54195dc821133e3a5df8145de8ff5/lint-checks-25.2.3.jar
7f0194087000-7f0194089000 r--s 00006000 08:16 1452967                    /home/brill/.gradle/caches/modules-2/files-2.1/org.ow2.asm/asm-tree/5.0.4/396ce0c07ba2b481f25a70195c7c94922f0d1b0b/asm-tree-5.0.4.jar
7f0194089000-7f01940bc000 r--s 00203000 08:16 2507644                    /home/brill/.gradle/caches/modules-2/files-2.1/org.bouncycastle/bcprov-jdk15on/1.48/960dea7c9181ba0b17e8bab0c06a43f0a5f04e65/bcprov-jdk15on-1.48.jar
7f01940bc000-7f01940ca000 r--s 00081000 08:16 2367936                    /home/brill/.gradle/caches/modules-2/files-2.1/org.bouncycastle/bcpkix-jdk15on/1.48/28b7614b908a47844bb27e3c94b45b6893656265/bcpkix-jdk15on-1.48.jar
7f01940ca000-7f01940cc000 r--s 00002000 08:16 2237882                    /home/brill/.gradle/caches/modules-2/files-2.1/com.squareup/javawriter/2.5.0/81241ff7078ef14f42ea2a8995fa09c096256e6b/javawriter-2.5.0.jar
7f01940cc000-7f01940cd000 r--s 00002000 08:16 2116275                    /home/brill/.gradle/caches/modules-2/files-2.1/com.android.tools.analytics-library/tracker/25.2.3/c807f7b3d9aa3cee795ecac620d22c5ca7dd92e1/tracker-25.2.3.jar
7f01940cd000-7f01940cf000 r--s 00003000 08:16 1978324                    /home/brill/.gradle/caches/modules-2/files-2.1/com.android.tools.analytics-library/shared/25.2.3/785426dac20cfe596e4cf36d01aad930ffdcb05c/shared-25.2.3.jar
7f01940cf000-7f01940dc000 r--s 000ed000 08:16 3022767                    /home/brill/.gradle/caches/modules-2/files-2.1/com.android.tools.analytics-library/protos/25.2.3/821098054f9667d0f2536d7f2d0200d8bdd9c898/protos-25.2.3.jar
7f01940dc000-7f01940dd000 r--s 00001000 08:16 3022765                    /home/brill/.gradle/caches/modules-2/files-2.1/com.android.tools.jill/jill-api/0.10.0/7dfd6360ae4af1e171ec67b92e0cf065d59eef19/jill-api-0.10.0.jar
7f01940dd000-7f01940df000 r--s 00003000 08:16 3022763                    /home/brill/.gradle/caches/modules-2/files-2.1/com.android.tools.jack/jack-api/0.11.0/ccda6afebd2b9cf60886c601ea561bba62c35c70/jack-api-0.11.0.jar
7f01940df000-7f01940e4000 r--s 0004a000 08:16 2116273                    /home/brill/.gradle/caches/modules-2/files-2.1/com.android.tools.ddms/ddmlib/25.2.3/2b66df9156f476b0ccee44b378cd09073118ff59/ddmlib-25.2.3.jar
7f01940e4000-7f01940e7000 r--s 00021000 08:16 2116271                    /home/brill/.gradle/caches/modules-2/files-2.1/com.android.tools.build/manifest-merger/25.2.3/d0212c507be4c38c39f4ee06a7df5a44f500ed3b/manifest-merger-25.2.3.jar
7f01940e7000-7f01940e9000 r--s 0001c000 08:16 2116269                    /home/brill/.gradle/caches/modules-2/files-2.1/com.android.tools/common/25.2.3/255aa01048bebb511d828c6a5fc668df13b8f39d/common-25.2.3.jar
7f01940e9000-7f01940ec000 ---p 00000000 00:00 0 
7f01940ec000-7f01943ea000 rw-p 00000000 00:00 0 
7f01943ea000-7f01943f2000 r--s 00084000 08:16 1978322                    /home/brill/.gradle/caches/modules-2/files-2.1/com.android.tools/sdk-common/25.2.3/2c49ca3df5bb961473b096bab2a615a7cda50dc/sdk-common-25.2.3.jar
7f01943f2000-7f01943fd000 r--s 0008e000 08:16 1846049                    /home/brill/.gradle/caches/modules-2/files-2.1/com.android.tools/sdklib/25.2.3/9f12cfc56b1df4e42fa2b73f9936b586b9a56a2/sdklib-25.2.3.jar
7f01943fd000-7f01943fe000 r--s 00002000 08:16 1846047                    /home/brill/.gradle/caches/modules-2/files-2.1/com.android.tools.build/builder-test-api/2.2.3/700079fc243c217dbd6250ac01d2d6210ca8a0d6/builder-test-api-2.2.3.jar
7f01943fe000-7f0194401000 r--s 00005000 08:16 1846045                    /home/brill/.gradle/caches/modules-2/files-2.1/com.android.tools.build/builder-model/2.2.3/eddf6035ce0a31651527b4c3cc239428e877c43a/builder-model-2.2.3.jar
7f0194401000-7f019440b000 r--s 00110000 08:16 1721134                    /home/brill/.gradle/caches/modules-2/files-2.1/org.antlr/antlr/3.5.2/c4a65c950bfc3e7d04309c515b2177c00baf7764/antlr-3.5.2.jar
7f019440b000-7f0194413000 r--s 0007b000 08:16 1589002                    /home/brill/.gradle/caches/modules-2/files-2.1/com.google.protobuf/protobuf-java/2.5.0/a10732c76bfacdbd633a7eb0f7968b1059a65dfa/protobuf-java-2.5.0.jar
7f0194413000-7f0194415000 r--s 0000f000 08:16 1589000                    /home/brill/.gradle/caches/modules-2/files-2.1/net.sf.jopt-simple/jopt-simple/4.9/ee9e9eaa0a35360dcfeac129ff4923215fd65904/jopt-simple-4.9.jar
7f0194415000-7f0194419000 r--s 0001f000 08:16 1588998                    /home/brill/.gradle/caches/modules-2/files-2.1/org.jacoco/org.jacoco.report/0.7.5.201505241946/cb1ac5562a45c98cd7b774452f3e8b867b71cd65/org.jacoco.report-0.7.5.201505241946.jar
7f0194419000-7f019441d000 r--s 0001d000 08:16 1588996                    /home/brill/.gradle/caches/modules-2/files-2.1/org.jacoco/org.jacoco.core/0.7.5.201505241946/1ea906dc5201d2a1bc0604f8650534d4bcaf4c95/org.jacoco.core-0.7.5.201505241946.jar
7f019441d000-7f019441e000 r--s 00002000 08:16 1452965                    /home/brill/.gradle/caches/modules-2/files-2.1/net.sf.proguard/proguard-gradle/5.2.1/5e9956c050fd84fa043517e77c4c0ff175a6b002/proguard-gradle-5.2.1.jar
7f019441e000-7f0194420000 r--s 00009000 08:16 1452963                    /home/brill/.gradle/caches/modules-2/files-2.1/org.ow2.asm/asm-commons/5.0.4/5a556786086c23cd689a0328f8519db93821c04c/asm-commons-5.0.4.jar
7f0194420000-7f0194422000 r--s 0000c000 08:16 1452961                    /home/brill/.gradle/caches/modules-2/files-2.1/org.ow2.asm/asm/5.0.4/da08b8cce7bbf903602a25a3a163ae252435795/asm-5.0.4.jar
7f0194422000-7f0194426000 r--s 0002b000 08:16 1452959                    /home/brill/.gradle/caches/modules-2/files-2.1/com.android.databinding/compilerCommon/2.2.3/8c3829022a54acd042b5382a4a873ee2d64c29ee/compilerCommon-2.2.3.jar
7f0194426000-7f0194427000 r--s 00002000 08:16 1325863                    /home/brill/.gradle/caches/modules-2/files-2.1/com.android.tools.build/gradle-api/2.2.3/9a45614f789d4aab624d2a61983263885f42b615/gradle-api-2.2.3.jar
7f0194427000-7f0194428000 r--s 00000000 08:16 1193578                    /home/brill/.gradle/caches/modules-2/files-2.1/com.android.tools.build/transform-api/2.0.0-deprecated-use-gradle-api/85bee1acea9e27152b920746c68133b30b11431/transform-api-2.0.0-deprecated-use-gradle-api.jar
7f0194428000-7f019442d000 r--s 00053000 08:16 1193576                    /home/brill/.gradle/caches/modules-2/files-2.1/com.android.tools.lint/lint/25.2.3/aa03a3669f2913b9bc6f5f4fba4418f974e48cb7/lint-25.2.3.jar
7f019442d000-7f0194444000 r--s 0015e000 08:16 1065395                    /home/brill/.gradle/caches/modules-2/files-2.1/com.android.tools.build/builder/2.2.3/13e7339544e824a3a5f8ecff42173c013791578b/builder-2.2.3.jar
7f0194444000-7f0194461000 r--s 0019d000 08:16 1065393                    /home/brill/.gradle/caches/modules-2/files-2.1/com.android.tools.build/gradle-core/2.2.3/3a777b0626810e0ccdced7d750ac4b60c279616c/gradle-core-2.2.3.jar
7f0194461000-7f0194463000 r--s 0000d000 08:16 1065391                    /home/brill/.gradle/caches/modules-2/files-2.1/com.android.tools.build/gradle/2.2.3/7b8f79621d95e3ce1e95c0852db14d9d7e1d1951/gradle-2.2.3.jar
7f0194463000-7f0194466000 ---p 00000000 00:00 0 
7f0194466000-7f019449c000 rw-p 00000000 00:00 0 
7f019449c000-7f019449d000 r--p 00000000 00:00 0 
7f019449d000-7f019469d000 rw-p 00000000 00:00 0 
7f019469d000-7f01946a0000 ---p 00000000 00:00 0 
7f01946a0000-7f019499e000 rw-p 00000000 00:00 0 
7f019499e000-7f0194b9e000 rw-p 00000000 00:00 0 
7f0194b9e000-7f0194c17000 r--s 010fe000 08:11 411535                     /usr/lib/jvm/java-8-openjdk-amd64/lib/tools.jar
7f0194c17000-7f0194e17000 rw-p 00000000 00:00 0 
7f0194e17000-7f0194e19000 r--s 00007000 08:16 950498                     /home/brill/.gradle/wrapper/dists/gradle-2.14.1-all/8bnwg5hd3w55iofp58khbp6yv/gradle-2.14.1/lib/plugins/gradle-tooling-api-builders-2.14.1.jar
7f0194e19000-7f0194e1c000 r--s 00008000 08:16 950491                     /home/brill/.gradle/wrapper/dists/gradle-2.14.1-all/8bnwg5hd3w55iofp58khbp6yv/gradle-2.14.1/lib/plugins/gradle-testing-native-2.14.1.jar
7f0194e1c000-7f0194e1e000 r--s 00009000 08:16 950570                     /home/brill/.gradle/wrapper/dists/gradle-2.14.1-all/8bnwg5hd3w55iofp58khbp6yv/gradle-2.14.1/lib/plugins/hamcrest-core-1.3.jar
7f0194e1e000-7f0194e24000 r--s 00033000 08:16 950564                     /home/brill/.gradle/wrapper/dists/gradle-2.14.1-all/8bnwg5hd3w55iofp58khbp6yv/gradle-2.14.1/lib/plugins/snakeyaml-1.6.jar
7f0194e24000-7f0194e26000 r--s 00006000 08:16 950563                     /home/brill/.gradle/wrapper/dists/gradle-2.14.1-all/8bnwg5hd3w55iofp58khbp6yv/gradle-2.14.1/lib/plugins/jcommander-1.12.jar
7f0194e26000-7f0194e2b000 r--s 00040000 08:16 950562                     /home/brill/.gradle/wrapper/dists/gradle-2.14.1-all/8bnwg5hd3w55iofp58khbp6yv/gradle-2.14.1/lib/plugins/bsh-2.0b4.jar
7f0194e2b000-7f0194e34000 r--s 00089000 08:16 950521                     /home/brill/.gradle/wrapper/dists/gradle-2.14.1-all/8bnwg5hd3w55iofp58khbp6yv/gradle-2.14.1/lib/plugins/testng-6.3.1.jar
7f0194e34000-7f0194e3c000 r--s 00045000 08:16 950520                     /home/brill/.gradle/wrapper/dists/gradle-2.14.1-all/8bnwg5hd3w55iofp58khbp6yv/gradle-2.14.1/lib/plugins/junit-4.12.jar
7f0194e3c000-7f0194e42000 r--s 0002e000 08:16 950492                     /home/brill/.gradle/wrapper/dists/gradle-2.14.1-all/8bnwg5hd3w55iofp58khbp6yv/gradle-2.14.1/lib/plugins/gradle-testing-jvm-2.14.1.jar
7f0194e42000-7f0194e47000 r--s 00015000 08:16 950490                     /home/brill/.gradle/wrapper/dists/gradle-2.14.1-all/8bnwg5hd3w55iofp58khbp6yv/gradle-2.14.1/lib/plugins/gradle-testing-base-2.14.1.jar
7f0194e47000-7f0194e48000 r--s 00002000 08:16 950514                     /home/brill/.gradle/wrapper/dists/gradle-2.14.1-all/8bnwg5hd3w55iofp58khbp6yv/gradle-2.14.1/lib/plugins/sonar-batch-bootstrapper-2.9.jar
7f0194e48000-7f0194e4b000 r--s 00015000 08:16 950468                     /home/brill/.gradle/wrapper/dists/gradle-2.14.1-all/8bnwg5hd3w55iofp58khbp6yv/gradle-2.14.1/lib/plugins/gradle-sonar-2.14.1.jar
7f0194e4b000-7f0194e52000 r--s 00038000 08:16 950515                     /home/brill/.gradle/wrapper/dists/gradle-2.14.1-all/8bnwg5hd3w55iofp58khbp6yv/gradle-2.14.1/lib/plugins/bcpg-jdk15on-1.51.jar
7f0194e52000-7f0194e54000 r--s 0000d000 08:16 950469                     /home/brill/.gradle/wrapper/dists/gradle-2.14.1-all/8bnwg5hd3w55iofp58khbp6yv/gradle-2.14.1/lib/plugins/gradle-signing-2.14.1.jar
7f0194e54000-7f0194e57000 r--s 00009000 08:16 950467                     /home/brill/.gradle/wrapper/dists/gradle-2.14.1-all/8bnwg5hd3w55iofp58khbp6yv/gradle-2.14.1/lib/plugins/gradle-scala-2.14.1.jar
7f0194e57000-7f0194e58000 r--s 00004000 08:16 950496                     /home/brill/.gradle/wrapper/dists/gradle-2.14.1-all/8bnwg5hd3w55iofp58khbp6yv/gradle-2.14.1/lib/plugins/gradle-resources-sftp-2.14.1.jar
7f0194e58000-7f0194e68000 r--s 00088000 08:16 950531                     /home/brill/.gradle/wrapper/dists/gradle-2.14.1-all/8bnwg5hd3w55iofp58khbp6yv/gradle-2.14.1/lib/plugins/joda-time-2.8.2.jar
7f0194e68000-7f0194e79000 r--s 000cf000 08:16 950530                     /home/brill/.gradle/wrapper/dists/gradle-2.14.1-all/8bnwg5hd3w55iofp58khbp6yv/gradle-2.14.1/lib/plugins/jackson-databind-2.3.2.jar
7f0194e79000-7f0194e7b000 r--s 00007000 08:16 950529                     /home/brill/.gradle/wrapper/dists/gradle-2.14.1-all/8bnwg5hd3w55iofp58khbp6yv/gradle-2.14.1/lib/plugins/jackson-annotations-2.3.2.jar
7f0194e7b000-7f0194e7e000 r--s 0002e000 08:16 950528                     /home/brill/.gradle/wrapper/dists/gradle-2.14.1-all/8bnwg5hd3w55iofp58khbp6yv/gradle-2.14.1/lib/plugins/jackson-core-2.3.2.jar
7f0194e7e000-7f0194e89000 r--s 0006b000 08:16 950527                     /home/brill/.gradle/wrapper/dists/gradle-2.14.1-all/8bnwg5hd3w55iofp58khbp6yv/gradle-2.14.1/lib/plugins/aws-java-sdk-core-1.9.19.jar
7f0194e89000-7f0194e8f000 r--s 00036000 08:16 950526                     /home/brill/.gradle/wrapper/dists/gradle-2.14.1-all/8bnwg5hd3w55iofp58khbp6yv/gradle-2.14.1/lib/plugins/aws-java-sdk-kms-1.9.19.jar
7f0194e8f000-7f0194e9a000 r--s 00079000 08:16 950525                     /home/brill/.gradle/wrapper/dists/gradle-2.14.1-all/8bnwg5hd3w55iofp58khbp6yv/gradle-2.14.1/lib/plugins/aws-java-sdk-s3-1.9.19.jar
7f0194e9a000-7f0194e9b000 r--s 00003000 08:16 950497                     /home/brill/.gradle/wrapper/dists/gradle-2.14.1-all/8bnwg5hd3w55iofp58khbp6yv/gradle-2.14.1/lib/plugins/gradle-resources-s3-2.14.1.jar
7f0194e9b000-7f0194e9d000 r--s 00005000 08:16 950519                     /home/brill/.gradle/wrapper/dists/gradle-2.14.1-all/8bnwg5hd3w55iofp58khbp6yv/gradle-2.14.1/lib/plugins/jatl-0.2.2.jar
7f0194e9d000-7f0194e9f000 r--s 0000f000 08:16 950474                     /home/brill/.gradle/wrapper/dists/gradle-2.14.1-all/8bnwg5hd3w55iofp58khbp6yv/gradle-2.14.1/lib/plugins/gradle-reporting-2.14.1.jar
7f0194e9f000-7f0194ea1000 r--s 00002000 08:16 950475                     /home/brill/.gradle/wrapper/dists/gradle-2.14.1-all/8bnwg5hd3w55iofp58khbp6yv/gradle-2.14.1/lib/plugins/gradle-publish-2.14.1.jar
7f0194ea1000-7f0194ea3000 r--s 00009000 08:16 950501                     /home/brill/.gradle/wrapper/dists/gradle-2.14.1-all/8bnwg5hd3w55iofp58khbp6yv/gradle-2.14.1/lib/plugins/commons-cli-1.2.jar
7f0194ea3000-7f0194ea9000 r--s 00033000 08:16 950459                     /home/brill/.gradle/wrapper/dists/gradle-2.14.1-all/8bnwg5hd3w55iofp58khbp6yv/gradle-2.14.1/lib/plugins/gradle-plugins-2.14.1.jar
7f0194ea9000-7f0194eab000 r--s 00007000 08:16 950493                     /home/brill/.gradle/wrapper/dists/gradle-2.14.1-all/8bnwg5hd3w55iofp58khbp6yv/gradle-2.14.1/lib/plugins/gradle-plugin-development-2.14.1.jar
7f0194eab000-7f0194eb1000 r--s 0002a000 08:16 950486                     /home/brill/.gradle/wrapper/dists/gradle-2.14.1-all/8bnwg5hd3w55iofp58khbp6yv/gradle-2.14.1/lib/plugins/gradle-platform-play-2.14.1.jar
7f0194eb1000-7f0194ebe000 r--s 0004d000 08:16 950485                     /home/brill/.gradle/wrapper/dists/gradle-2.14.1-all/8bnwg5hd3w55iofp58khbp6yv/gradle-2.14.1/lib/plugins/gradle-platform-native-2.14.1.jar
7f0194ebe000-7f0194ec2000 r--s 0001a000 08:16 950480                     /home/brill/.gradle/wrapper/dists/gradle-2.14.1-all/8bnwg5hd3w55iofp58khbp6yv/gradle-2.14.1/lib/plugins/gradle-platform-jvm-2.14.1.jar
7f0194ec2000-7f0194ec9000 r--s 00029000 08:16 950479                     /home/brill/.gradle/wrapper/dists/gradle-2.14.1-all/8bnwg5hd3w55iofp58khbp6yv/gradle-2.14.1/lib/plugins/gradle-platform-base-2.14.1.jar
7f0194ec9000-7f0194eea000 r--s 001c3000 08:16 950509                     /home/brill/.gradle/wrapper/dists/gradle-2.14.1-all/8bnwg5hd3w55iofp58khbp6yv/gradle-2.14.1/lib/plugins/bndlib-2.4.0.jar
7f0194eea000-7f0194eec000 r--s 00003000 08:16 950463                     /home/brill/.gradle/wrapper/dists/gradle-2.14.1-all/8bnwg5hd3w55iofp58khbp6yv/gradle-2.14.1/lib/plugins/gradle-osgi-2.14.1.jar
7f0194eec000-7f0194eef000 r--s 0000c000 08:16 950512                     /home/brill/.gradle/wrapper/dists/gradle-2.14.1-all/8bnwg5hd3w55iofp58khbp6yv/gradle-2.14.1/lib/plugins/pmaven-groovy-0.8-20100325.jar
7f0194eef000-7f0194ef0000 r--s 00004000 08:16 950511                     /home/brill/.gradle/wrapper/dists/gradle-2.14.1-all/8bnwg5hd3w55iofp58khbp6yv/gradle-2.14.1/lib/plugins/pmaven-common-0.8-20100325.jar
7f0194ef0000-7f0194ef6000 r--s 00022000 08:16 950464                     /home/brill/.gradle/wrapper/dists/gradle-2.14.1-all/8bnwg5hd3w55iofp58khbp6yv/gradle-2.14.1/lib/plugins/gradle-maven-2.14.1.jar
7f0194ef6000-7f0194ef8000 r--s 0000a000 08:16 950484                     /home/brill/.gradle/wrapper/dists/gradle-2.14.1-all/8bnwg5hd3w55iofp58khbp6yv/gradle-2.14.1/lib/plugins/gradle-language-scala-2.14.1.jar
7f0194ef8000-7f0194efe000 r--s 0001a000 08:16 950488                     /home/brill/.gradle/wrapper/dists/gradle-2.14.1-all/8bnwg5hd3w55iofp58khbp6yv/gradle-2.14.1/lib/plugins/gradle-language-native-2.14.1.jar
7f0194efe000-7f0194f00000 r--s 00008000 08:16 950481                     /home/brill/.gradle/wrapper/dists/gradle-2.14.1-all/8bnwg5hd3w55iofp58khbp6yv/gradle-2.14.1/lib/plugins/gradle-language-jvm-2.14.1.jar
7f0194f00000-7f0194f06000 r--s 00024000 08:16 950482                     /home/brill/.gradle/wrapper/dists/gradle-2.14.1-all/8bnwg5hd3w55iofp58khbp6yv/gradle-2.14.1/lib/plugins/gradle-language-java-2.14.1.jar
7f0194f06000-7f0194f08000 r--s 0000a000 08:16 950483                     /home/brill/.gradle/wrapper/dists/gradle-2.14.1-all/8bnwg5hd3w55iofp58khbp6yv/gradle-2.14.1/lib/plugins/gradle-language-groovy-2.14.1.jar
7f0194f08000-7f0194f0b000 r--s 0001e000 08:16 950537                     /home/brill/.gradle/wrapper/dists/gradle-2.14.1-all/8bnwg5hd3w55iofp58khbp6yv/gradle-2.14.1/lib/plugins/jsp-api-2.1-6.1.14.jar
7f0194f0b000-7f0194f2e000 r--s 00344000 08:16 950536                     /home/brill/.gradle/wrapper/dists/gradle-2.14.1-all/8bnwg5hd3w55iofp58khbp6yv/gradle-2.14.1/lib/plugins/core-3.1.1.jar
7f0194f2e000-7f0194f2f000 r--s 00006000 08:16 950535                     /home/brill/.gradle/wrapper/dists/gradle-2.14.1-all/8bnwg5hd3w55iofp58khbp6yv/gradle-2.14.1/lib/plugins/jetty-naming-6.1.25.jar
7f0194f2f000-7f0194f30000 r--s 00002000 08:16 950508                     /home/brill/.gradle/wrapper/dists/gradle-2.14.1-all/8bnwg5hd3w55iofp58khbp6yv/gradle-2.14.1/lib/plugins/geronimo-annotation_1.0_spec-1.0.jar
7f0194f30000-7f0194f32000 r--s 00002000 08:16 950507                     /home/brill/.gradle/wrapper/dists/gradle-2.14.1-all/8bnwg5hd3w55iofp58khbp6yv/gradle-2.14.1/lib/plugins/jetty-annotations-6.1.25.jar
7f0194f32000-7f0194f43000 r--s 000ea000 08:16 950506                     /home/brill/.gradle/wrapper/dists/gradle-2.14.1-all/8bnwg5hd3w55iofp58khbp6yv/gradle-2.14.1/lib/plugins/jsp-2.1-6.1.14.jar
7f0194f43000-7f0194f45000 r--s 0000d000 08:16 950505                     /home/brill/.gradle/wrapper/dists/gradle-2.14.1-all/8bnwg5hd3w55iofp58khbp6yv/gradle-2.14.1/lib/plugins/jetty-plus-6.1.25.jar
7f0194f45000-7f0194f47000 r--s 0001f000 08:16 950504                     /home/brill/.gradle/wrapper/dists/gradle-2.14.1-all/8bnwg5hd3w55iofp58khbp6yv/gradle-2.14.1/lib/plugins/servlet-api-2.5-20081211.jar
7f0194f47000-7f0194f4b000 r--s 00028000 08:16 950503                     /home/brill/.gradle/wrapper/dists/gradle-2.14.1-all/8bnwg5hd3w55iofp58khbp6yv/gradle-2.14.1/lib/plugins/jetty-util-6.1.25.jar
7f0194f4b000-7f0194f52000 r--s 0007d000 08:16 950502                     /home/brill/.gradle/wrapper/dists/gradle-2.14.1-all/8bnwg5hd3w55iofp58khbp6yv/gradle-2.14.1/lib/plugins/jetty-6.1.25.jar
7f0194f52000-7f0194f54000 r--s 00009000 08:16 950461                     /home/brill/.gradle/wrapper/dists/gradle-2.14.1-all/8bnwg5hd3w55iofp58khbp6yv/gradle-2.14.1/lib/plugins/gradle-jetty-2.14.1.jar
7f0194f54000-7f0194f5b000 r--s 00035000 08:16 950518                     /home/brill/.gradle/wrapper/dists/gradle-2.14.1-all/8bnwg5hd3w55iofp58khbp6yv/gradle-2.14.1/lib/plugins/simple-4.1.21.jar
7f0194f5b000-7f0194f67000 r--s 00100000 08:16 950516                     /home/brill/.gradle/wrapper/dists/gradle-2.14.1-all/8bnwg5hd3w55iofp58khbp6yv/gradle-2.14.1/lib/plugins/rhino-1.7R3.jar
7f0194f67000-7f0194f6b000 r--s 00011000 08:16 950471                     /home/brill/.gradle/wrapper/dists/gradle-2.14.1-all/8bnwg5hd3w55iofp58khbp6yv/gradle-2.14.1/lib/plugins/gradle-javascript-2.14.1.jar
7f0194f6b000-7f0194f6d000 r--s 0000c000 08:16 950477                     /home/brill/.gradle/wrapper/dists/gradle-2.14.1-all/8bnwg5hd3w55iofp58khbp6yv/gradle-2.14.1/lib/plugins/gradle-jacoco-2.14.1.jar
7f0194f6d000-7f0194f70000 r--s 0000e000 08:16 950476                     /home/brill/.gradle/wrapper/dists/gradle-2.14.1-all/8bnwg5hd3w55iofp58khbp6yv/gradle-2.14.1/lib/plugins/gradle-ivy-2.14.1.jar
7f0194f70000-7f0194f71000 r--s 00002000 08:16 950487                     /home/brill/.gradle/wrapper/dists/gradle-2.14.1-all/8bnwg5hd3w55iofp58khbp6yv/gradle-2.14.1/lib/plugins/gradle-ide-play-2.14.1.jar
7f0194f71000-7f0194f76000 r--s 0002b000 08:16 950489                     /home/brill/.gradle/wrapper/dists/gradle-2.14.1-all/8bnwg5hd3w55iofp58khbp6yv/gradle-2.14.1/lib/plugins/gradle-ide-native-2.14.1.jar
7f0194f76000-7f0194f81000 r--s 00066000 08:16 950465                     /home/brill/.gradle/wrapper/dists/gradle-2.14.1-all/8bnwg5hd3w55iofp58khbp6yv/gradle-2.14.1/lib/plugins/gradle-ide-2.14.1.jar
7f0194f81000-7f0194f82000 r--s 00008000 08:16 950470                     /home/brill/.gradle/wrapper/dists/gradle-2.14.1-all/8bnwg5hd3w55iofp58khbp6yv/gradle-2.14.1/lib/plugins/gradle-ear-2.14.1.jar
7f0194f82000-7f0194f88000 r--s 00032000 08:16 950473                     /home/brill/.gradle/wrapper/dists/gradle-2.14.1-all/8bnwg5hd3w55iofp58khbp6yv/gradle-2.14.1/lib/plugins/gradle-diagnostics-2.14.1.jar
7f0194f88000-7f0194f8c000 r--s 00021000 08:16 950460                     /home/brill/.gradle/wrapper/dists/gradle-2.14.1-all/8bnwg5hd3w55iofp58khbp6yv/gradle-2.14.1/lib/plugins/gradle-code-quality-2.14.1.jar
7f0194f8c000-7f0194f90000 r--s 0001f000 08:16 950478                     /home/brill/.gradle/wrapper/dists/gradle-2.14.1-all/8bnwg5hd3w55iofp58khbp6yv/gradle-2.14.1/lib/plugins/gradle-build-init-2.14.1.jar
7f0194f90000-7f0194f97000 r--s 0008e000 08:16 950472                     /home/brill/.gradle/wrapper/dists/gradle-2.14.1-all/8bnwg5hd3w55iofp58khbp6yv/gradle-2.14.1/lib/plugins/gradle-build-comparison-2.14.1.jar
7f0194f97000-7f0194f99000 r--s 00008000 08:16 950462                     /home/brill/.gradle/wrapper/dists/gradle-2.14.1-all/8bnwg5hd3w55iofp58khbp6yv/gradle-2.14.1/lib/plugins/gradle-antlr-2.14.1.jar
7f0194f99000-7f0194f9b000 r--s 00004000 08:16 950466                     /home/brill/.gradle/wrapper/dists/gradle-2.14.1-all/8bnwg5hd3w55iofp58khbp6yv/gradle-2.14.1/lib/plugins/gradle-announce-2.14.1.jar
7f0194f9b000-7f0194fb3000 r--s 00115000 08:16 950567                     /home/brill/.gradle/wrapper/dists/gradle-2.14.1-all/8bnwg5hd3w55iofp58khbp6yv/gradle-2.14.1/lib/plugins/xercesImpl-2.9.1.jar
7f0194fb3000-7f0194fbb000 r--s 00028000 08:16 950568                     /home/brill/.gradle/wrapper/dists/gradle-2.14.1-all/8bnwg5hd3w55iofp58khbp6yv/gradle-2.14.1/lib/plugins/xml-apis-1.3.04.jar
7f0194fbb000-7f0194fc1000 r--s 0005b000 08:16 950566                     /home/brill/.gradle/wrapper/dists/gradle-2.14.1-all/8bnwg5hd3w55iofp58khbp6yv/gradle-2.14.1/lib/plugins/jcifs-1.3.17.jar
7f0194fc1000-7f0194fc8000 r--s 00049000 08:16 950565                     /home/brill/.gradle/wrapper/dists/gradle-2.14.1-all/8bnwg5hd3w55iofp58khbp6yv/gradle-2.14.1/lib/plugins/httpcore-4.4.4.jar
7f0194fc8000-7f0194fce000 r--s 00033000 08:16 950513                     /home/brill/.gradle/wrapper/dists/gradle-2.14.1-all/8bnwg5hd3w55iofp58khbp6yv/gradle-2.14.1/lib/plugins/commons-codec-1.6.jar
7f0194fce000-7f0194fd1000 r--s 0001c000 08:16 950523                     /home/brill/.gradle/wrapper/dists/gradle-2.14.1-all/8bnwg5hd3w55iofp58khbp6yv/gradle-2.14.1/lib/plugins/nekohtml-1.9.14.jar
7f0194fd1000-7f0194fde000 r--s 000a4000 08:16 950522                     /home/brill/.gradle/wrapper/dists/gradle-2.14.1-all/8bnwg5hd3w55iofp58khbp6yv/gradle-2.14.1/lib/plugins/httpclient-4.4.1.jar
7f0194fde000-7f0194fe0000 r--s 0000a000 08:16 950495                     /home/brill/.gradle/wrapper/dists/gradle-2.14.1-all/8bnwg5hd3w55iofp58khbp6yv/gradle-2.14.1/lib/plugins/gradle-resources-http-2.14.1.jar
7f0194fe0000-7f0194fe4000 r--s 00014000 08:16 950494                     /home/brill/.gradle/wrapper/dists/gradle-2.14.1-all/8bnwg5hd3w55iofp58khbp6yv/gradle-2.14.1/lib/plugins/gradle-plugin-use-2.14.1.jar
7f0194fe4000-7f0194fe5000 r--s 00000000 08:16 950410                     /home/brill/.gradle/wrapper/dists/gradle-2.14.1-all/8bnwg5hd3w55iofp58khbp6yv/gradle-2.14.1/lib/gradle-installation-beacon-2.14.1.jar
7f0194fe5000-7f0194fe6000 r--s 00007000 08:16 950561                     /home/brill/.gradle/wrapper/dists/gradle-2.14.1-all/8bnwg5hd3w55iofp58khbp6yv/gradle-2.14.1/lib/plugins/wagon-http-shared4-2.4.jar
7f0194fe6000-7f0194fea000 r--s 00033000 08:16 950560                     /home/brill/.gradle/wrapper/dists/gradle-2.14.1-all/8bnwg5hd3w55iofp58khbp6yv/gradle-2.14.1/lib/plugins/plexus-utils-2.0.6.jar
7f0194fea000-7f0194fee000 r--s 00021000 08:16 950559                     /home/brill/.gradle/wrapper/dists/gradle-2.14.1-all/8bnwg5hd3w55iofp58khbp6yv/gradle-2.14.1/lib/plugins/maven-model-builder-3.0.4.jar
7f0194fee000-7f0194fef000 r--s 00002000 08:16 950558                     /home/brill/.gradle/wrapper/dists/gradle-2.14.1-all/8bnwg5hd3w55iofp58khbp6yv/gradle-2.14.1/lib/plugins/wagon-file-2.4.jar
7f0194fef000-7f0194ff1000 r--s 00002000 08:16 950557                     /home/brill/.gradle/wrapper/dists/gradle-2.14.1-all/8bnwg5hd3w55iofp58khbp6yv/gradle-2.14.1/lib/plugins/plexus-cipher-1.7.jar
7f0194ff1000-7f0194ff4000 r--s 00013000 08:16 950556                     /home/brill/.gradle/wrapper/dists/gradle-2.14.1-all/8bnwg5hd3w55iofp58khbp6yv/gradle-2.14.1/lib/plugins/aether-api-1.13.1.jar
7f0194ff4000-7f0194ff6000 r--s 0000a000 08:16 950555                     /home/brill/.gradle/wrapper/dists/gradle-2.14.1-all/8bnwg5hd3w55iofp58khbp6yv/gradle-2.14.1/lib/plugins/maven-settings-3.0.4.jar
7f0194ff6000-7f0194ff8000 r--s 0000d000 08:16 950554                     /home/brill/.gradle/wrapper/dists/gradle-2.14.1-all/8bnwg5hd3w55iofp58khbp6yv/gradle-2.14.1/lib/plugins/plexus-interpolation-1.14.jar
7f0194ff8000-7f0194ffa000 r--s 0000b000 08:16 950553                     /home/brill/.gradle/wrapper/dists/gradle-2.14.1-all/8bnwg5hd3w55iofp58khbp6yv/gradle-2.14.1/lib/plugins/maven-artifact-3.0.4.jar
7f0194ffa000-7f0195001000 r--s 0002e000 08:16 950552                     /home/brill/.gradle/wrapper/dists/gradle-2.14.1-all/8bnwg5hd3w55iofp58khbp6yv/gradle-2.14.1/lib/plugins/plexus-container-default-1.5.5.jar
7f0195001000-7f0195003000 r--s 0000b000 08:16 950551                     /home/brill/.gradle/wrapper/dists/gradle-2.14.1-all/8bnwg5hd3w55iofp58khbp6yv/gradle-2.14.1/lib/plugins/maven-plugin-api-3.0.4.jar
7f0195003000-7f0195005000 r--s 00000000 08:16 950569                     /home/brill/.gradle/wrapper/dists/gradle-2.14.1-all/8bnwg5hd3w55iofp58khbp6yv/gradle-2.14.1/lib/plugins/plexus-component-annotations-1.5.5.jar
7f0195005000-7f019500b000 r--s 0003f000 08:16 950550                     /home/brill/.gradle/wrapper/dists/gradle-2.14.1-all/8bnwg5hd3w55iofp58khbp6yv/gradle-2.14.1/lib/plugins/maven-compat-3.0.4.jar
7f019500b000-7f019500e000 r--s 00008000 08:16 950549                     /home/brill/.gradle/wrapper/dists/gradle-2.14.1-all/8bnwg5hd3w55iofp58khbp6yv/gradle-2.14.1/lib/plugins/maven-settings-builder-3.0.4.jar
7f019500e000-7f019500f000 r--s 00002000 08:16 950548                     /home/brill/.gradle/wrapper/dists/gradle-2.14.1-all/8bnwg5hd3w55iofp58khbp6yv/gradle-2.14.1/lib/plugins/wagon-http-2.4.jar
7f019500f000-7f0195011000 r--s 00026000 08:16 950547                     /home/brill/.gradle/wrapper/dists/gradle-2.14.1-all/8bnwg5hd3w55iofp58khbp6yv/gradle-2.14.1/lib/plugins/maven-model-3.0.4.jar
7f0195011000-7f0195013000 r--s 00006000 08:16 950546                     /home/brill/.gradle/wrapper/dists/gradle-2.14.1-all/8bnwg5hd3w55iofp58khbp6yv/gradle-2.14.1/lib/plugins/aether-connector-wagon-1.13.1.jar
7f0195013000-7f0195015000 r--s 0000a000 08:16 950545                     /home/brill/.gradle/wrapper/dists/gradle-2.14.1-all/8bnwg5hd3w55iofp58khbp6yv/gradle-2.14.1/lib/plugins/plexus-classworlds-2.4.jar
7f0195015000-7f0195017000 r--s 00006000 08:16 950544                     /home/brill/.gradle/wrapper/dists/gradle-2.14.1-all/8bnwg5hd3w55iofp58khbp6yv/gradle-2.14.1/lib/plugins/maven-repository-metadata-3.0.4.jar
7f0195017000-7f0195019000 r--s 0000c000 08:16 950543                     /home/brill/.gradle/wrapper/dists/gradle-2.14.1-all/8bnwg5hd3w55iofp58khbp6yv/gradle-2.14.1/lib/plugins/maven-aether-provider-3.0.4.jar
7f0195019000-7f019501b000 r--s 0000b000 08:16 950542                     /home/brill/.gradle/wrapper/dists/gradle-2.14.1-all/8bnwg5hd3w55iofp58khbp6yv/gradle-2.14.1/lib/plugins/wagon-provider-api-2.4.jar
7f019501b000-7f019501c000 r--s 00003000 08:16 950541                     /home/brill/.gradle/wrapper/dists/gradle-2.14.1-all/8bnwg5hd3w55iofp58khbp6yv/gradle-2.14.1/lib/plugins/aether-spi-1.13.1.jar
7f019501c000-7f0195020000 r--s 0001c000 08:16 950540                     /home/brill/.gradle/wrapper/dists/gradle-2.14.1-all/8bnwg5hd3w55iofp58khbp6yv/gradle-2.14.1/lib/plugins/aether-util-1.13.1.jar
7f0195020000-7f0195023000 r--s 0001d000 08:16 950539                     /home/brill/.gradle/wrapper/dists/gradle-2.14.1-all/8bnwg5hd3w55iofp58khbp6yv/gradle-2.14.1/lib/plugins/aether-impl-1.13.1.jar
7f0195023000-7f0195024000 r--s 00006000 08:16 950538                     /home/brill/.gradle/wrapper/dists/gradle-2.14.1-all/8bnwg5hd3w55iofp58khbp6yv/gradle-2.14.1/lib/plugins/plexus-sec-dispatcher-1.3.jar
7f0195024000-7f0195029000 r--s 00040000 08:16 950524                     /home/brill/.gradle/wrapper/dists/gradle-2.14.1-all/8bnwg5hd3w55iofp58khbp6yv/gradle-2.14.1/lib/plugins/jsch-0.1.53.jar
7f0195029000-7f0195069000 r--s 00277000 08:16 950534                     /home/brill/.gradle/wrapper/dists/gradle-2.14.1-all/8bnwg5hd3w55iofp58khbp6yv/gradle-2.14.1/lib/plugins/bcprov-jdk15on-1.51.jar
7f0195069000-7f0195075000 r--s 0007d000 08:16 950510                     /home/brill/.gradle/wrapper/dists/gradle-2.14.1-all/8bnwg5hd3w55iofp58khbp6yv/gradle-2.14.1/lib/plugins/maven-core-3.0.4.jar
7f0195075000-7f019507a000 r--s 0002a000 08:16 950517                     /home/brill/.gradle/wrapper/dists/gradle-2.14.1-all/8bnwg5hd3w55iofp58khbp6yv/gradle-2.14.1/lib/plugins/gson-2.2.4.jar
7f019507a000-7f0195096000 r--s 000d3000 08:16 950499                     /home/brill/.gradle/wrapper/dists/gradle-2.14.1-all/8bnwg5hd3w55iofp58khbp6yv/gradle-2.14.1/lib/plugins/gradle-dependency-management-2.14.1.jar
7f0195096000-7f019509f000 r-xp 00000000 08:11 411365                     /usr/lib/jvm/java-8-openjdk-amd64/jre/lib/amd64/libmanagement.so
7f019509f000-7f019529e000 ---p 00009000 08:11 411365                     /usr/lib/jvm/java-8-openjdk-amd64/jre/lib/amd64/libmanagement.so
7f019529e000-7f019529f000 r--p 00008000 08:11 411365                     /usr/lib/jvm/java-8-openjdk-amd64/jre/lib/amd64/libmanagement.so
7f019529f000-7f01952a0000 rw-p 00009000 08:11 411365                     /usr/lib/jvm/java-8-openjdk-amd64/jre/lib/amd64/libmanagement.so
7f01952a0000-7f01952b5000 r-xp 00000000 08:11 75                         /tmp/jna6705130656760905876.tmp
7f01952b5000-7f01953b4000 ---p 00015000 08:11 75                         /tmp/jna6705130656760905876.tmp
7f01953b4000-7f01953b6000 rw-p 00014000 08:11 75                         /tmp/jna6705130656760905876.tmp
7f01953b6000-7f01953db000 r-xp 00000000 08:11 793807                     /lib/x86_64-linux-gnu/libtinfo.so.5.9
7f01953db000-7f01955da000 ---p 00025000 08:11 793807                     /lib/x86_64-linux-gnu/libtinfo.so.5.9
7f01955da000-7f01955de000 r--p 00024000 08:11 793807                     /lib/x86_64-linux-gnu/libtinfo.so.5.9
7f01955de000-7f01955df000 rw-p 00028000 08:11 793807                     /lib/x86_64-linux-gnu/libtinfo.so.5.9
7f01955df000-7f0195600000 r-xp 00000000 08:11 793715                     /lib/x86_64-linux-gnu/libncurses.so.5.9
7f0195600000-7f01957ff000 ---p 00021000 08:11 793715                     /lib/x86_64-linux-gnu/libncurses.so.5.9
7f01957ff000-7f0195800000 r--p 00020000 08:11 793715                     /lib/x86_64-linux-gnu/libncurses.so.5.9
7f0195800000-7f0195801000 rw-p 00021000 08:11 793715                     /lib/x86_64-linux-gnu/libncurses.so.5.9
7f0195801000-7f0195805000 r--s 0001d000 08:16 950533                     /home/brill/.gradle/wrapper/dists/gradle-2.14.1-all/8bnwg5hd3w55iofp58khbp6yv/gradle-2.14.1/lib/plugins/xbean-reflect-3.4.jar
7f0195805000-7f0195814000 r--s 000d9000 08:16 950532                     /home/brill/.gradle/wrapper/dists/gradle-2.14.1-all/8bnwg5hd3w55iofp58khbp6yv/gradle-2.14.1/lib/plugins/ivy-2.2.0.jar
7f0195814000-7f019581b000 r--s 00000000 08:11 398302                     /usr/lib/x86_64-linux-gnu/gconv/gconv-modules.cache
7f019581b000-7f019581e000 r-xp 00000000 08:16 951133                     /home/brill/.gradle/native/19/linux-amd64/libnative-platform-curses.so
7f019581e000-7f0195a1e000 ---p 00003000 08:16 951133                     /home/brill/.gradle/native/19/linux-amd64/libnative-platform-curses.so
7f0195a1e000-7f0195a1f000 rw-p 00003000 08:16 951133                     /home/brill/.gradle/native/19/linux-amd64/libnative-platform-curses.so
7f0195a1f000-7f0195a23000 r-xp 00000000 08:16 951131                     /home/brill/.gradle/native/19/linux-amd64/libnative-platform.so
7f0195a23000-7f0195c22000 ---p 00004000 08:16 951131                     /home/brill/.gradle/native/19/linux-amd64/libnative-platform.so
7f0195c22000-7f0195c23000 rw-p 00003000 08:16 951131                     /home/brill/.gradle/native/19/linux-amd64/libnative-platform.so
7f0195c23000-7f0195c25000 r--s 00005000 08:16 950409                     /home/brill/.gradle/wrapper/dists/gradle-2.14.1-all/8bnwg5hd3w55iofp58khbp6yv/gradle-2.14.1/lib/gradle-wrapper-2.14.1.jar
7f0195c25000-7f0195c33000 r--s 0004f000 08:16 950416                     /home/brill/.gradle/wrapper/dists/gradle-2.14.1-all/8bnwg5hd3w55iofp58khbp6yv/gradle-2.14.1/lib/gradle-tooling-api-2.14.1.jar
7f0195c33000-7f0195c35000 r--s 00002000 08:16 950436                     /home/brill/.gradle/wrapper/dists/gradle-2.14.1-all/8bnwg5hd3w55iofp58khbp6yv/gradle-2.14.1/lib/gradle-open-api-2.14.1.jar
7f0195c35000-7f0195c3b000 r--s 00032000 08:16 950438                     /home/brill/.gradle/wrapper/dists/gradle-2.14.1-all/8bnwg5hd3w55iofp58khbp6yv/gradle-2.14.1/lib/jaxen-1.1.jar
7f0195c3b000-7f0195c40000 r--s 00048000 08:16 950437                     /home/brill/.gradle/wrapper/dists/gradle-2.14.1-all/8bnwg5hd3w55iofp58khbp6yv/gradle-2.14.1/lib/dom4j-1.6.1.jar
7f0195c40000-7f0195c4b000 r--s 00059000 08:16 950415                     /home/brill/.gradle/wrapper/dists/gradle-2.14.1-all/8bnwg5hd3w55iofp58khbp6yv/gradle-2.14.1/lib/gradle-ui-2.14.1.jar
7f0195c4b000-7f0195c4e000 r--s 0000b000 08:16 950434                     /home/brill/.gradle/wrapper/dists/gradle-2.14.1-all/8bnwg5hd3w55iofp58khbp6yv/gradle-2.14.1/lib/gradle-resources-2.14.1.jar
7f0195c4e000-7f0195c50000 r--s 00003000 08:16 950446                     /home/brill/.gradle/wrapper/dists/gradle-2.14.1-all/8bnwg5hd3w55iofp58khbp6yv/gradle-2.14.1/lib/jcl-over-slf4j-1.7.10.jar
7f0195c50000-7f0195c51000 r--s 00005000 08:16 950445                     /home/brill/.gradle/wrapper/dists/gradle-2.14.1-all/8bnwg5hd3w55iofp58khbp6yv/gradle-2.14.1/lib/log4j-over-slf4j-1.7.10.jar
7f0195c51000-7f0195c53000 r--s 00000000 08:16 950444                     /home/brill/.gradle/wrapper/dists/gradle-2.14.1-all/8bnwg5hd3w55iofp58khbp6yv/gradle-2.14.1/lib/jul-to-slf4j-1.7.10.jar
7f0195c53000-7f0195c58000 r--s 0001c000 08:16 950433                     /home/brill/.gradle/wrapper/dists/gradle-2.14.1-all/8bnwg5hd3w55iofp58khbp6yv/gradle-2.14.1/lib/gradle-logging-2.14.1.jar
7f0195c58000-7f0195c5a000 r--s 00007000 08:16 950457                     /home/brill/.gradle/wrapper/dists/gradle-2.14.1-all/8bnwg5hd3w55iofp58khbp6yv/gradle-2.14.1/lib/objenesis-1.2.jar
7f0195c5a000-7f0195c5c000 r--s 00000000 08:16 950456                     /home/brill/.gradle/wrapper/dists/gradle-2.14.1-all/8bnwg5hd3w55iofp58khbp6yv/gradle-2.14.1/lib/minlog-1.2.jar
7f0195c5c000-7f0195c5e000 r--s 0000f000 08:16 950455                     /home/brill/.gradle/wrapper/dists/gradle-2.14.1-all/8bnwg5hd3w55iofp58khbp6yv/gradle-2.14.1/lib/reflectasm-1.07-shaded.jar
7f0195c5e000-7f0195c62000 r--s 00026000 08:16 950443                     /home/brill/.gradle/wrapper/dists/gradle-2.14.1-all/8bnwg5hd3w55iofp58khbp6yv/gradle-2.14.1/lib/kryo-2.20.jar
7f0195c62000-7f0195c68000 r--s 00025000 08:16 950432                     /home/brill/.gradle/wrapper/dists/gradle-2.14.1-all/8bnwg5hd3w55iofp58khbp6yv/gradle-2.14.1/lib/gradle-messaging-2.14.1.jar
7f0195c68000-7f0195c69000 r--s 00003000 08:16 950454                     /home/brill/.gradle/wrapper/dists/gradle-2.14.1-all/8bnwg5hd3w55iofp58khbp6yv/gradle-2.14.1/lib/native-platform-freebsd-amd64-0.10.jar
7f0195c69000-7f0195c6a000 r--s 00003000 08:16 950453                     /home/brill/.gradle/wrapper/dists/gradle-2.14.1-all/8bnwg5hd3w55iofp58khbp6yv/gradle-2.14.1/lib/native-platform-freebsd-i386-0.10.jar
7f0195c6a000-7f0195c6b000 r--s 00005000 08:16 950452                     /home/brill/.gradle/wrapper/dists/gradle-2.14.1-all/8bnwg5hd3w55iofp58khbp6yv/gradle-2.14.1/lib/native-platform-windows-i386-0.10.jar
7f0195c6b000-7f0195c6c000 r--s 00005000 08:16 950451                     /home/brill/.gradle/wrapper/dists/gradle-2.14.1-all/8bnwg5hd3w55iofp58khbp6yv/gradle-2.14.1/lib/native-platform-windows-amd64-0.10.jar
7f0195c6c000-7f0195c6d000 r--s 00003000 08:16 950450                     /home/brill/.gradle/wrapper/dists/gradle-2.14.1-all/8bnwg5hd3w55iofp58khbp6yv/gradle-2.14.1/lib/native-platform-linux-i386-0.10.jar
7f0195c6d000-7f0195c6e000 r--s 00003000 08:16 950449                     /home/brill/.gradle/wrapper/dists/gradle-2.14.1-all/8bnwg5hd3w55iofp58khbp6yv/gradle-2.14.1/lib/native-platform-linux-amd64-0.10.jar
7f0195c6e000-7f0195c6f000 r--s 00002000 08:16 950448                     /home/brill/.gradle/wrapper/dists/gradle-2.14.1-all/8bnwg5hd3w55iofp58khbp6yv/gradle-2.14.1/lib/native-platform-osx-amd64-0.10.jar
7f0195c6f000-7f0195c70000 r--s 00002000 08:16 950447                     /home/brill/.gradle/wrapper/dists/gradle-2.14.1-all/8bnwg5hd3w55iofp58khbp6yv/gradle-2.14.1/lib/native-platform-osx-i386-0.10.jar
7f0195c70000-7f0195c72000 r--s 00008000 08:16 950441                     /home/brill/.gradle/wrapper/dists/gradle-2.14.1-all/8bnwg5hd3w55iofp58khbp6yv/gradle-2.14.1/lib/jansi-1.2.1.jar
7f0195c72000-7f0195c75000 r--s 0000d000 08:16 950440                     /home/brill/.gradle/wrapper/dists/gradle-2.14.1-all/8bnwg5hd3w55iofp58khbp6yv/gradle-2.14.1/lib/native-platform-0.10.jar
7f0195c75000-7f0195c79000 r--s 000e4000 08:16 950439                     /home/brill/.gradle/wrapper/dists/gradle-2.14.1-all/8bnwg5hd3w55iofp58khbp6yv/gradle-2.14.1/lib/jna-3.2.7.jar
7f0195c79000-7f0195c7b000 r--s 00009000 08:16 950417                     /home/brill/.gradle/wrapper/dists/gradle-2.14.1-all/8bnwg5hd3w55iofp58khbp6yv/gradle-2.14.1/lib/gradle-native-2.14.1.jar
7f0195c7b000-7f0195c7d000 r--s 00005000 08:16 950414                     /home/brill/.gradle/wrapper/dists/gradle-2.14.1-all/8bnwg5hd3w55iofp58khbp6yv/gradle-2.14.1/lib/gradle-cli-2.14.1.jar
7f0195c7d000-7f0195c7f000 r--s 00007000 08:16 950424                     /home/brill/.gradle/wrapper/dists/gradle-2.14.1-all/8bnwg5hd3w55iofp58khbp6yv/gradle-2.14.1/lib/gradle-model-groovy-2.14.1.jar
7f0195c7f000-7f0195c80000 r--s 00006000 08:16 950431                     /home/brill/.gradle/wrapper/dists/gradle-2.14.1-all/8bnwg5hd3w55iofp58khbp6yv/gradle-2.14.1/lib/gradle-base-services-groovy-2.14.1.jar
7f0195c80000-7f0195c8f000 r--s 00080000 08:16 950423                     /home/brill/.gradle/wrapper/dists/gradle-2.14.1-all/8bnwg5hd3w55iofp58khbp6yv/gradle-2.14.1/lib/gradle-model-core-2.14.1.jar
7f0195c8f000-7f0195c90000 r--s 00002000 08:16 950435                     /home/brill/.gradle/wrapper/dists/gradle-2.14.1-all/8bnwg5hd3w55iofp58khbp6yv/gradle-2.14.1/lib/gradle-docs-2.14.1.jar
7f0195c90000-7f0195c94000 r--s 00027000 08:16 950428                     /home/brill/.gradle/wrapper/dists/gradle-2.14.1-all/8bnwg5hd3w55iofp58khbp6yv/gradle-2.14.1/lib/commons-io-2.2.jar
7f0195c94000-7f0195ca1000 r--s 00083000 08:16 950427                     /home/brill/.gradle/wrapper/dists/gradle-2.14.1-all/8bnwg5hd3w55iofp58khbp6yv/gradle-2.14.1/lib/commons-collections-3.2.2.jar
7f0195ca1000-7f0195d10000 r--s 0063e000 08:16 950422                     /home/brill/.gradle/wrapper/dists/gradle-2.14.1-all/8bnwg5hd3w55iofp58khbp6yv/gradle-2.14.1/lib/groovy-all-2.4.4.jar
7f0195d10000-7f0195d38000 r--s 001cf000 08:16 950419                     /home/brill/.gradle/wrapper/dists/gradle-2.14.1-all/8bnwg5hd3w55iofp58khbp6yv/gradle-2.14.1/lib/guava-jdk5-17.0.jar
7f0195d38000-7f0195d6f000 r--s 001bd000 08:16 950413                     /home/brill/.gradle/wrapper/dists/gradle-2.14.1-all/8bnwg5hd3w55iofp58khbp6yv/gradle-2.14.1/lib/gradle-core-2.14.1.jar
7f0195d6f000-7f0195d80000 r-xp 00000000 08:11 411395                     /usr/lib/jvm/java-8-openjdk-amd64/jre/lib/amd64/libnio.so
7f0195d80000-7f0195f80000 ---p 00011000 08:11 411395                     /usr/lib/jvm/java-8-openjdk-amd64/jre/lib/amd64/libnio.so
7f0195f80000-7f0195f81000 r--p 00011000 08:11 411395                     /usr/lib/jvm/java-8-openjdk-amd64/jre/lib/amd64/libnio.so
7f0195f81000-7f0195f82000 rw-p 00012000 08:11 411395                     /usr/lib/jvm/java-8-openjdk-amd64/jre/lib/amd64/libnio.so
7f0195f82000-7f0195f99000 r-xp 00000000 08:11 411382                     /usr/lib/jvm/java-8-openjdk-amd64/jre/lib/amd64/libnet.so
7f0195f99000-7f0196198000 ---p 00017000 08:11 411382                     /usr/lib/jvm/java-8-openjdk-amd64/jre/lib/amd64/libnet.so
7f0196198000-7f0196199000 r--p 00016000 08:11 411382                     /usr/lib/jvm/java-8-openjdk-amd64/jre/lib/amd64/libnet.so
7f0196199000-7f019619a000 rw-p 00017000 08:11 411382                     /usr/lib/jvm/java-8-openjdk-amd64/jre/lib/amd64/libnet.so
7f019619a000-7f019619b000 ---p 00000000 00:00 0 
7f019619b000-7f019629b000 rw-p 00000000 00:00 0 
7f019629b000-7f019629e000 ---p 00000000 00:00 0 
7f019629e000-7f019639c000 rw-p 00000000 00:00 0 
7f019639c000-7f019639f000 ---p 00000000 00:00 0 
7f019639f000-7f019649d000 rw-p 00000000 00:00 0 
7f019649d000-7f01964a0000 ---p 00000000 00:00 0 
7f01964a0000-7f019659e000 rw-p 00000000 00:00 0 
7f019659e000-7f01965a1000 ---p 00000000 00:00 0 
7f01965a1000-7f019669f000 rw-p 00000000 00:00 0 
7f019669f000-7f01966a2000 ---p 00000000 00:00 0 
7f01966a2000-7f01967a0000 rw-p 00000000 00:00 0 
7f01967a0000-7f019715f000 r--p 00000000 08:11 271811                     /usr/lib/locale/locale-archive
7f019715f000-7f0197162000 ---p 00000000 00:00 0 
7f0197162000-7f0197260000 rw-p 00000000 00:00 0 
7f0197260000-7f0197263000 ---p 00000000 00:00 0 
7f0197263000-7f0197361000 rw-p 00000000 00:00 0 
7f0197361000-7f0197362000 ---p 00000000 00:00 0 
7f0197362000-7f019c000000 rw-p 00000000 00:00 0 
7f019c000000-7f019c021000 rw-p 00000000 00:00 0 
7f019c021000-7f01a0000000 ---p 00000000 00:00 0 
7f01a0000000-7f01a0025000 rw-p 00000000 00:00 0 
7f01a0025000-7f01a4000000 ---p 00000000 00:00 0 
7f01a4000000-7f01a4040000 rw-p 00000000 00:00 0 
7f01a4040000-7f01a8000000 ---p 00000000 00:00 0 
7f01a8000000-7f01a8021000 rw-p 00000000 00:00 0 
7f01a8021000-7f01ac000000 ---p 00000000 00:00 0 
7f01ac000000-7f01ac001000 r--s 00000000 08:16 950430                     /home/brill/.gradle/wrapper/dists/gradle-2.14.1-all/8bnwg5hd3w55iofp58khbp6yv/gradle-2.14.1/lib/javax.inject-1.jar
7f01ac001000-7f01ac006000 r--s 00038000 08:16 950425                     /home/brill/.gradle/wrapper/dists/gradle-2.14.1-all/8bnwg5hd3w55iofp58khbp6yv/gradle-2.14.1/lib/asm-all-5.1.jar
7f01ac006000-7f01ac00b000 r--s 00041000 08:16 950420                     /home/brill/.gradle/wrapper/dists/gradle-2.14.1-all/8bnwg5hd3w55iofp58khbp6yv/gradle-2.14.1/lib/commons-lang-2.6.jar
7f01ac00b000-7f01ac02a000 r--s 001d1000 08:16 950426                     /home/brill/.gradle/wrapper/dists/gradle-2.14.1-all/8bnwg5hd3w55iofp58khbp6yv/gradle-2.14.1/lib/ant-1.9.6.jar
7f01ac02a000-7f01ac032000 r--s 0003a000 08:16 950411                     /home/brill/.gradle/wrapper/dists/gradle-2.14.1-all/8bnwg5hd3w55iofp58khbp6yv/gradle-2.14.1/lib/gradle-base-services-2.14.1.jar
7f01ac032000-7f01ac03d000 r--s 00051000 08:16 950408                     /home/brill/.gradle/wrapper/dists/gradle-2.14.1-all/8bnwg5hd3w55iofp58khbp6yv/gradle-2.14.1/lib/gradle-launcher-2.14.1.jar
7f01ac03d000-7f01ac042000 r--s 0009a000 08:11 411403                     /usr/lib/jvm/java-8-openjdk-amd64/jre/lib/jsse.jar
7f01ac042000-7f01ac05d000 r--s 001d6000 08:11 411345                     /usr/lib/jvm/java-8-openjdk-amd64/jre/lib/ext/nashorn.jar
7f01ac05d000-7f01ac1e2000 rw-p 00000000 00:00 0 
7f01ac1e2000-7f01ac3b1000 r--s 03c21000 08:11 411338                     /usr/lib/jvm/java-8-openjdk-amd64/jre/lib/rt.jar
7f01ac3b1000-7f01ad000000 rw-p 00000000 00:00 0 
7f01ad000000-7f01ae530000 rwxp 00000000 00:00 0 
7f01ae530000-7f01bc000000 ---p 00000000 00:00 0 
7f01bc000000-7f01bdf41000 rw-p 00000000 00:00 0 
7f01bdf41000-7f01c0000000 ---p 00000000 00:00 0 
7f01c0000000-7f01c0001000 r--s 00000000 08:16 950429                     /home/brill/.gradle/wrapper/dists/gradle-2.14.1-all/8bnwg5hd3w55iofp58khbp6yv/gradle-2.14.1/lib/jcip-annotations-1.0.jar
7f01c0001000-7f01c0002000 r--s 00001000 08:16 950421                     /home/brill/.gradle/wrapper/dists/gradle-2.14.1-all/8bnwg5hd3w55iofp58khbp6yv/gradle-2.14.1/lib/gradle-process-services-2.14.1.jar
7f01c0002000-7f01c001d000 r--s 00394000 08:11 411343                     /usr/lib/jvm/java-8-openjdk-amd64/jre/lib/ext/cldrdata.jar
7f01c001d000-7f01c006b000 rw-p 00000000 00:00 0 
7f01c006b000-7f01c006c000 ---p 00000000 00:00 0 
7f01c006c000-7f01c016c000 rw-p 00000000 00:00 0 
7f01c016c000-7f01c016d000 ---p 00000000 00:00 0 
7f01c016d000-7f01c026d000 rw-p 00000000 00:00 0 
7f01c026d000-7f01c026e000 ---p 00000000 00:00 0 
7f01c026e000-7f01c036e000 rw-p 00000000 00:00 0 
7f01c036e000-7f01c036f000 ---p 00000000 00:00 0 
7f01c036f000-7f01c0490000 rw-p 00000000 00:00 0 
7f01c0490000-7f01c0700000 ---p 00000000 00:00 0 
7f01c0700000-7f01c0721000 rw-p 00000000 00:00 0 
7f01c0721000-7f01c0990000 ---p 00000000 00:00 0 
7f01c0990000-7f01c09ca000 rw-p 00000000 00:00 0 
7f01c09ca000-7f01c0ad9000 ---p 00000000 00:00 0 
7f01c0ad9000-7f01c0b2f000 rw-p 00000000 00:00 0 
7f01c0b2f000-7f01c0e9a000 ---p 00000000 00:00 0 
7f01c0e9a000-7f01c0ea2000 r-xp 00000000 08:11 411389                     /usr/lib/jvm/java-8-openjdk-amd64/jre/lib/amd64/libzip.so
7f01c0ea2000-7f01c10a1000 ---p 00008000 08:11 411389                     /usr/lib/jvm/java-8-openjdk-amd64/jre/lib/amd64/libzip.so
7f01c10a1000-7f01c10a2000 r--p 00007000 08:11 411389                     /usr/lib/jvm/java-8-openjdk-amd64/jre/lib/amd64/libzip.so
7f01c10a2000-7f01c10a3000 rw-p 00008000 08:11 411389                     /usr/lib/jvm/java-8-openjdk-amd64/jre/lib/amd64/libzip.so
7f01c10a3000-7f01c10ae000 r-xp 00000000 08:11 793734                     /lib/x86_64-linux-gnu/libnss_files-2.23.so
7f01c10ae000-7f01c12ad000 ---p 0000b000 08:11 793734                     /lib/x86_64-linux-gnu/libnss_files-2.23.so
7f01c12ad000-7f01c12ae000 r--p 0000a000 08:11 793734                     /lib/x86_64-linux-gnu/libnss_files-2.23.so
7f01c12ae000-7f01c12af000 rw-p 0000b000 08:11 793734                     /lib/x86_64-linux-gnu/libnss_files-2.23.so
7f01c12af000-7f01c12b5000 rw-p 00000000 00:00 0 
7f01c12b5000-7f01c12c0000 r-xp 00000000 08:11 793744                     /lib/x86_64-linux-gnu/libnss_nis-2.23.so
7f01c12c0000-7f01c14bf000 ---p 0000b000 08:11 793744                     /lib/x86_64-linux-gnu/libnss_nis-2.23.so
7f01c14bf000-7f01c14c0000 r--p 0000a000 08:11 793744                     /lib/x86_64-linux-gnu/libnss_nis-2.23.so
7f01c14c0000-7f01c14c1000 rw-p 0000b000 08:11 793744                     /lib/x86_64-linux-gnu/libnss_nis-2.23.so
7f01c14c1000-7f01c14d7000 r-xp 00000000 08:11 793728                     /lib/x86_64-linux-gnu/libnsl-2.23.so
7f01c14d7000-7f01c16d6000 ---p 00016000 08:11 793728                     /lib/x86_64-linux-gnu/libnsl-2.23.so
7f01c16d6000-7f01c16d7000 r--p 00015000 08:11 793728                     /lib/x86_64-linux-gnu/libnsl-2.23.so
7f01c16d7000-7f01c16d8000 rw-p 00016000 08:11 793728                     /lib/x86_64-linux-gnu/libnsl-2.23.so
7f01c16d8000-7f01c16da000 rw-p 00000000 00:00 0 
7f01c16da000-7f01c16e2000 r-xp 00000000 08:11 793730                     /lib/x86_64-linux-gnu/libnss_compat-2.23.so
7f01c16e2000-7f01c18e1000 ---p 00008000 08:11 793730                     /lib/x86_64-linux-gnu/libnss_compat-2.23.so
7f01c18e1000-7f01c18e2000 r--p 00007000 08:11 793730                     /lib/x86_64-linux-gnu/libnss_compat-2.23.so
7f01c18e2000-7f01c18e3000 rw-p 00008000 08:11 793730                     /lib/x86_64-linux-gnu/libnss_compat-2.23.so
7f01c18e3000-7f01c1910000 r-xp 00000000 08:11 411370                     /usr/lib/jvm/java-8-openjdk-amd64/jre/lib/amd64/libjava.so
7f01c1910000-7f01c1b0f000 ---p 0002d000 08:11 411370                     /usr/lib/jvm/java-8-openjdk-amd64/jre/lib/amd64/libjava.so
7f01c1b0f000-7f01c1b10000 r--p 0002c000 08:11 411370                     /usr/lib/jvm/java-8-openjdk-amd64/jre/lib/amd64/libjava.so
7f01c1b10000-7f01c1b12000 rw-p 0002d000 08:11 411370                     /usr/lib/jvm/java-8-openjdk-amd64/jre/lib/amd64/libjava.so
7f01c1b12000-7f01c1b21000 r-xp 00000000 08:11 411387                     /usr/lib/jvm/java-8-openjdk-amd64/jre/lib/amd64/libverify.so
7f01c1b21000-7f01c1d20000 ---p 0000f000 08:11 411387                     /usr/lib/jvm/java-8-openjdk-amd64/jre/lib/amd64/libverify.so
7f01c1d20000-7f01c1d22000 r--p 0000e000 08:11 411387                     /usr/lib/jvm/java-8-openjdk-amd64/jre/lib/amd64/libverify.so
7f01c1d22000-7f01c1d23000 rw-p 00010000 08:11 411387                     /usr/lib/jvm/java-8-openjdk-amd64/jre/lib/amd64/libverify.so
7f01c1d23000-7f01c1d2a000 r-xp 00000000 08:11 793789                     /lib/x86_64-linux-gnu/librt-2.23.so
7f01c1d2a000-7f01c1f29000 ---p 00007000 08:11 793789                     /lib/x86_64-linux-gnu/librt-2.23.so
7f01c1f29000-7f01c1f2a000 r--p 00006000 08:11 793789                     /lib/x86_64-linux-gnu/librt-2.23.so
7f01c1f2a000-7f01c1f2b000 rw-p 00007000 08:11 793789                     /lib/x86_64-linux-gnu/librt-2.23.so
7f01c1f2b000-7f01c1f41000 r-xp 00000000 08:11 793673                     /lib/x86_64-linux-gnu/libgcc_s.so.1
7f01c1f41000-7f01c2140000 ---p 00016000 08:11 793673                     /lib/x86_64-linux-gnu/libgcc_s.so.1
7f01c2140000-7f01c2141000 rw-p 00015000 08:11 793673                     /lib/x86_64-linux-gnu/libgcc_s.so.1
7f01c2141000-7f01c2249000 r-xp 00000000 08:11 793705                     /lib/x86_64-linux-gnu/libm-2.23.so
7f01c2249000-7f01c2448000 ---p 00108000 08:11 793705                     /lib/x86_64-linux-gnu/libm-2.23.so
7f01c2448000-7f01c2449000 r--p 00107000 08:11 793705                     /lib/x86_64-linux-gnu/libm-2.23.so
7f01c2449000-7f01c244a000 rw-p 00108000 08:11 793705                     /lib/x86_64-linux-gnu/libm-2.23.so
7f01c244a000-7f01c25bc000 r-xp 00000000 08:11 262849                     /usr/lib/x86_64-linux-gnu/libstdc++.so.6.0.21
7f01c25bc000-7f01c27bc000 ---p 00172000 08:11 262849                     /usr/lib/x86_64-linux-gnu/libstdc++.so.6.0.21
7f01c27bc000-7f01c27c6000 r--p 00172000 08:11 262849                     /usr/lib/x86_64-linux-gnu/libstdc++.so.6.0.21
7f01c27c6000-7f01c27c8000 rw-p 0017c000 08:11 262849                     /usr/lib/x86_64-linux-gnu/libstdc++.so.6.0.21
7f01c27c8000-7f01c27cc000 rw-p 00000000 00:00 0 
7f01c27cc000-7f01c341e000 r-xp 00000000 08:11 411381                     /usr/lib/jvm/java-8-openjdk-amd64/jre/lib/amd64/server/libjvm.so
7f01c341e000-7f01c361e000 ---p 00c52000 08:11 411381                     /usr/lib/jvm/java-8-openjdk-amd64/jre/lib/amd64/server/libjvm.so
7f01c361e000-7f01c36b1000 r--p 00c52000 08:11 411381                     /usr/lib/jvm/java-8-openjdk-amd64/jre/lib/amd64/server/libjvm.so
7f01c36b1000-7f01c36da000 rw-p 00ce5000 08:11 411381                     /usr/lib/jvm/java-8-openjdk-amd64/jre/lib/amd64/server/libjvm.so
7f01c36da000-7f01c370a000 rw-p 00000000 00:00 0 
7f01c370a000-7f01c3722000 r-xp 00000000 08:11 793781                     /lib/x86_64-linux-gnu/libpthread-2.23.so
7f01c3722000-7f01c3921000 ---p 00018000 08:11 793781                     /lib/x86_64-linux-gnu/libpthread-2.23.so
7f01c3921000-7f01c3922000 r--p 00017000 08:11 793781                     /lib/x86_64-linux-gnu/libpthread-2.23.so
7f01c3922000-7f01c3923000 rw-p 00018000 08:11 793781                     /lib/x86_64-linux-gnu/libpthread-2.23.so
7f01c3923000-7f01c3927000 rw-p 00000000 00:00 0 
7f01c3927000-7f01c392a000 r-xp 00000000 08:11 793659                     /lib/x86_64-linux-gnu/libdl-2.23.so
7f01c392a000-7f01c3b29000 ---p 00003000 08:11 793659                     /lib/x86_64-linux-gnu/libdl-2.23.so
7f01c3b29000-7f01c3b2a000 r--p 00002000 08:11 793659                     /lib/x86_64-linux-gnu/libdl-2.23.so
7f01c3b2a000-7f01c3b2b000 rw-p 00003000 08:11 793659                     /lib/x86_64-linux-gnu/libdl-2.23.so
7f01c3b2b000-7f01c3b44000 r-xp 00000000 08:11 793826                     /lib/x86_64-linux-gnu/libz.so.1.2.8
7f01c3b44000-7f01c3d43000 ---p 00019000 08:11 793826                     /lib/x86_64-linux-gnu/libz.so.1.2.8
7f01c3d43000-7f01c3d44000 r--p 00018000 08:11 793826                     /lib/x86_64-linux-gnu/libz.so.1.2.8
7f01c3d44000-7f01c3d45000 rw-p 00019000 08:11 793826                     /lib/x86_64-linux-gnu/libz.so.1.2.8
7f01c3d45000-7f01c3f05000 r-xp 00000000 08:11 793635                     /lib/x86_64-linux-gnu/libc-2.23.so
7f01c3f05000-7f01c4105000 ---p 001c0000 08:11 793635                     /lib/x86_64-linux-gnu/libc-2.23.so
7f01c4105000-7f01c4109000 r--p 001c0000 08:11 793635                     /lib/x86_64-linux-gnu/libc-2.23.so
7f01c4109000-7f01c410b000 rw-p 001c4000 08:11 793635                     /lib/x86_64-linux-gnu/libc-2.23.so
7f01c410b000-7f01c410f000 rw-p 00000000 00:00 0 
7f01c410f000-7f01c411c000 r-xp 00000000 08:11 411385                     /usr/lib/jvm/java-8-openjdk-amd64/jre/lib/amd64/jli/libjli.so
7f01c411c000-7f01c431c000 ---p 0000d000 08:11 411385                     /usr/lib/jvm/java-8-openjdk-amd64/jre/lib/amd64/jli/libjli.so
7f01c431c000-7f01c431d000 r--p 0000d000 08:11 411385                     /usr/lib/jvm/java-8-openjdk-amd64/jre/lib/amd64/jli/libjli.so
7f01c431d000-7f01c431e000 rw-p 0000e000 08:11 411385                     /usr/lib/jvm/java-8-openjdk-amd64/jre/lib/amd64/jli/libjli.so
7f01c431e000-7f01c4344000 r-xp 00000000 08:11 793607                     /lib/x86_64-linux-gnu/ld-2.23.so
7f01c4344000-7f01c4345000 r--s 00000000 08:16 950412                     /home/brill/.gradle/wrapper/dists/gradle-2.14.1-all/8bnwg5hd3w55iofp58khbp6yv/gradle-2.14.1/lib/gradle-jvm-services-2.14.1.jar
7f01c4345000-7f01c4346000 r--s 00007000 08:16 950418                     /home/brill/.gradle/wrapper/dists/gradle-2.14.1-all/8bnwg5hd3w55iofp58khbp6yv/gradle-2.14.1/lib/slf4j-api-1.7.10.jar
7f01c4346000-7f01c4348000 r--s 0000b000 08:16 6951896                    /home/brill/react_native_lab/Ab24_Live/android/gradle/wrapper/gradle-wrapper.jar
7f01c4348000-7f01c434c000 r--s 00037000 08:11 411349                     /usr/lib/jvm/java-8-openjdk-amd64/jre/lib/ext/sunpkcs11.jar
7f01c434c000-7f01c4356000 r--s 00116000 08:11 411348                     /usr/lib/jvm/java-8-openjdk-amd64/jre/lib/ext/localedata.jar
7f01c4356000-7f01c4421000 rw-p 00000000 00:00 0 
7f01c4421000-7f01c4424000 ---p 00000000 00:00 0 
7f01c4424000-7f01c4527000 rw-p 00000000 00:00 0 
7f01c4527000-7f01c4528000 r--s 00004000 08:16 950442                     /home/brill/.gradle/wrapper/dists/gradle-2.14.1-all/8bnwg5hd3w55iofp58khbp6yv/gradle-2.14.1/lib/ant-launcher-1.9.6.jar
7f01c4528000-7f01c452a000 r--s 00008000 08:11 411347                     /usr/lib/jvm/java-8-openjdk-amd64/jre/lib/ext/sunec.jar
7f01c452a000-7f01c452d000 r--s 0000f000 08:11 411342                     /usr/lib/jvm/java-8-openjdk-amd64/jre/lib/ext/icedtea-sound.jar
7f01c452d000-7f01c452e000 r--s 0000a000 08:11 411350                     /usr/lib/jvm/java-8-openjdk-amd64/jre/lib/ext/jaccess.jar
7f01c452e000-7f01c452f000 r--s 00010000 08:11 411344                     /usr/lib/jvm/java-8-openjdk-amd64/jre/lib/ext/zipfs.jar
7f01c452f000-7f01c4531000 r--s 00001000 08:11 411351                     /usr/lib/jvm/java-8-openjdk-amd64/jre/lib/ext/dnsns.jar
7f01c4531000-7f01c4537000 r--s 0003a000 08:11 411346                     /usr/lib/jvm/java-8-openjdk-amd64/jre/lib/ext/sunjce_provider.jar
7f01c4537000-7f01c453f000 rw-s 00000000 08:11 151811                     /tmp/hsperfdata_brill/7510
7f01c453f000-7f01c4540000 rw-p 00000000 00:00 0 
7f01c4540000-7f01c4541000 r--p 00000000 00:00 0 
7f01c4541000-7f01c4543000 rw-p 00000000 00:00 0 
7f01c4543000-7f01c4544000 r--p 00025000 08:11 793607                     /lib/x86_64-linux-gnu/ld-2.23.so
7f01c4544000-7f01c4545000 rw-p 00026000 08:11 793607                     /lib/x86_64-linux-gnu/ld-2.23.so
7f01c4545000-7f01c4546000 rw-p 00000000 00:00 0 
7fffc71b5000-7fffc71d6000 rw-p 00000000 00:00 0                          [stack]
7fffc71db000-7fffc71dd000 r--p 00000000 00:00 0                          [vvar]
7fffc71dd000-7fffc71df000 r-xp 00000000 00:00 0                          [vdso]
ffffffffff600000-ffffffffff601000 r-xp 00000000 00:00 0                  [vsyscall]

VM Arguments:
jvm_args: -Dorg.gradle.appname=gradlew 
java_command: org.gradle.wrapper.GradleWrapperMain installRelease
java_class_path (initial): /home/brill/react_native_lab/Ab24_Live/android/gradle/wrapper/gradle-wrapper.jar
Launcher Type: SUN_STANDARD

Environment Variables:
PATH=/home/brill/.nvm/versions/node/v9.2.0/bin:/home/brill/bin:/home/brill/.local/bin:/usr/local/sbin:/usr/local/bin:/usr/sbin:/usr/bin:/sbin:/bin:/usr/games:/usr/local/games:/snap/bin:/home/brill/Android/Sdk/platform-tools
SHELL=/bin/bash
DISPLAY=:0

Signal Handlers:
SIGSEGV: [libjvm.so+0xa69040], sa_mask[0]=11111111011111111101111111111110, sa_flags=SA_RESTART|SA_SIGINFO
SIGBUS: [libjvm.so+0xa69040], sa_mask[0]=11111111011111111101111111111110, sa_flags=SA_RESTART|SA_SIGINFO
SIGFPE: [libjvm.so+0x8b2170], sa_mask[0]=11111111011111111101111111111110, sa_flags=SA_RESTART|SA_SIGINFO
SIGPIPE: [libjvm.so+0x8b2170], sa_mask[0]=11111111011111111101111111111110, sa_flags=SA_RESTART|SA_SIGINFO
SIGXFSZ: [libjvm.so+0x8b2170], sa_mask[0]=11111111011111111101111111111110, sa_flags=SA_RESTART|SA_SIGINFO
SIGILL: [libjvm.so+0x8b2170], sa_mask[0]=11111111011111111101111111111110, sa_flags=SA_RESTART|SA_SIGINFO
SIGUSR1: SIG_DFL, sa_mask[0]=00000000000000000000000000000000, sa_flags=none
SIGUSR2: [libjvm.so+0x8b2020], sa_mask[0]=00000000000000000000000000000000, sa_flags=SA_RESTART|SA_SIGINFO
SIGHUP: [libjvm.so+0x8b24f0], sa_mask[0]=11111111011111111101111111111110, sa_flags=SA_RESTART|SA_SIGINFO
SIGINT: [libjvm.so+0x8b24f0], sa_mask[0]=11111111011111111101111111111110, sa_flags=SA_RESTART|SA_SIGINFO
SIGTERM: [libjvm.so+0x8b24f0], sa_mask[0]=11111111011111111101111111111110, sa_flags=SA_RESTART|SA_SIGINFO
SIGQUIT: [libjvm.so+0x8b24f0], sa_mask[0]=11111111011111111101111111111110, sa_flags=SA_RESTART|SA_SIGINFO


---------------  S Y S T E M  ---------------

OS:DISTRIB_ID=Ubuntu
DISTRIB_RELEASE=16.04
DISTRIB_CODENAME=xenial
DISTRIB_DESCRIPTION="Ubuntu 16.04.3 LTS"

uname:Linux 4.10.0-40-generic #44~16.04.1-Ubuntu SMP Thu Nov 9 15:37:44 UTC 2017 x86_64
libc:glibc 2.23 NPTL 2.23 
rlimit: STACK 8192k, CORE 0k, NPROC 31327, NOFILE 1048576, AS infinity
load average:4.40 2.13 1.92

/proc/meminfo:
MemTotal:        8064260 kB
MemFree:         1829952 kB
MemAvailable:    2357752 kB
Buffers:           64040 kB
Cached:          1105344 kB
SwapCached:        93208 kB
Active:          4621972 kB
Inactive:        1098240 kB
Active(anon):    4310976 kB
Inactive(anon):   845480 kB
Active(file):     310996 kB
Inactive(file):   252760 kB
Unevictable:         152 kB
Mlocked:             152 kB
SwapTotal:      14647292 kB
SwapFree:       13876308 kB
Dirty:             11604 kB
Writeback:             0 kB
AnonPages:       4384152 kB
Mapped:           593732 kB
Shmem:            605592 kB
Slab:             336800 kB
SReclaimable:     267380 kB
SUnreclaim:        69420 kB
KernelStack:       18240 kB
PageTables:        81748 kB
NFS_Unstable:          0 kB
Bounce:                0 kB
WritebackTmp:          0 kB
CommitLimit:    18679420 kB
Committed_AS:   15702816 kB
VmallocTotal:   34359738367 kB
VmallocUsed:           0 kB
VmallocChunk:          0 kB
HardwareCorrupted:     0 kB
AnonHugePages:   1284096 kB
ShmemHugePages:        0 kB
ShmemPmdMapped:        0 kB
CmaTotal:              0 kB
CmaFree:               0 kB
HugePages_Total:       0
HugePages_Free:        0
HugePages_Rsvd:        0
HugePages_Surp:        0
Hugepagesize:       2048 kB
DirectMap4k:      311372 kB
DirectMap2M:     7968768 kB


CPU:total 4 (initial active 4) (2 cores per cpu, 2 threads per core) family 6 model 42 stepping 7, cmov, cx8, fxsr, mmx, sse, sse2, sse3, ssse3, sse4.1, sse4.2, popcnt, avx, clmul, ht, tsc, tscinvbit

/proc/cpuinfo:
processor	: 0
vendor_id	: GenuineIntel
cpu family	: 6
model		: 42
model name	: Intel(R) Core(TM) i3-2120 CPU @ 3.30GHz
stepping	: 7
microcode	: 0x26
cpu MHz		: 3299.798
cache size	: 3072 KB
physical id	: 0
siblings	: 4
core id		: 0
cpu cores	: 2
apicid		: 0
initial apicid	: 0
fpu		: yes
fpu_exception	: yes
cpuid level	: 13
wp		: yes
flags		: fpu vme de pse tsc msr pae mce cx8 apic sep mtrr pge mca cmov pat pse36 clflush dts acpi mmx fxsr sse sse2 ss ht tm pbe syscall nx rdtscp lm constant_tsc arch_perfmon pebs bts rep_good nopl xtopology nonstop_tsc aperfmperf pni pclmulqdq dtes64 monitor ds_cpl vmx est tm2 ssse3 cx16 xtpr pdcm pcid sse4_1 sse4_2 popcnt tsc_deadline_timer xsave avx lahf_lm epb tpr_shadow vnmi flexpriority ept vpid xsaveopt dtherm arat pln pts
bugs		:
bogomips	: 6584.88
clflush size	: 64
cache_alignment	: 64
address sizes	: 36 bits physical, 48 bits virtual
power management:

processor	: 1
vendor_id	: GenuineIntel
cpu family	: 6
model		: 42
model name	: Intel(R) Core(TM) i3-2120 CPU @ 3.30GHz
stepping	: 7
microcode	: 0x26
cpu MHz		: 3300.000
cache size	: 3072 KB
physical id	: 0
siblings	: 4
core id		: 1
cpu cores	: 2
apicid		: 2
initial apicid	: 2
fpu		: yes
fpu_exception	: yes
cpuid level	: 13
wp		: yes
flags		: fpu vme de pse tsc msr pae mce cx8 apic sep mtrr pge mca cmov pat pse36 clflush dts acpi mmx fxsr sse sse2 ss ht tm pbe syscall nx rdtscp lm constant_tsc arch_perfmon pebs bts rep_good nopl xtopology nonstop_tsc aperfmperf pni pclmulqdq dtes64 monitor ds_cpl vmx est tm2 ssse3 cx16 xtpr pdcm pcid sse4_1 sse4_2 popcnt tsc_deadline_timer xsave avx lahf_lm epb tpr_shadow vnmi flexpriority ept vpid xsaveopt dtherm arat pln pts
bugs		:
bogomips	: 6584.88
clflush size	: 64
cache_alignment	: 64
address sizes	: 36 bits physical, 48 bits virtual
power management:

processor	: 2
vendor_id	: GenuineIntel
cpu family	: 6
model		: 42
model name	: Intel(R) Core(TM) i3-2120 CPU @ 3.30GHz
stepping	: 7
microcode	: 0x26
cpu MHz		: 3300.000
cache size	: 3072 KB
physical id	: 0
siblings	: 4
core id		: 0
cpu cores	: 2
apicid		: 1
initial apicid	: 1
fpu		: yes
fpu_exception	: yes
cpuid level	: 13
wp		: yes
flags		: fpu vme de pse tsc msr pae mce cx8 apic sep mtrr pge mca cmov pat pse36 clflush dts acpi mmx fxsr sse sse2 ss ht tm pbe syscall nx rdtscp lm constant_tsc arch_perfmon pebs bts rep_good nopl xtopology nonstop_tsc aperfmperf pni pclmulqdq dtes64 monitor ds_cpl vmx est tm2 ssse3 cx16 xtpr pdcm pcid sse4_1 sse4_2 popcnt tsc_deadline_timer xsave avx lahf_lm epb tpr_shadow vnmi flexpriority ept vpid xsaveopt dtherm arat pln pts
bugs		:
bogomips	: 6584.88
clflush size	: 64
cache_alignment	: 64
address sizes	: 36 bits physical, 48 bits virtual
power management:

processor	: 3
vendor_id	: GenuineIntel
cpu family	: 6
model		: 42
model name	: Intel(R) Core(TM) i3-2120 CPU @ 3.30GHz
stepping	: 7
microcode	: 0x26
cpu MHz		: 3299.798
cache size	: 3072 KB
physical id	: 0
siblings	: 4
core id		: 1
cpu cores	: 2
apicid		: 3
initial apicid	: 3
fpu		: yes
fpu_exception	: yes
cpuid level	: 13
wp		: yes
flags		: fpu vme de pse tsc msr pae mce cx8 apic sep mtrr pge mca cmov pat pse36 clflush dts acpi mmx fxsr sse sse2 ss ht tm pbe syscall nx rdtscp lm constant_tsc arch_perfmon pebs bts rep_good nopl xtopology nonstop_tsc aperfmperf pni pclmulqdq dtes64 monitor ds_cpl vmx est tm2 ssse3 cx16 xtpr pdcm pcid sse4_1 sse4_2 popcnt tsc_deadline_timer xsave avx lahf_lm epb tpr_shadow vnmi flexpriority ept vpid xsaveopt dtherm arat pln pts
bugs		:
bogomips	: 6584.88
clflush size	: 64
cache_alignment	: 64
address sizes	: 36 bits physical, 48 bits virtual
power management:



Memory: 4k page, physical 8064260k(1829952k free), swap 14647292k(13876308k free)

vm_info: OpenJDK 64-Bit Server VM (25.151-b12) for linux-amd64 JRE (1.8.0_151-8u151-b12-0ubuntu0.16.04.2-b12), built on Oct 27 2017 21:59:02 by "buildd" with gcc 5.4.0 20160609

time: Fri Dec  8 18:24:31 2017
elapsed time: 66 seconds (0d 0h 1m 6s)

