#
# A fatal error has been detected by the Java Runtime Environment:
#
#  SIGSEGV (0xb) at pc=0x00007f91ef162e41, pid=23942, tid=0x00007f91ec6e4700
#
# JRE version: OpenJDK Runtime Environment (8.0_151-b12) (build 1.8.0_151-8u151-b12-0ubuntu0.16.04.2-b12)
# Java VM: OpenJDK 64-Bit Server VM (25.151-b12 mixed mode linux-amd64 compressed oops)
# Problematic frame:
# V  [libjvm.so+0x61fe41]
#
# Failed to write core dump. Core dumps have been disabled. To enable core dumping, try "ulimit -c unlimited" before starting Java again
#
# If you would like to submit a bug report, please visit:
#   http://bugreport.java.com/bugreport/crash.jsp
#

---------------  T H R E A D  ---------------

Current thread (0x00007f91e8020800):  GCTaskThread [stack: 0x00007f91ec5e4000,0x00007f91ec6e5000] [id=23952]

siginfo: si_signo: 11 (SIGSEGV), si_code: 128 (SI_KERNEL), si_addr: 0x0000000000000000

Registers:
RAX=0x0000000000000001, RBX=0x00007f91e8074120, RCX=0x0000000000000000, RDX=0x00007f91d0270000
RSP=0x00007f91ec6e3bb0, RBP=0x00007f91ec6e3c10, RSI=0x007fffffffbd9002, RDI=0x0000000000000d0a
R8 =0x00007f91efa642c0, R9 =0x0000000000000400, R10=0x0000000000000001, R11=0x0000000000040000
R12=0x00000000e4255650, R13=0x0000000100008bf8, R14=0x00000000e4255644, R15=0x0000000000000400
RIP=0x00007f91ef162e41, EFLAGS=0x0000000000010202, CSGSFS=0x002b000000000033, ERR=0x0000000000000000
  TRAPNO=0x000000000000000d

Top of Stack: (sp=0x00007f91ec6e3bb0)
0x00007f91ec6e3bb0:   00000000e4255030 00007f91e8074160
0x00007f91ec6e3bc0:   00000000e42555f8 0000000100008c00
0x00007f91ec6e3bd0:   00007f91efa642c0 0000000000000003
0x00007f91ec6e3be0:   00007f91e8074120 00007f91efa605cc
0x00007f91ec6e3bf0:   00007f91e80268d0 0000000000000001
0x00007f91ec6e3c00:   00007f91e8074120 00007f91e8074120
0x00007f91ec6e3c10:   00007f91ec6e3d10 00007f91ef456977
0x00007f91ec6e3c20:   0000000100005890 00000000e4bfd6cc
0x00007f91ec6e3c30:   00007f91e80741b0 00007f91ef174249
0x00007f91ec6e3c40:   00007f91ec6e3cc0 00007f91e8074130
0x00007f91ec6e3c50:   00000000000003d8 00000000dce7d470
0x00007f91ec6e3c60:   0000000000000000 0000000085648298
0x00007f91ec6e3c70:   00007f91ec6e3ce0 00000000e42555f8
0x00007f91ec6e3c80:   00007f91ec6e3d10 00007f91ef46950a
0x00007f91ec6e3c90:   00007f91ec6e3d10 00007f91ef468265
0x00007f91ec6e3ca0:   00007f91ec6e3cf0 7e889f863f466e00
0x00007f91ec6e3cb0:   0000000000000000 00007f91ec6e3d30
0x00007f91ec6e3cc0:   00007f91efa7a658 00007f91efa7a658
0x00007f91ec6e3cd0:   00007f91e8020800 7e889f863f466e00
0x00007f91ec6e3ce0:   00007f91ec6e3d10 00007f91ec6e3d30
0x00007f91ec6e3cf0:   00007f91e80268d0 00007f91ef624608
0x00007f91ec6e3d00:   00007f91e8020800 00007f91e8074120
0x00007f91ec6e3d10:   00007f91ec6e3e00 00007f91ef43b038
0x00007f91ec6e3d20:   00007f91ec6e3d70 00007f91ef3b8a3f
0x00007f91ec6e3d30:   00007f91ef9a43c0 0000000000000000
0x00007f91ec6e3d40:   00007f91e8074120 00007f91e801e740
0x00007f91ec6e3d50:   00007f91ef9a43f0 0000000000000000
0x00007f91ec6e3d60:   00007f91ec6e3d30 00007f91e8020800
0x00007f91ec6e3d70:   00007f91ec6e3dd0 00007f91ef3b9ca2
0x00007f91ec6e3d80:   00007f91e801e740 00007f91e801e760
0x00007f91ec6e3d90:   00007f91e801e7f0 00007f91e8020800
0x00007f91ec6e3da0:   00007f91ec6e3dd0 00007f91e801e6c0 

Instructions: (pc=0x00007f91ef162e41)
0x00007f91ef162e21:   49 8b 50 30 48 c1 e8 03 48 d3 e8 48 89 c1 48 89
0x00007f91ef162e31:   c6 b8 01 00 00 00 83 e1 3f 48 c1 ee 06 48 d3 e0
0x00007f91ef162e41:   48 85 04 f2 75 99 48 8d 05 5b 7b 8f 00 80 38 00
0x00007f91ef162e51:   0f 85 d9 00 00 00 49 8b 71 08 4c 89 ff 4c 89 45 

Register to memory mapping:

RAX=0x0000000000000001 is an unknown value
RBX=0x00007f91e8074120 is an unknown value
RCX=0x0000000000000000 is an unknown value
RDX=0x00007f91d0270000 is an unknown value
RSP=0x00007f91ec6e3bb0 is an unknown value
RBP=0x00007f91ec6e3c10 is an unknown value
RSI=0x007fffffffbd9002 is an unknown value
RDI=0x0000000000000d0a is an unknown value
R8 =0x00007f91efa642c0: <offset 0xf212c0> in /usr/lib/jvm/java-8-openjdk-amd64/jre/lib/amd64/server/libjvm.so at 0x00007f91eeb43000
R9 =0x0000000000000400 is an unknown value
R10=0x0000000000000001 is an unknown value
R11=0x0000000000040000 is an unknown value
R12=0x00000000e4255650 is an oop
org.codehaus.groovy.reflection.CachedMethod 
 - klass: 'org/codehaus/groovy/reflection/CachedMethod'
R13=0x0000000100008bf8 is pointing into metadata
R14=0x00000000e4255644 is an unknown value
R15=0x0000000000000400 is an unknown value


Stack: [0x00007f91ec5e4000,0x00007f91ec6e5000],  sp=0x00007f91ec6e3bb0,  free space=1022k
Native frames: (J=compiled Java code, j=interpreted, Vv=VM code, C=native code)
V  [libjvm.so+0x61fe41]
V  [libjvm.so+0x913977]
V  [libjvm.so+0x8f8038]
V  [libjvm.so+0x5a6d42]
V  [libjvm.so+0x8b4032]


---------------  P R O C E S S  ---------------

Java Threads: ( => current thread )
  0x00007f91e9b0c800 JavaThread "pool-2-thread-1" [_thread_blocked, id=23974, stack(0x00007f9198a2d000,0x00007f9198b2e000)]
  0x00007f91e9c97800 JavaThread "File lock request listener" [_thread_in_native, id=23972, stack(0x00007f91c0492000,0x00007f91c0593000)]
  0x00007f91e9bfc800 JavaThread "process reaper" daemon [_thread_blocked, id=23970, stack(0x00007f91c0edb000,0x00007f91c0f14000)]
  0x00007f91e92e8800 JavaThread "pool-1-thread-1" [_thread_blocked, id=23965, stack(0x00007f91c0993000,0x00007f91c0a94000)]
  0x00007f91e80d9000 JavaThread "Service Thread" daemon [_thread_blocked, id=23962, stack(0x00007f91c2631000,0x00007f91c2732000)]
  0x00007f91e80b1800 JavaThread "C1 CompilerThread2" daemon [_thread_blocked, id=23961, stack(0x00007f91c2732000,0x00007f91c2833000)]
  0x00007f91e80af800 JavaThread "C2 CompilerThread1" daemon [_thread_in_native, id=23960, stack(0x00007f91c2833000,0x00007f91c2934000)]
  0x00007f91e80ac800 JavaThread "C2 CompilerThread0" daemon [_thread_in_native, id=23959, stack(0x00007f91c2934000,0x00007f91c2a35000)]
  0x00007f91e80aa800 JavaThread "Signal Dispatcher" daemon [_thread_blocked, id=23958, stack(0x00007f91c2a35000,0x00007f91c2b36000)]
  0x00007f91e8083800 JavaThread "Finalizer" daemon [_thread_blocked, id=23957, stack(0x00007f91c34f5000,0x00007f91c35f6000)]
  0x00007f91e807f000 JavaThread "Reference Handler" daemon [_thread_blocked, id=23956, stack(0x00007f91c35f6000,0x00007f91c36f7000)]
  0x00007f91e800a000 JavaThread "main" [_thread_blocked, id=23950, stack(0x00007f91f079a000,0x00007f91f089b000)]

Other Threads:
  0x00007f91e8077000 VMThread [stack: 0x00007f91c36f7000,0x00007f91c37f8000] [id=23955]
  0x00007f91e80db800 WatcherThread [stack: 0x00007f91c2530000,0x00007f91c2631000] [id=23963]

=>0x00007f91e8020800 (exited) GCTaskThread [stack: 0x00007f91ec5e4000,0x00007f91ec6e5000] [id=23952]

VM state:at safepoint (normal execution)

VM Mutex/Monitor currently owned by a thread:  ([mutex/lock_event])
[0x00007f91e80061f0] Threads_lock - owner thread: 0x00007f91e8077000
[0x00007f91e80066f0] Heap_lock - owner thread: 0x00007f91e800a000

Heap:
 PSYoungGen      total 211456K, used 13809K [0x00000000d6f80000, 0x00000000e5380000, 0x0000000100000000)
  eden space 197632K, 0% used [0x00000000d6f80000,0x00000000d6f80000,0x00000000e3080000)
  from space 13824K, 99% used [0x00000000e4100000,0x00000000e4e7c6b0,0x00000000e4e80000)
  to   space 16896K, 0% used [0x00000000e3080000,0x00000000e3080000,0x00000000e4100000)
 ParOldGen       total 58880K, used 16639K [0x0000000084e00000, 0x0000000088780000, 0x00000000d6f80000)
  object space 58880K, 28% used [0x0000000084e00000,0x0000000085e3fdc8,0x0000000088780000)
 Metaspace       used 34683K, capacity 35340K, committed 35496K, reserved 1079296K
  class space    used 4655K, capacity 4851K, committed 4864K, reserved 1048576K

Card table byte_map: [0x00007f91eca77000,0x00007f91ece51000] byte_map_base: 0x00007f91ec650000

Marking Bits: (ParMarkBitMap*) 0x00007f91efa642c0
 Begin Bits: [0x00007f91d0270000, 0x00007f91d2138000)
 End Bits:   [0x00007f91d2138000, 0x00007f91d4000000)

Polling page: 0x00007f91f08b7000

CodeCache: size=245760Kb used=11658Kb max_used=11658Kb free=234101Kb
 bounds [0x00007f91d9000000, 0x00007f91d9b70000, 0x00007f91e8000000]
 total_blobs=4014 nmethods=3350 adapters=578
 compilation: enabled

Compilation events (10 events):
Event: 11.509 Thread 0x00007f91e80b1800 3407   !   2       org.codehaus.groovy.reflection.stdclasses.CachedSAMClass::getSAMMethod (181 bytes)
Event: 11.510 Thread 0x00007f91e80b1800 nmethod 3407 0x00007f91d9b5cad0 code [0x00007f91d9b5cd80, 0x00007f91d9b5d748]
Event: 11.516 Thread 0x00007f91e80b1800 3408       2       java.beans.Introspector::getTargetEventInfo (1082 bytes)
Event: 11.533 Thread 0x00007f91e80b1800 nmethod 3408 0x00007f91d9b5e0d0 code [0x00007f91d9b5e8e0, 0x00007f91d9b61558]
Event: 11.539 Thread 0x00007f91e80b1800 3409       2       java.beans.PropertyDescriptor::<init> (112 bytes)
Event: 11.539 Thread 0x00007f91e80b1800 nmethod 3409 0x00007f91d9b65f90 code [0x00007f91d9b66140, 0x00007f91d9b664e8]
Event: 11.539 Thread 0x00007f91e80b1800 3410   !   2       java.beans.PropertyDescriptor::updateGenericsFor (37 bytes)
Event: 11.540 Thread 0x00007f91e80b1800 nmethod 3410 0x00007f91d9b666d0 code [0x00007f91d9b668c0, 0x00007f91d9b66dd8]
Event: 11.540 Thread 0x00007f91e80b1800 3411       1       java.util.concurrent.CopyOnWriteArrayList::getArray (5 bytes)
Event: 11.540 Thread 0x00007f91e80b1800 nmethod 3411 0x00007f91d9b67290 code [0x00007f91d9b673e0, 0x00007f91d9b674f0]

GC Heap History (10 events):
Event: 2.659 GC heap after
Heap after GC invocations=3 (full 0):
 PSYoungGen      total 68608K, used 5088K [0x00000000d6f80000, 0x00000000df580000, 0x0000000100000000)
  eden space 63488K, 0% used [0x00000000d6f80000,0x00000000d6f80000,0x00000000dad80000)
  from space 5120K, 99% used [0x00000000dad80000,0x00000000db278040,0x00000000db280000)
  to   space 5120K, 0% used [0x00000000df080000,0x00000000df080000,0x00000000df580000)
 ParOldGen       total 84992K, used 6895K [0x0000000084e00000, 0x000000008a100000, 0x00000000d6f80000)
  object space 84992K, 8% used [0x0000000084e00000,0x00000000854bbe20,0x000000008a100000)
 Metaspace       used 18938K, capacity 19208K, committed 19584K, reserved 1067008K
  class space    used 2494K, capacity 2603K, committed 2688K, reserved 1048576K
}
Event: 3.396 GC heap before
{Heap before GC invocations=4 (full 0):
 PSYoungGen      total 68608K, used 30751K [0x00000000d6f80000, 0x00000000df580000, 0x0000000100000000)
  eden space 63488K, 40% used [0x00000000d6f80000,0x00000000d888ff48,0x00000000dad80000)
  from space 5120K, 99% used [0x00000000dad80000,0x00000000db278040,0x00000000db280000)
  to   space 5120K, 0% used [0x00000000df080000,0x00000000df080000,0x00000000df580000)
 ParOldGen       total 84992K, used 6895K [0x0000000084e00000, 0x000000008a100000, 0x00000000d6f80000)
  object space 84992K, 8% used [0x0000000084e00000,0x00000000854bbe20,0x000000008a100000)
 Metaspace       used 20945K, capacity 21136K, committed 21296K, reserved 1067008K
  class space    used 2813K, capacity 2901K, committed 2944K, reserved 1048576K
Event: 3.435 GC heap after
Heap after GC invocations=4 (full 0):
 PSYoungGen      total 132096K, used 5104K [0x00000000d6f80000, 0x00000000df580000, 0x0000000100000000)
  eden space 126976K, 0% used [0x00000000d6f80000,0x00000000d6f80000,0x00000000deb80000)
  from space 5120K, 99% used [0x00000000df080000,0x00000000df57c020,0x00000000df580000)
  to   space 5120K, 0% used [0x00000000deb80000,0x00000000deb80000,0x00000000df080000)
 ParOldGen       total 84992K, used 9641K [0x0000000084e00000, 0x000000008a100000, 0x00000000d6f80000)
  object space 84992K, 11% used [0x0000000084e00000,0x000000008576a7a8,0x000000008a100000)
 Metaspace       used 20945K, capacity 21136K, committed 21296K, reserved 1067008K
  class space    used 2813K, capacity 2901K, committed 2944K, reserved 1048576K
}
Event: 3.435 GC heap before
{Heap before GC invocations=5 (full 1):
 PSYoungGen      total 132096K, used 5104K [0x00000000d6f80000, 0x00000000df580000, 0x0000000100000000)
  eden space 126976K, 0% used [0x00000000d6f80000,0x00000000d6f80000,0x00000000deb80000)
  from space 5120K, 99% used [0x00000000df080000,0x00000000df57c020,0x00000000df580000)
  to   space 5120K, 0% used [0x00000000deb80000,0x00000000deb80000,0x00000000df080000)
 ParOldGen       total 84992K, used 9641K [0x0000000084e00000, 0x000000008a100000, 0x00000000d6f80000)
  object space 84992K, 11% used [0x0000000084e00000,0x000000008576a7a8,0x000000008a100000)
 Metaspace       used 20945K, capacity 21136K, committed 21296K, reserved 1067008K
  class space    used 2813K, capacity 2901K, committed 2944K, reserved 1048576K
Event: 3.498 GC heap after
Heap after GC invocations=5 (full 1):
 PSYoungGen      total 132096K, used 0K [0x00000000d6f80000, 0x00000000df580000, 0x0000000100000000)
  eden space 126976K, 0% used [0x00000000d6f80000,0x00000000d6f80000,0x00000000deb80000)
  from space 5120K, 0% used [0x00000000df080000,0x00000000df080000,0x00000000df580000)
  to   space 5120K, 0% used [0x00000000deb80000,0x00000000deb80000,0x00000000df080000)
 ParOldGen       total 58880K, used 9253K [0x0000000084e00000, 0x0000000088780000, 0x00000000d6f80000)
  object space 58880K, 15% used [0x0000000084e00000,0x00000000857097c8,0x0000000088780000)
 Metaspace       used 20945K, capacity 21136K, committed 21296K, reserved 1067008K
  class space    used 2813K, capacity 2901K, committed 2944K, reserved 1048576K
}
Event: 9.255 GC heap before
{Heap before GC invocations=6 (full 1):
 PSYoungGen      total 132096K, used 126976K [0x00000000d6f80000, 0x00000000df580000, 0x0000000100000000)
  eden space 126976K, 100% used [0x00000000d6f80000,0x00000000deb80000,0x00000000deb80000)
  from space 5120K, 0% used [0x00000000df080000,0x00000000df080000,0x00000000df580000)
  to   space 5120K, 0% used [0x00000000deb80000,0x00000000deb80000,0x00000000df080000)
 ParOldGen       total 58880K, used 9253K [0x0000000084e00000, 0x0000000088780000, 0x00000000d6f80000)
  object space 58880K, 15% used [0x0000000084e00000,0x00000000857097c8,0x0000000088780000)
 Metaspace       used 30217K, capacity 30822K, committed 31232K, reserved 1077248K
  class space    used 4071K, capacity 4270K, committed 4352K, reserved 1048576K
Event: 9.288 GC heap after
Heap after GC invocations=6 (full 1):
 PSYoungGen      total 132096K, used 5089K [0x00000000d6f80000, 0x00000000e4e80000, 0x0000000100000000)
  eden space 126976K, 0% used [0x00000000d6f80000,0x00000000d6f80000,0x00000000deb80000)
  from space 5120K, 99% used [0x00000000deb80000,0x00000000df078608,0x00000000df080000)
  to   space 13824K, 0% used [0x00000000e4100000,0x00000000e4100000,0x00000000e4e80000)
 ParOldGen       total 58880K, used 15407K [0x0000000084e00000, 0x0000000088780000, 0x00000000d6f80000)
  object space 58880K, 26% used [0x0000000084e00000,0x0000000085d0bcd0,0x0000000088780000)
 Metaspace       used 30217K, capacity 30822K, committed 31232K, reserved 1077248K
  class space    used 4071K, capacity 4270K, committed 4352K, reserved 1048576K
}
Event: 11.552 GC heap before
{Heap before GC invocations=7 (full 1):
 PSYoungGen      total 132096K, used 110740K [0x00000000d6f80000, 0x00000000e4e80000, 0x0000000100000000)
  eden space 126976K, 83% used [0x00000000d6f80000,0x00000000dd6acaa8,0x00000000deb80000)
  from space 5120K, 99% used [0x00000000deb80000,0x00000000df078608,0x00000000df080000)
  to   space 13824K, 0% used [0x00000000e4100000,0x00000000e4100000,0x00000000e4e80000)
 ParOldGen       total 58880K, used 15407K [0x0000000084e00000, 0x0000000088780000, 0x00000000d6f80000)
  object space 58880K, 26% used [0x0000000084e00000,0x0000000085d0bcd0,0x0000000088780000)
 Metaspace       used 34683K, capacity 35340K, committed 35496K, reserved 1079296K
  class space    used 4655K, capacity 4851K, committed 4864K, reserved 1048576K
Event: 11.600 GC heap after
Heap after GC invocations=7 (full 1):
 PSYoungGen      total 211456K, used 13809K [0x00000000d6f80000, 0x00000000e5380000, 0x0000000100000000)
  eden space 197632K, 0% used [0x00000000d6f80000,0x00000000d6f80000,0x00000000e3080000)
  from space 13824K, 99% used [0x00000000e4100000,0x00000000e4e7c6b0,0x00000000e4e80000)
  to   space 16896K, 0% used [0x00000000e3080000,0x00000000e3080000,0x00000000e4100000)
 ParOldGen       total 58880K, used 16639K [0x0000000084e00000, 0x0000000088780000, 0x00000000d6f80000)
  object space 58880K, 28% used [0x0000000084e00000,0x0000000085e3fdc8,0x0000000088780000)
 Metaspace       used 34683K, capacity 35340K, committed 35496K, reserved 1079296K
  class space    used 4655K, capacity 4851K, committed 4864K, reserved 1048576K
}
Event: 11.600 GC heap before
{Heap before GC invocations=8 (full 2):
 PSYoungGen      total 211456K, used 13809K [0x00000000d6f80000, 0x00000000e5380000, 0x0000000100000000)
  eden space 197632K, 0% used [0x00000000d6f80000,0x00000000d6f80000,0x00000000e3080000)
  from space 13824K, 99% used [0x00000000e4100000,0x00000000e4e7c6b0,0x00000000e4e80000)
  to   space 16896K, 0% used [0x00000000e3080000,0x00000000e3080000,0x00000000e4100000)
 ParOldGen       total 58880K, used 16639K [0x0000000084e00000, 0x0000000088780000, 0x00000000d6f80000)
  object space 58880K, 28% used [0x0000000084e00000,0x0000000085e3fdc8,0x0000000088780000)
 Metaspace       used 34683K, capacity 35340K, committed 35496K, reserved 1079296K
  class space    used 4655K, capacity 4851K, committed 4864K, reserved 1048576K

Deoptimization events (10 events):
Event: 10.762 Thread 0x00007f91e800a000 Uncommon trap: reason=class_check action=maybe_recompile pc=0x00007f91d984f238 method=java.security.MessageDigest$Delegate.engineUpdate([BII)V @ 7
Event: 10.762 Thread 0x00007f91e800a000 Uncommon trap: reason=predicate action=maybe_recompile pc=0x00007f91d9839b08 method=sun.security.provider.DigestBase.implCompressMultiBlock([BII)I @ 5
Event: 10.766 Thread 0x00007f91e800a000 Uncommon trap: reason=class_check action=maybe_recompile pc=0x00007f91d9843580 method=sun.security.provider.DigestBase.implCompressMultiBlock([BII)I @ 8
Event: 10.848 Thread 0x00007f91e800a000 Uncommon trap: reason=class_check action=maybe_recompile pc=0x00007f91d98512c8 method=java.security.MessageDigest$Delegate.engineUpdate([BII)V @ 7
Event: 10.849 Thread 0x00007f91e800a000 Uncommon trap: reason=class_check action=maybe_recompile pc=0x00007f91d9843580 method=sun.security.provider.DigestBase.implCompressMultiBlock([BII)I @ 8
Event: 10.862 Thread 0x00007f91e800a000 Uncommon trap: reason=unstable_if action=reinterpret pc=0x00007f91d96c3590 method=java.security.CodeSource.getCertificates()[Ljava/security/cert/Certificate; @ 22
Event: 10.892 Thread 0x00007f91e800a000 Uncommon trap: reason=unstable_if action=reinterpret pc=0x00007f91d9772068 method=java.util.LinkedHashMap.get(Ljava/lang/Object;)Ljava/lang/Object; @ 20
Event: 10.899 Thread 0x00007f91e800a000 Uncommon trap: reason=class_check action=maybe_recompile pc=0x00007f91d9843580 method=sun.security.provider.DigestBase.implCompressMultiBlock([BII)I @ 8
Event: 10.901 Thread 0x00007f91e800a000 Uncommon trap: reason=class_check action=maybe_recompile pc=0x00007f91d9843580 method=sun.security.provider.DigestBase.implCompressMultiBlock([BII)I @ 8
Event: 11.164 Thread 0x00007f91e800a000 Uncommon trap: reason=unstable_if action=reinterpret pc=0x00007f91d98f304c method=org.codehaus.groovy.reflection.CachedMethod.compareToMethod(Ljava/lang/reflect/Method;)I @ 111

Internal exceptions (10 events):
Event: 11.479 Thread 0x00007f91e800a000 Exception <a 'java/lang/ClassNotFoundException': org/gradle/api/internal/AbstractTaskCustomizer> (0x00000000dd27c4d8) thrown at [/build/openjdk-8-W2Qe27/openjdk-8-8u151-b12/src/hotspot/src/share/vm/classfile/systemDictionary.cpp, line 210]
Event: 11.493 Thread 0x00007f91e800a000 Exception <a 'java/lang/ClassNotFoundException': org/gradle/api/DefaultTaskCustomizer> (0x00000000dd2f8718) thrown at [/build/openjdk-8-W2Qe27/openjdk-8-8u151-b12/src/hotspot/src/share/vm/classfile/systemDictionary.cpp, line 210]
Event: 11.495 Thread 0x00007f91e800a000 Exception <a 'java/lang/ClassNotFoundException': org/gradle/api/internal/ConventionTaskCustomizer> (0x00000000dd32cca0) thrown at [/build/openjdk-8-W2Qe27/openjdk-8-8u151-b12/src/hotspot/src/share/vm/classfile/systemDictionary.cpp, line 210]
Event: 11.496 Thread 0x00007f91e800a000 Exception <a 'java/lang/ClassNotFoundException': org/gradle/api/tasks/AbstractCopyTaskCustomizer> (0x00000000dd3639b8) thrown at [/build/openjdk-8-W2Qe27/openjdk-8-8u151-b12/src/hotspot/src/share/vm/classfile/systemDictionary.cpp, line 210]
Event: 11.502 Thread 0x00007f91e800a000 Exception <a 'java/lang/ClassNotFoundException': org/gradle/api/tasks/CopyCustomizer> (0x00000000dd3f7878) thrown at [/build/openjdk-8-W2Qe27/openjdk-8-8u151-b12/src/hotspot/src/share/vm/classfile/systemDictionary.cpp, line 210]
Event: 11.504 Thread 0x00007f91e800a000 Exception <a 'java/lang/ClassNotFoundException': org/gradle/api/tasks/Copy_DecoratedCustomizer> (0x00000000dd436680) thrown at [/build/openjdk-8-W2Qe27/openjdk-8-8u151-b12/src/hotspot/src/share/vm/classfile/systemDictionary.cpp, line 210]
Event: 11.514 Thread 0x00007f91e800a000 Exception <a 'java/lang/ClassNotFoundException': org/gradle/api/internal/artifacts/configurations/DefaultConfigurationContainer_DecoratedBeanInfo> (0x00000000dd52ec78) thrown at [/build/openjdk-8-W2Qe27/openjdk-8-8u151-b12/src/hotspot/src/share/vm/classfi
Event: 11.515 Thread 0x00007f91e800a000 Exception <a 'java/lang/ClassNotFoundException': org/gradle/api/internal/artifacts/configurations/DefaultConfigurationContainerBeanInfo> (0x00000000dd57a768) thrown at [/build/openjdk-8-W2Qe27/openjdk-8-8u151-b12/src/hotspot/src/share/vm/classfile/systemD
Event: 11.515 Thread 0x00007f91e800a000 Exception <a 'java/lang/ClassNotFoundException': org/gradle/api/internal/artifacts/configurations/DefaultConfigurationContainerCustomizer> (0x00000000dd5c7fb0) thrown at [/build/openjdk-8-W2Qe27/openjdk-8-8u151-b12/src/hotspot/src/share/vm/classfile/syste
Event: 11.535 Thread 0x00007f91e800a000 Exception <a 'java/lang/ClassNotFoundException': org/gradle/api/internal/artifacts/configurations/DefaultConfigurationContainer_DecoratedCustomizer> (0x00000000dd633d78) thrown at [/build/openjdk-8-W2Qe27/openjdk-8-8u151-b12/src/hotspot/src/share/vm/class

Events (10 events):
Event: 11.541 loading class com/android/repository/impl/downloader/LocalFileAwareDownloader done
Event: 11.541 loading class com/android/sdklib/repository/legacy/LegacyDownloader
Event: 11.541 loading class com/android/sdklib/repository/legacy/LegacyDownloader done
Event: 11.542 loading class com/android/sdklib/repository/legacy/remote/internal/ITaskMonitor
Event: 11.542 loading class com/android/sdklib/repository/legacy/remote/internal/ITaskMonitor done
Event: 11.542 loading class com/android/repository/io/FileOpUtils
Event: 11.542 loading class com/android/repository/io/FileOpUtils done
Event: 11.543 loading class com/android/repository/io/FileOp
Event: 11.543 loading class com/android/repository/io/FileOp done
Event: 11.552 Executing VM operation: CollectForMetadataAllocation


Dynamic libraries:
00400000-00401000 r-xp 00000000 08:11 411421                             /usr/lib/jvm/java-8-openjdk-amd64/jre/bin/java
00600000-00601000 r--p 00000000 08:11 411421                             /usr/lib/jvm/java-8-openjdk-amd64/jre/bin/java
00601000-00602000 rw-p 00001000 08:11 411421                             /usr/lib/jvm/java-8-openjdk-amd64/jre/bin/java
0072c000-0074d000 rw-p 00000000 00:00 0                                  [heap]
84e00000-88780000 rw-p 00000000 00:00 0 
88780000-d6f80000 ---p 00000000 00:00 0 
d6f80000-e5380000 rw-p 00000000 00:00 0 
e5380000-100000000 ---p 00000000 00:00 0 
100000000-1004c0000 rw-p 00000000 00:00 0 
1004c0000-140000000 ---p 00000000 00:00 0 
7f9184000000-7f9184021000 rw-p 00000000 00:00 0 
7f9184021000-7f9188000000 ---p 00000000 00:00 0 
7f918c000000-7f918c021000 rw-p 00000000 00:00 0 
7f918c021000-7f9190000000 ---p 00000000 00:00 0 
7f9190000000-7f9190021000 rw-p 00000000 00:00 0 
7f9190021000-7f9194000000 ---p 00000000 00:00 0 
7f9194000000-7f9194021000 rw-p 00000000 00:00 0 
7f9194021000-7f9198000000 ---p 00000000 00:00 0 
7f919862d000-7f9198817000 rw-p 00000000 00:00 0 
7f9198817000-7f919882d000 ---p 00000000 00:00 0 
7f919882d000-7f9198a2d000 rw-p 00000000 00:00 0 
7f9198a2d000-7f9198a30000 ---p 00000000 00:00 0 
7f9198a30000-7f9198d2e000 rw-p 00000000 00:00 0 
7f9198d2e000-7f9198d59000 r--s 001fc000 08:16 3157534                    /home/brill/.gradle/caches/modules-2/files-2.1/com.google.guava/guava/18.0/cce0823396aa693798f8882e64213b1772032b09/guava-18.0.jar
7f9198d59000-7f9198d5a000 r--s 00001000 08:16 3157532                    /home/brill/.gradle/caches/modules-2/files-2.1/com.android.tools/annotations/25.2.3/a9970f79003cbf4aaaf26a5590aca7066f209347/annotations-25.2.3.jar
7f9198d5a000-7f9198d6d000 r--s 000b2000 08:16 3157530                    /home/brill/.gradle/caches/modules-2/files-2.1/com.android.tools.external.com-intellij/uast/145.597.4/6b430796bdb6563146affb34fb840c64e8d1d3b1/uast-145.597.4.jar
7f9198d6d000-7f9198d75000 r--s 000a8000 08:16 3157528                    /home/brill/.gradle/caches/modules-2/files-2.1/com.android.tools.external.lombok/lombok-ast/0.2.3/528b6f8bde3157f17530aa366631f2aad2a6cf9/lombok-ast-0.2.3.jar
7f9198d75000-7f9198d77000 r--s 0000d000 08:16 3157526                    /home/brill/.gradle/caches/modules-2/files-2.1/commons-codec/commons-codec/1.4/4216af16d38465bbab0f3dff8efa14204f7a399a/commons-codec-1.4.jar
7f9198d77000-7f9198d79000 r--s 0000d000 08:16 3157524                    /home/brill/.gradle/caches/modules-2/files-2.1/commons-logging/commons-logging/1.1.1/5043bfebc3db072ed80fbd362e7caf00e885d8ae/commons-logging-1.1.1.jar
7f9198d79000-7f9198d7e000 r--s 00028000 08:16 3157522                    /home/brill/.gradle/caches/modules-2/files-2.1/org.apache.httpcomponents/httpcore/4.1/33fc26c02f8043ab0ede19eadc8c9885386b255c/httpcore-4.1.jar
7f9198d7e000-7f9198d82000 r--s 0002f000 08:16 3157520                    /home/brill/.gradle/caches/modules-2/files-2.1/com.google.jimfs/jimfs/1.1/8fbd0579dc68aba6186935cc1bee21d2f3e7ec1c/jimfs-1.1.jar
7f9198d82000-7f9198d83000 r--s 00004000 08:16 3157518                    /home/brill/.gradle/caches/modules-2/files-2.1/com.intellij/annotations/12.0/bbcf6448f6d40abe506e2c83b70a3e8bfd2b4539/annotations-12.0.jar
7f9198d83000-7f9198d84000 r--s 00004000 08:16 1325865                    /home/brill/.gradle/caches/modules-2/files-2.1/org.ow2.asm/asm-analysis/5.0.4/51f5031331a56c462a3cc5126e21ab65958759a9/asm-analysis-5.0.4.jar
7f9198d84000-7f9198d88000 r--s 0003b000 08:16 1193580                    /home/brill/.gradle/caches/modules-2/files-2.1/com.android.tools.lint/lint-api/25.2.3/fb7afa11dcda11d5bf0fcd3dcfec3e13ee921057/lint-api-25.2.3.jar
7f9198d88000-7f9198d89000 r--s 0000a000 08:16 3157516                    /home/brill/.gradle/caches/modules-2/files-2.1/net.sf.kxml/kxml2/2.3.0/ccbc77a5fd907ef863c29f3596c6f54ffa4e9442/kxml2-2.3.0.jar
7f9198d89000-7f9198d8b000 r--s 00005000 08:16 3157514                    /home/brill/.gradle/caches/modules-2/files-2.1/org.apache.httpcomponents/httpmime/4.1/9ba2dcdf94ce35c8a8e9bff242db0618ca932e92/httpmime-4.1.jar
7f9198d8b000-7f9198d93000 r--s 0004e000 08:16 3157512                    /home/brill/.gradle/caches/modules-2/files-2.1/org.apache.httpcomponents/httpclient/4.1.1/3d1d918f32709e33ba7ddb2c4e8d1c543ebe713e/httpclient-4.1.1.jar
7f9198d93000-7f9198d9a000 r--s 00053000 08:16 3157510                    /home/brill/.gradle/caches/modules-2/files-2.1/org.apache.commons/commons-compress/1.8.1/a698750c16740fd5b3871425f4cb3bbaa87f529d/commons-compress-1.8.1.jar
7f9198d9a000-7f9198d9f000 r--s 0002a000 08:16 3157508                    /home/brill/.gradle/caches/modules-2/files-2.1/com.google.code.gson/gson/2.2.4/a60a5e993c98c864010053cb901b7eab25306568/gson-2.2.4.jar
7f9198d9f000-7f9198da4000 r--s 0002d000 08:16 3157506                    /home/brill/.gradle/caches/modules-2/files-2.1/com.android.tools/repository/25.2.3/179dee8115834f40bd9b39675da3a0273174c3ca/repository-25.2.3.jar
7f9198da4000-7f9198da5000 r--s 00005000 08:16 3157504                    /home/brill/.gradle/caches/modules-2/files-2.1/com.android.tools/dvlib/25.2.3/5afd79f645811a98c0519141cc13900c659091a8/dvlib-25.2.3.jar
7f9198da5000-7f9198da8000 r--s 00014000 08:16 3157502                    /home/brill/.gradle/caches/modules-2/files-2.1/com.android.tools.layoutlib/layoutlib-api/25.2.3/ead9944caa7cba814184148efe69faf8896f4478/layoutlib-api-25.2.3.jar
7f9198da8000-7f9198dac000 r--s 00037000 08:16 3157500                    /home/brill/.gradle/caches/modules-2/files-2.1/org.antlr/ST4/4.0.8/a1c55e974f8a94d78e2348fa6ff63f4fa1fae64/ST4-4.0.8.jar
7f9198dac000-7f9198daf000 r--s 00026000 08:16 3157498                    /home/brill/.gradle/caches/modules-2/files-2.1/org.antlr/antlr-runtime/3.5.2/cd9cd41361c155f3af0f653009dcecb08d8b4afd/antlr-runtime-3.5.2.jar
7f9198daf000-7f9198db4000 r--s 00058000 08:16 3157496                    /home/brill/.gradle/caches/modules-2/files-2.1/org.ow2.asm/asm-debug-all/5.0.1/f69b5f7d96cec0d448acf1c1a266584170c9643b/asm-debug-all-5.0.1.jar
7f9198db4000-7f9198dc4000 r--s 000d6000 08:16 1846051                    /home/brill/.gradle/caches/modules-2/files-2.1/net.sf.proguard/proguard-base/5.2.1/4f61348b4e7c943b85679dcb697f3a5fc3101921/proguard-base-5.2.1.jar
7f9198dc4000-7f9198dc7000 r--s 00033000 08:16 3022771                    /home/brill/.gradle/caches/modules-2/files-2.1/com.googlecode.juniversalchardet/juniversalchardet/1.0.3/cd49678784c46aa8789c060538e0154013bb421b/juniversalchardet-1.0.3.jar
7f9198dc7000-7f9198dcb000 r--s 0002a000 08:16 3022769                    /home/brill/.gradle/caches/modules-2/files-2.1/commons-io/commons-io/2.4/b1b6ea3b7e4aa4f492509a4952029cd8e48019ad/commons-io-2.4.jar
7f9198dcb000-7f9198de2000 r--s 00154000 08:16 2893937                    /home/brill/.gradle/caches/modules-2/files-2.1/org.antlr/antlr4/4.5.3/f35db7e4b2446e4174ba6a73db7bd6b3e6bb5da1/antlr4-4.5.3.jar
7f9198de2000-7f9198de3000 r--s 00002000 08:16 2762444                    /home/brill/.gradle/caches/modules-2/files-2.1/com.android.databinding/baseLibrary/2.2.3/b4b51d1925cdfda98fd861230c1ecb5855500129/baseLibrary-2.2.3.jar
7f9198de3000-7f9198df6000 r--s 00236000 08:16 2635611                    /home/brill/.gradle/caches/modules-2/files-2.1/org.eclipse.jdt.core.compiler/ecj/4.5.1/bee1367ac12fb6a20b422ff8711ebeb4f0a42316/ecj-4.5.1.jar
7f9198df6000-7f9198dfd000 r--s 000c3000 08:16 1721136                    /home/brill/.gradle/caches/modules-2/files-2.1/com.android.tools.lint/lint-checks/25.2.3/eae71c1f5ce54195dc821133e3a5df8145de8ff5/lint-checks-25.2.3.jar
7f9198dfd000-7f9198dff000 r--s 00006000 08:16 1452967                    /home/brill/.gradle/caches/modules-2/files-2.1/org.ow2.asm/asm-tree/5.0.4/396ce0c07ba2b481f25a70195c7c94922f0d1b0b/asm-tree-5.0.4.jar
7f9198dff000-7f9198fff000 rw-p 00000000 00:00 0 
7f9198fff000-7f919c000000 rw-p 00000000 00:00 0 
7f919c000000-7f919c021000 rw-p 00000000 00:00 0 
7f919c021000-7f91a0000000 ---p 00000000 00:00 0 
7f91a0000000-7f91a0021000 rw-p 00000000 00:00 0 
7f91a0021000-7f91a4000000 ---p 00000000 00:00 0 
7f91a4000000-7f91a5ffb000 rw-p 00000000 00:00 0 
7f91a5ffb000-7f91a8000000 ---p 00000000 00:00 0 
7f91a8000000-7f91a8df5000 rw-p 00000000 00:00 0 
7f91a8df5000-7f91ac000000 ---p 00000000 00:00 0 
7f91ac000000-7f91ac021000 rw-p 00000000 00:00 0 
7f91ac021000-7f91b0000000 ---p 00000000 00:00 0 
7f91b0000000-7f91b1b33000 rw-p 00000000 00:00 0 
7f91b1b33000-7f91b4000000 ---p 00000000 00:00 0 
7f91b4000000-7f91b4021000 rw-p 00000000 00:00 0 
7f91b4021000-7f91b8000000 ---p 00000000 00:00 0 
7f91b8000000-7f91b8021000 rw-p 00000000 00:00 0 
7f91b8021000-7f91bc000000 ---p 00000000 00:00 0 
7f91bc000000-7f91bc021000 rw-p 00000000 00:00 0 
7f91bc021000-7f91c0000000 ---p 00000000 00:00 0 
7f91c0000000-7f91c0033000 r--s 00203000 08:16 2507644                    /home/brill/.gradle/caches/modules-2/files-2.1/org.bouncycastle/bcprov-jdk15on/1.48/960dea7c9181ba0b17e8bab0c06a43f0a5f04e65/bcprov-jdk15on-1.48.jar
7f91c0033000-7f91c0041000 r--s 00081000 08:16 2367936                    /home/brill/.gradle/caches/modules-2/files-2.1/org.bouncycastle/bcpkix-jdk15on/1.48/28b7614b908a47844bb27e3c94b45b6893656265/bcpkix-jdk15on-1.48.jar
7f91c0041000-7f91c0043000 r--s 00002000 08:16 2237882                    /home/brill/.gradle/caches/modules-2/files-2.1/com.squareup/javawriter/2.5.0/81241ff7078ef14f42ea2a8995fa09c096256e6b/javawriter-2.5.0.jar
7f91c0043000-7f91c0044000 r--s 00002000 08:16 2116275                    /home/brill/.gradle/caches/modules-2/files-2.1/com.android.tools.analytics-library/tracker/25.2.3/c807f7b3d9aa3cee795ecac620d22c5ca7dd92e1/tracker-25.2.3.jar
7f91c0044000-7f91c0046000 r--s 00003000 08:16 1978324                    /home/brill/.gradle/caches/modules-2/files-2.1/com.android.tools.analytics-library/shared/25.2.3/785426dac20cfe596e4cf36d01aad930ffdcb05c/shared-25.2.3.jar
7f91c0046000-7f91c0053000 r--s 000ed000 08:16 3022767                    /home/brill/.gradle/caches/modules-2/files-2.1/com.android.tools.analytics-library/protos/25.2.3/821098054f9667d0f2536d7f2d0200d8bdd9c898/protos-25.2.3.jar
7f91c0053000-7f91c0054000 r--s 00001000 08:16 3022765                    /home/brill/.gradle/caches/modules-2/files-2.1/com.android.tools.jill/jill-api/0.10.0/7dfd6360ae4af1e171ec67b92e0cf065d59eef19/jill-api-0.10.0.jar
7f91c0054000-7f91c0056000 r--s 00003000 08:16 3022763                    /home/brill/.gradle/caches/modules-2/files-2.1/com.android.tools.jack/jack-api/0.11.0/ccda6afebd2b9cf60886c601ea561bba62c35c70/jack-api-0.11.0.jar
7f91c0056000-7f91c005b000 r--s 0004a000 08:16 2116273                    /home/brill/.gradle/caches/modules-2/files-2.1/com.android.tools.ddms/ddmlib/25.2.3/2b66df9156f476b0ccee44b378cd09073118ff59/ddmlib-25.2.3.jar
7f91c005b000-7f91c025b000 rw-p 00000000 00:00 0 
7f91c025b000-7f91c025e000 r--s 00021000 08:16 2116271                    /home/brill/.gradle/caches/modules-2/files-2.1/com.android.tools.build/manifest-merger/25.2.3/d0212c507be4c38c39f4ee06a7df5a44f500ed3b/manifest-merger-25.2.3.jar
7f91c025e000-7f91c0260000 r--s 0001c000 08:16 2116269                    /home/brill/.gradle/caches/modules-2/files-2.1/com.android.tools/common/25.2.3/255aa01048bebb511d828c6a5fc668df13b8f39d/common-25.2.3.jar
7f91c0260000-7f91c0268000 r--s 00084000 08:16 1978322                    /home/brill/.gradle/caches/modules-2/files-2.1/com.android.tools/sdk-common/25.2.3/2c49ca3df5bb961473b096bab2a615a7cda50dc/sdk-common-25.2.3.jar
7f91c0268000-7f91c0273000 r--s 0008e000 08:16 1846049                    /home/brill/.gradle/caches/modules-2/files-2.1/com.android.tools/sdklib/25.2.3/9f12cfc56b1df4e42fa2b73f9936b586b9a56a2/sdklib-25.2.3.jar
7f91c0273000-7f91c0276000 r--s 00005000 08:16 1846045                    /home/brill/.gradle/caches/modules-2/files-2.1/com.android.tools.build/builder-model/2.2.3/eddf6035ce0a31651527b4c3cc239428e877c43a/builder-model-2.2.3.jar
7f91c0276000-7f91c0280000 r--s 00110000 08:16 1721134                    /home/brill/.gradle/caches/modules-2/files-2.1/org.antlr/antlr/3.5.2/c4a65c950bfc3e7d04309c515b2177c00baf7764/antlr-3.5.2.jar
7f91c0280000-7f91c0288000 r--s 0007b000 08:16 1589002                    /home/brill/.gradle/caches/modules-2/files-2.1/com.google.protobuf/protobuf-java/2.5.0/a10732c76bfacdbd633a7eb0f7968b1059a65dfa/protobuf-java-2.5.0.jar
7f91c0288000-7f91c028a000 r--s 0000f000 08:16 1589000                    /home/brill/.gradle/caches/modules-2/files-2.1/net.sf.jopt-simple/jopt-simple/4.9/ee9e9eaa0a35360dcfeac129ff4923215fd65904/jopt-simple-4.9.jar
7f91c028a000-7f91c028e000 r--s 0001f000 08:16 1588998                    /home/brill/.gradle/caches/modules-2/files-2.1/org.jacoco/org.jacoco.report/0.7.5.201505241946/cb1ac5562a45c98cd7b774452f3e8b867b71cd65/org.jacoco.report-0.7.5.201505241946.jar
7f91c028e000-7f91c0292000 r--s 0001d000 08:16 1588996                    /home/brill/.gradle/caches/modules-2/files-2.1/org.jacoco/org.jacoco.core/0.7.5.201505241946/1ea906dc5201d2a1bc0604f8650534d4bcaf4c95/org.jacoco.core-0.7.5.201505241946.jar
7f91c0292000-7f91c0492000 rw-p 00000000 00:00 0 
7f91c0492000-7f91c0495000 ---p 00000000 00:00 0 
7f91c0495000-7f91c0793000 rw-p 00000000 00:00 0 
7f91c0793000-7f91c0993000 rw-p 00000000 00:00 0 
7f91c0993000-7f91c0996000 ---p 00000000 00:00 0 
7f91c0996000-7f91c0c94000 rw-p 00000000 00:00 0 
7f91c0c94000-7f91c0e94000 rw-p 00000000 00:00 0 
7f91c0e94000-7f91c0e95000 r--s 00002000 08:16 1846047                    /home/brill/.gradle/caches/modules-2/files-2.1/com.android.tools.build/builder-test-api/2.2.3/700079fc243c217dbd6250ac01d2d6210ca8a0d6/builder-test-api-2.2.3.jar
7f91c0e95000-7f91c0e96000 r--s 00002000 08:16 1452965                    /home/brill/.gradle/caches/modules-2/files-2.1/net.sf.proguard/proguard-gradle/5.2.1/5e9956c050fd84fa043517e77c4c0ff175a6b002/proguard-gradle-5.2.1.jar
7f91c0e96000-7f91c0e98000 r--s 00009000 08:16 1452963                    /home/brill/.gradle/caches/modules-2/files-2.1/org.ow2.asm/asm-commons/5.0.4/5a556786086c23cd689a0328f8519db93821c04c/asm-commons-5.0.4.jar
7f91c0e98000-7f91c0e9a000 r--s 0000c000 08:16 1452961                    /home/brill/.gradle/caches/modules-2/files-2.1/org.ow2.asm/asm/5.0.4/da08b8cce7bbf903602a25a3a163ae252435795/asm-5.0.4.jar
7f91c0e9a000-7f91c0e9e000 r--s 0002b000 08:16 1452959                    /home/brill/.gradle/caches/modules-2/files-2.1/com.android.databinding/compilerCommon/2.2.3/8c3829022a54acd042b5382a4a873ee2d64c29ee/compilerCommon-2.2.3.jar
7f91c0e9e000-7f91c0e9f000 r--s 00002000 08:16 1325863                    /home/brill/.gradle/caches/modules-2/files-2.1/com.android.tools.build/gradle-api/2.2.3/9a45614f789d4aab624d2a61983263885f42b615/gradle-api-2.2.3.jar
7f91c0e9f000-7f91c0ea0000 r--s 00000000 08:16 1193578                    /home/brill/.gradle/caches/modules-2/files-2.1/com.android.tools.build/transform-api/2.0.0-deprecated-use-gradle-api/85bee1acea9e27152b920746c68133b30b11431/transform-api-2.0.0-deprecated-use-gradle-api.jar
7f91c0ea0000-7f91c0ea5000 r--s 00053000 08:16 1193576                    /home/brill/.gradle/caches/modules-2/files-2.1/com.android.tools.lint/lint/25.2.3/aa03a3669f2913b9bc6f5f4fba4418f974e48cb7/lint-25.2.3.jar
7f91c0ea5000-7f91c0ebc000 r--s 0015e000 08:16 1065395                    /home/brill/.gradle/caches/modules-2/files-2.1/com.android.tools.build/builder/2.2.3/13e7339544e824a3a5f8ecff42173c013791578b/builder-2.2.3.jar
7f91c0ebc000-7f91c0ed9000 r--s 0019d000 08:16 1065393                    /home/brill/.gradle/caches/modules-2/files-2.1/com.android.tools.build/gradle-core/2.2.3/3a777b0626810e0ccdced7d750ac4b60c279616c/gradle-core-2.2.3.jar
7f91c0ed9000-7f91c0edb000 r--s 0000d000 08:16 1065391                    /home/brill/.gradle/caches/modules-2/files-2.1/com.android.tools.build/gradle/2.2.3/7b8f79621d95e3ce1e95c0852db14d9d7e1d1951/gradle-2.2.3.jar
7f91c0edb000-7f91c0ede000 ---p 00000000 00:00 0 
7f91c0ede000-7f91c0f14000 rw-p 00000000 00:00 0 
7f91c0f14000-7f91c0f15000 r--p 00000000 00:00 0 
7f91c0f15000-7f91c0f8e000 r--s 010fe000 08:11 411535                     /usr/lib/jvm/java-8-openjdk-amd64/lib/tools.jar
7f91c0f8e000-7f91c118e000 rw-p 00000000 00:00 0 
7f91c118e000-7f91c1190000 r--s 00007000 08:16 950498                     /home/brill/.gradle/wrapper/dists/gradle-2.14.1-all/8bnwg5hd3w55iofp58khbp6yv/gradle-2.14.1/lib/plugins/gradle-tooling-api-builders-2.14.1.jar
7f91c1190000-7f91c1193000 r--s 00008000 08:16 950491                     /home/brill/.gradle/wrapper/dists/gradle-2.14.1-all/8bnwg5hd3w55iofp58khbp6yv/gradle-2.14.1/lib/plugins/gradle-testing-native-2.14.1.jar
7f91c1193000-7f91c1195000 r--s 00009000 08:16 950570                     /home/brill/.gradle/wrapper/dists/gradle-2.14.1-all/8bnwg5hd3w55iofp58khbp6yv/gradle-2.14.1/lib/plugins/hamcrest-core-1.3.jar
7f91c1195000-7f91c119b000 r--s 00033000 08:16 950564                     /home/brill/.gradle/wrapper/dists/gradle-2.14.1-all/8bnwg5hd3w55iofp58khbp6yv/gradle-2.14.1/lib/plugins/snakeyaml-1.6.jar
7f91c119b000-7f91c119d000 r--s 00006000 08:16 950563                     /home/brill/.gradle/wrapper/dists/gradle-2.14.1-all/8bnwg5hd3w55iofp58khbp6yv/gradle-2.14.1/lib/plugins/jcommander-1.12.jar
7f91c119d000-7f91c11a2000 r--s 00040000 08:16 950562                     /home/brill/.gradle/wrapper/dists/gradle-2.14.1-all/8bnwg5hd3w55iofp58khbp6yv/gradle-2.14.1/lib/plugins/bsh-2.0b4.jar
7f91c11a2000-7f91c11ab000 r--s 00089000 08:16 950521                     /home/brill/.gradle/wrapper/dists/gradle-2.14.1-all/8bnwg5hd3w55iofp58khbp6yv/gradle-2.14.1/lib/plugins/testng-6.3.1.jar
7f91c11ab000-7f91c11b3000 r--s 00045000 08:16 950520                     /home/brill/.gradle/wrapper/dists/gradle-2.14.1-all/8bnwg5hd3w55iofp58khbp6yv/gradle-2.14.1/lib/plugins/junit-4.12.jar
7f91c11b3000-7f91c11b9000 r--s 0002e000 08:16 950492                     /home/brill/.gradle/wrapper/dists/gradle-2.14.1-all/8bnwg5hd3w55iofp58khbp6yv/gradle-2.14.1/lib/plugins/gradle-testing-jvm-2.14.1.jar
7f91c11b9000-7f91c11be000 r--s 00015000 08:16 950490                     /home/brill/.gradle/wrapper/dists/gradle-2.14.1-all/8bnwg5hd3w55iofp58khbp6yv/gradle-2.14.1/lib/plugins/gradle-testing-base-2.14.1.jar
7f91c11be000-7f91c11bf000 r--s 00002000 08:16 950514                     /home/brill/.gradle/wrapper/dists/gradle-2.14.1-all/8bnwg5hd3w55iofp58khbp6yv/gradle-2.14.1/lib/plugins/sonar-batch-bootstrapper-2.9.jar
7f91c11bf000-7f91c11c2000 r--s 00015000 08:16 950468                     /home/brill/.gradle/wrapper/dists/gradle-2.14.1-all/8bnwg5hd3w55iofp58khbp6yv/gradle-2.14.1/lib/plugins/gradle-sonar-2.14.1.jar
7f91c11c2000-7f91c11c9000 r--s 00038000 08:16 950515                     /home/brill/.gradle/wrapper/dists/gradle-2.14.1-all/8bnwg5hd3w55iofp58khbp6yv/gradle-2.14.1/lib/plugins/bcpg-jdk15on-1.51.jar
7f91c11c9000-7f91c11cb000 r--s 0000d000 08:16 950469                     /home/brill/.gradle/wrapper/dists/gradle-2.14.1-all/8bnwg5hd3w55iofp58khbp6yv/gradle-2.14.1/lib/plugins/gradle-signing-2.14.1.jar
7f91c11cb000-7f91c11ce000 r--s 00009000 08:16 950467                     /home/brill/.gradle/wrapper/dists/gradle-2.14.1-all/8bnwg5hd3w55iofp58khbp6yv/gradle-2.14.1/lib/plugins/gradle-scala-2.14.1.jar
7f91c11ce000-7f91c11cf000 r--s 00004000 08:16 950496                     /home/brill/.gradle/wrapper/dists/gradle-2.14.1-all/8bnwg5hd3w55iofp58khbp6yv/gradle-2.14.1/lib/plugins/gradle-resources-sftp-2.14.1.jar
7f91c11cf000-7f91c11df000 r--s 00088000 08:16 950531                     /home/brill/.gradle/wrapper/dists/gradle-2.14.1-all/8bnwg5hd3w55iofp58khbp6yv/gradle-2.14.1/lib/plugins/joda-time-2.8.2.jar
7f91c11df000-7f91c11f0000 r--s 000cf000 08:16 950530                     /home/brill/.gradle/wrapper/dists/gradle-2.14.1-all/8bnwg5hd3w55iofp58khbp6yv/gradle-2.14.1/lib/plugins/jackson-databind-2.3.2.jar
7f91c11f0000-7f91c11f2000 r--s 00007000 08:16 950529                     /home/brill/.gradle/wrapper/dists/gradle-2.14.1-all/8bnwg5hd3w55iofp58khbp6yv/gradle-2.14.1/lib/plugins/jackson-annotations-2.3.2.jar
7f91c11f2000-7f91c11f5000 r--s 0002e000 08:16 950528                     /home/brill/.gradle/wrapper/dists/gradle-2.14.1-all/8bnwg5hd3w55iofp58khbp6yv/gradle-2.14.1/lib/plugins/jackson-core-2.3.2.jar
7f91c11f5000-7f91c1200000 r--s 0006b000 08:16 950527                     /home/brill/.gradle/wrapper/dists/gradle-2.14.1-all/8bnwg5hd3w55iofp58khbp6yv/gradle-2.14.1/lib/plugins/aws-java-sdk-core-1.9.19.jar
7f91c1200000-7f91c1206000 r--s 00036000 08:16 950526                     /home/brill/.gradle/wrapper/dists/gradle-2.14.1-all/8bnwg5hd3w55iofp58khbp6yv/gradle-2.14.1/lib/plugins/aws-java-sdk-kms-1.9.19.jar
7f91c1206000-7f91c1211000 r--s 00079000 08:16 950525                     /home/brill/.gradle/wrapper/dists/gradle-2.14.1-all/8bnwg5hd3w55iofp58khbp6yv/gradle-2.14.1/lib/plugins/aws-java-sdk-s3-1.9.19.jar
7f91c1211000-7f91c1212000 r--s 00003000 08:16 950497                     /home/brill/.gradle/wrapper/dists/gradle-2.14.1-all/8bnwg5hd3w55iofp58khbp6yv/gradle-2.14.1/lib/plugins/gradle-resources-s3-2.14.1.jar
7f91c1212000-7f91c1214000 r--s 00005000 08:16 950519                     /home/brill/.gradle/wrapper/dists/gradle-2.14.1-all/8bnwg5hd3w55iofp58khbp6yv/gradle-2.14.1/lib/plugins/jatl-0.2.2.jar
7f91c1214000-7f91c1216000 r--s 0000f000 08:16 950474                     /home/brill/.gradle/wrapper/dists/gradle-2.14.1-all/8bnwg5hd3w55iofp58khbp6yv/gradle-2.14.1/lib/plugins/gradle-reporting-2.14.1.jar
7f91c1216000-7f91c1218000 r--s 00002000 08:16 950475                     /home/brill/.gradle/wrapper/dists/gradle-2.14.1-all/8bnwg5hd3w55iofp58khbp6yv/gradle-2.14.1/lib/plugins/gradle-publish-2.14.1.jar
7f91c1218000-7f91c121a000 r--s 00009000 08:16 950501                     /home/brill/.gradle/wrapper/dists/gradle-2.14.1-all/8bnwg5hd3w55iofp58khbp6yv/gradle-2.14.1/lib/plugins/commons-cli-1.2.jar
7f91c121a000-7f91c1220000 r--s 00033000 08:16 950459                     /home/brill/.gradle/wrapper/dists/gradle-2.14.1-all/8bnwg5hd3w55iofp58khbp6yv/gradle-2.14.1/lib/plugins/gradle-plugins-2.14.1.jar
7f91c1220000-7f91c1222000 r--s 00007000 08:16 950493                     /home/brill/.gradle/wrapper/dists/gradle-2.14.1-all/8bnwg5hd3w55iofp58khbp6yv/gradle-2.14.1/lib/plugins/gradle-plugin-development-2.14.1.jar
7f91c1222000-7f91c1228000 r--s 0002a000 08:16 950486                     /home/brill/.gradle/wrapper/dists/gradle-2.14.1-all/8bnwg5hd3w55iofp58khbp6yv/gradle-2.14.1/lib/plugins/gradle-platform-play-2.14.1.jar
7f91c1228000-7f91c1235000 r--s 0004d000 08:16 950485                     /home/brill/.gradle/wrapper/dists/gradle-2.14.1-all/8bnwg5hd3w55iofp58khbp6yv/gradle-2.14.1/lib/plugins/gradle-platform-native-2.14.1.jar
7f91c1235000-7f91c1239000 r--s 0001a000 08:16 950480                     /home/brill/.gradle/wrapper/dists/gradle-2.14.1-all/8bnwg5hd3w55iofp58khbp6yv/gradle-2.14.1/lib/plugins/gradle-platform-jvm-2.14.1.jar
7f91c1239000-7f91c1240000 r--s 00029000 08:16 950479                     /home/brill/.gradle/wrapper/dists/gradle-2.14.1-all/8bnwg5hd3w55iofp58khbp6yv/gradle-2.14.1/lib/plugins/gradle-platform-base-2.14.1.jar
7f91c1240000-7f91c1261000 r--s 001c3000 08:16 950509                     /home/brill/.gradle/wrapper/dists/gradle-2.14.1-all/8bnwg5hd3w55iofp58khbp6yv/gradle-2.14.1/lib/plugins/bndlib-2.4.0.jar
7f91c1261000-7f91c1263000 r--s 00003000 08:16 950463                     /home/brill/.gradle/wrapper/dists/gradle-2.14.1-all/8bnwg5hd3w55iofp58khbp6yv/gradle-2.14.1/lib/plugins/gradle-osgi-2.14.1.jar
7f91c1263000-7f91c1266000 r--s 0000c000 08:16 950512                     /home/brill/.gradle/wrapper/dists/gradle-2.14.1-all/8bnwg5hd3w55iofp58khbp6yv/gradle-2.14.1/lib/plugins/pmaven-groovy-0.8-20100325.jar
7f91c1266000-7f91c1267000 r--s 00004000 08:16 950511                     /home/brill/.gradle/wrapper/dists/gradle-2.14.1-all/8bnwg5hd3w55iofp58khbp6yv/gradle-2.14.1/lib/plugins/pmaven-common-0.8-20100325.jar
7f91c1267000-7f91c126d000 r--s 00022000 08:16 950464                     /home/brill/.gradle/wrapper/dists/gradle-2.14.1-all/8bnwg5hd3w55iofp58khbp6yv/gradle-2.14.1/lib/plugins/gradle-maven-2.14.1.jar
7f91c126d000-7f91c126f000 r--s 0000a000 08:16 950484                     /home/brill/.gradle/wrapper/dists/gradle-2.14.1-all/8bnwg5hd3w55iofp58khbp6yv/gradle-2.14.1/lib/plugins/gradle-language-scala-2.14.1.jar
7f91c126f000-7f91c1275000 r--s 0001a000 08:16 950488                     /home/brill/.gradle/wrapper/dists/gradle-2.14.1-all/8bnwg5hd3w55iofp58khbp6yv/gradle-2.14.1/lib/plugins/gradle-language-native-2.14.1.jar
7f91c1275000-7f91c1277000 r--s 00008000 08:16 950481                     /home/brill/.gradle/wrapper/dists/gradle-2.14.1-all/8bnwg5hd3w55iofp58khbp6yv/gradle-2.14.1/lib/plugins/gradle-language-jvm-2.14.1.jar
7f91c1277000-7f91c127d000 r--s 00024000 08:16 950482                     /home/brill/.gradle/wrapper/dists/gradle-2.14.1-all/8bnwg5hd3w55iofp58khbp6yv/gradle-2.14.1/lib/plugins/gradle-language-java-2.14.1.jar
7f91c127d000-7f91c127f000 r--s 0000a000 08:16 950483                     /home/brill/.gradle/wrapper/dists/gradle-2.14.1-all/8bnwg5hd3w55iofp58khbp6yv/gradle-2.14.1/lib/plugins/gradle-language-groovy-2.14.1.jar
7f91c127f000-7f91c1282000 r--s 0001e000 08:16 950537                     /home/brill/.gradle/wrapper/dists/gradle-2.14.1-all/8bnwg5hd3w55iofp58khbp6yv/gradle-2.14.1/lib/plugins/jsp-api-2.1-6.1.14.jar
7f91c1282000-7f91c12a5000 r--s 00344000 08:16 950536                     /home/brill/.gradle/wrapper/dists/gradle-2.14.1-all/8bnwg5hd3w55iofp58khbp6yv/gradle-2.14.1/lib/plugins/core-3.1.1.jar
7f91c12a5000-7f91c12a6000 r--s 00006000 08:16 950535                     /home/brill/.gradle/wrapper/dists/gradle-2.14.1-all/8bnwg5hd3w55iofp58khbp6yv/gradle-2.14.1/lib/plugins/jetty-naming-6.1.25.jar
7f91c12a6000-7f91c12a7000 r--s 00002000 08:16 950508                     /home/brill/.gradle/wrapper/dists/gradle-2.14.1-all/8bnwg5hd3w55iofp58khbp6yv/gradle-2.14.1/lib/plugins/geronimo-annotation_1.0_spec-1.0.jar
7f91c12a7000-7f91c12a9000 r--s 00002000 08:16 950507                     /home/brill/.gradle/wrapper/dists/gradle-2.14.1-all/8bnwg5hd3w55iofp58khbp6yv/gradle-2.14.1/lib/plugins/jetty-annotations-6.1.25.jar
7f91c12a9000-7f91c12ba000 r--s 000ea000 08:16 950506                     /home/brill/.gradle/wrapper/dists/gradle-2.14.1-all/8bnwg5hd3w55iofp58khbp6yv/gradle-2.14.1/lib/plugins/jsp-2.1-6.1.14.jar
7f91c12ba000-7f91c12bc000 r--s 0000d000 08:16 950505                     /home/brill/.gradle/wrapper/dists/gradle-2.14.1-all/8bnwg5hd3w55iofp58khbp6yv/gradle-2.14.1/lib/plugins/jetty-plus-6.1.25.jar
7f91c12bc000-7f91c12be000 r--s 0001f000 08:16 950504                     /home/brill/.gradle/wrapper/dists/gradle-2.14.1-all/8bnwg5hd3w55iofp58khbp6yv/gradle-2.14.1/lib/plugins/servlet-api-2.5-20081211.jar
7f91c12be000-7f91c12c2000 r--s 00028000 08:16 950503                     /home/brill/.gradle/wrapper/dists/gradle-2.14.1-all/8bnwg5hd3w55iofp58khbp6yv/gradle-2.14.1/lib/plugins/jetty-util-6.1.25.jar
7f91c12c2000-7f91c12c9000 r--s 0007d000 08:16 950502                     /home/brill/.gradle/wrapper/dists/gradle-2.14.1-all/8bnwg5hd3w55iofp58khbp6yv/gradle-2.14.1/lib/plugins/jetty-6.1.25.jar
7f91c12c9000-7f91c12cb000 r--s 00009000 08:16 950461                     /home/brill/.gradle/wrapper/dists/gradle-2.14.1-all/8bnwg5hd3w55iofp58khbp6yv/gradle-2.14.1/lib/plugins/gradle-jetty-2.14.1.jar
7f91c12cb000-7f91c12d2000 r--s 00035000 08:16 950518                     /home/brill/.gradle/wrapper/dists/gradle-2.14.1-all/8bnwg5hd3w55iofp58khbp6yv/gradle-2.14.1/lib/plugins/simple-4.1.21.jar
7f91c12d2000-7f91c12de000 r--s 00100000 08:16 950516                     /home/brill/.gradle/wrapper/dists/gradle-2.14.1-all/8bnwg5hd3w55iofp58khbp6yv/gradle-2.14.1/lib/plugins/rhino-1.7R3.jar
7f91c12de000-7f91c12e2000 r--s 00011000 08:16 950471                     /home/brill/.gradle/wrapper/dists/gradle-2.14.1-all/8bnwg5hd3w55iofp58khbp6yv/gradle-2.14.1/lib/plugins/gradle-javascript-2.14.1.jar
7f91c12e2000-7f91c12e4000 r--s 0000c000 08:16 950477                     /home/brill/.gradle/wrapper/dists/gradle-2.14.1-all/8bnwg5hd3w55iofp58khbp6yv/gradle-2.14.1/lib/plugins/gradle-jacoco-2.14.1.jar
7f91c12e4000-7f91c12e7000 r--s 0000e000 08:16 950476                     /home/brill/.gradle/wrapper/dists/gradle-2.14.1-all/8bnwg5hd3w55iofp58khbp6yv/gradle-2.14.1/lib/plugins/gradle-ivy-2.14.1.jar
7f91c12e7000-7f91c12e8000 r--s 00002000 08:16 950487                     /home/brill/.gradle/wrapper/dists/gradle-2.14.1-all/8bnwg5hd3w55iofp58khbp6yv/gradle-2.14.1/lib/plugins/gradle-ide-play-2.14.1.jar
7f91c12e8000-7f91c12ed000 r--s 0002b000 08:16 950489                     /home/brill/.gradle/wrapper/dists/gradle-2.14.1-all/8bnwg5hd3w55iofp58khbp6yv/gradle-2.14.1/lib/plugins/gradle-ide-native-2.14.1.jar
7f91c12ed000-7f91c12f8000 r--s 00066000 08:16 950465                     /home/brill/.gradle/wrapper/dists/gradle-2.14.1-all/8bnwg5hd3w55iofp58khbp6yv/gradle-2.14.1/lib/plugins/gradle-ide-2.14.1.jar
7f91c12f8000-7f91c12f9000 r--s 00008000 08:16 950470                     /home/brill/.gradle/wrapper/dists/gradle-2.14.1-all/8bnwg5hd3w55iofp58khbp6yv/gradle-2.14.1/lib/plugins/gradle-ear-2.14.1.jar
7f91c12f9000-7f91c12ff000 r--s 00032000 08:16 950473                     /home/brill/.gradle/wrapper/dists/gradle-2.14.1-all/8bnwg5hd3w55iofp58khbp6yv/gradle-2.14.1/lib/plugins/gradle-diagnostics-2.14.1.jar
7f91c12ff000-7f91c1303000 r--s 00021000 08:16 950460                     /home/brill/.gradle/wrapper/dists/gradle-2.14.1-all/8bnwg5hd3w55iofp58khbp6yv/gradle-2.14.1/lib/plugins/gradle-code-quality-2.14.1.jar
7f91c1303000-7f91c1307000 r--s 0001f000 08:16 950478                     /home/brill/.gradle/wrapper/dists/gradle-2.14.1-all/8bnwg5hd3w55iofp58khbp6yv/gradle-2.14.1/lib/plugins/gradle-build-init-2.14.1.jar
7f91c1307000-7f91c130e000 r--s 0008e000 08:16 950472                     /home/brill/.gradle/wrapper/dists/gradle-2.14.1-all/8bnwg5hd3w55iofp58khbp6yv/gradle-2.14.1/lib/plugins/gradle-build-comparison-2.14.1.jar
7f91c130e000-7f91c1310000 r--s 00008000 08:16 950462                     /home/brill/.gradle/wrapper/dists/gradle-2.14.1-all/8bnwg5hd3w55iofp58khbp6yv/gradle-2.14.1/lib/plugins/gradle-antlr-2.14.1.jar
7f91c1310000-7f91c1312000 r--s 00004000 08:16 950466                     /home/brill/.gradle/wrapper/dists/gradle-2.14.1-all/8bnwg5hd3w55iofp58khbp6yv/gradle-2.14.1/lib/plugins/gradle-announce-2.14.1.jar
7f91c1312000-7f91c132a000 r--s 00115000 08:16 950567                     /home/brill/.gradle/wrapper/dists/gradle-2.14.1-all/8bnwg5hd3w55iofp58khbp6yv/gradle-2.14.1/lib/plugins/xercesImpl-2.9.1.jar
7f91c132a000-7f91c1332000 r--s 00028000 08:16 950568                     /home/brill/.gradle/wrapper/dists/gradle-2.14.1-all/8bnwg5hd3w55iofp58khbp6yv/gradle-2.14.1/lib/plugins/xml-apis-1.3.04.jar
7f91c1332000-7f91c1338000 r--s 0005b000 08:16 950566                     /home/brill/.gradle/wrapper/dists/gradle-2.14.1-all/8bnwg5hd3w55iofp58khbp6yv/gradle-2.14.1/lib/plugins/jcifs-1.3.17.jar
7f91c1338000-7f91c133f000 r--s 00049000 08:16 950565                     /home/brill/.gradle/wrapper/dists/gradle-2.14.1-all/8bnwg5hd3w55iofp58khbp6yv/gradle-2.14.1/lib/plugins/httpcore-4.4.4.jar
7f91c133f000-7f91c1345000 r--s 00033000 08:16 950513                     /home/brill/.gradle/wrapper/dists/gradle-2.14.1-all/8bnwg5hd3w55iofp58khbp6yv/gradle-2.14.1/lib/plugins/commons-codec-1.6.jar
7f91c1345000-7f91c1348000 r--s 0001c000 08:16 950523                     /home/brill/.gradle/wrapper/dists/gradle-2.14.1-all/8bnwg5hd3w55iofp58khbp6yv/gradle-2.14.1/lib/plugins/nekohtml-1.9.14.jar
7f91c1348000-7f91c1355000 r--s 000a4000 08:16 950522                     /home/brill/.gradle/wrapper/dists/gradle-2.14.1-all/8bnwg5hd3w55iofp58khbp6yv/gradle-2.14.1/lib/plugins/httpclient-4.4.1.jar
7f91c1355000-7f91c1357000 r--s 0000a000 08:16 950495                     /home/brill/.gradle/wrapper/dists/gradle-2.14.1-all/8bnwg5hd3w55iofp58khbp6yv/gradle-2.14.1/lib/plugins/gradle-resources-http-2.14.1.jar
7f91c1357000-7f91c135b000 r--s 00014000 08:16 950494                     /home/brill/.gradle/wrapper/dists/gradle-2.14.1-all/8bnwg5hd3w55iofp58khbp6yv/gradle-2.14.1/lib/plugins/gradle-plugin-use-2.14.1.jar
7f91c135b000-7f91c135c000 r--s 00000000 08:16 950410                     /home/brill/.gradle/wrapper/dists/gradle-2.14.1-all/8bnwg5hd3w55iofp58khbp6yv/gradle-2.14.1/lib/gradle-installation-beacon-2.14.1.jar
7f91c135c000-7f91c135d000 r--s 00007000 08:16 950561                     /home/brill/.gradle/wrapper/dists/gradle-2.14.1-all/8bnwg5hd3w55iofp58khbp6yv/gradle-2.14.1/lib/plugins/wagon-http-shared4-2.4.jar
7f91c135d000-7f91c1361000 r--s 00033000 08:16 950560                     /home/brill/.gradle/wrapper/dists/gradle-2.14.1-all/8bnwg5hd3w55iofp58khbp6yv/gradle-2.14.1/lib/plugins/plexus-utils-2.0.6.jar
7f91c1361000-7f91c1365000 r--s 00021000 08:16 950559                     /home/brill/.gradle/wrapper/dists/gradle-2.14.1-all/8bnwg5hd3w55iofp58khbp6yv/gradle-2.14.1/lib/plugins/maven-model-builder-3.0.4.jar
7f91c1365000-7f91c1366000 r--s 00002000 08:16 950558                     /home/brill/.gradle/wrapper/dists/gradle-2.14.1-all/8bnwg5hd3w55iofp58khbp6yv/gradle-2.14.1/lib/plugins/wagon-file-2.4.jar
7f91c1366000-7f91c1368000 r--s 00002000 08:16 950557                     /home/brill/.gradle/wrapper/dists/gradle-2.14.1-all/8bnwg5hd3w55iofp58khbp6yv/gradle-2.14.1/lib/plugins/plexus-cipher-1.7.jar
7f91c1368000-7f91c136b000 r--s 00013000 08:16 950556                     /home/brill/.gradle/wrapper/dists/gradle-2.14.1-all/8bnwg5hd3w55iofp58khbp6yv/gradle-2.14.1/lib/plugins/aether-api-1.13.1.jar
7f91c136b000-7f91c136d000 r--s 0000a000 08:16 950555                     /home/brill/.gradle/wrapper/dists/gradle-2.14.1-all/8bnwg5hd3w55iofp58khbp6yv/gradle-2.14.1/lib/plugins/maven-settings-3.0.4.jar
7f91c136d000-7f91c136f000 r--s 0000d000 08:16 950554                     /home/brill/.gradle/wrapper/dists/gradle-2.14.1-all/8bnwg5hd3w55iofp58khbp6yv/gradle-2.14.1/lib/plugins/plexus-interpolation-1.14.jar
7f91c136f000-7f91c1371000 r--s 0000b000 08:16 950553                     /home/brill/.gradle/wrapper/dists/gradle-2.14.1-all/8bnwg5hd3w55iofp58khbp6yv/gradle-2.14.1/lib/plugins/maven-artifact-3.0.4.jar
7f91c1371000-7f91c1378000 r--s 0002e000 08:16 950552                     /home/brill/.gradle/wrapper/dists/gradle-2.14.1-all/8bnwg5hd3w55iofp58khbp6yv/gradle-2.14.1/lib/plugins/plexus-container-default-1.5.5.jar
7f91c1378000-7f91c137a000 r--s 0000b000 08:16 950551                     /home/brill/.gradle/wrapper/dists/gradle-2.14.1-all/8bnwg5hd3w55iofp58khbp6yv/gradle-2.14.1/lib/plugins/maven-plugin-api-3.0.4.jar
7f91c137a000-7f91c137c000 r--s 00000000 08:16 950569                     /home/brill/.gradle/wrapper/dists/gradle-2.14.1-all/8bnwg5hd3w55iofp58khbp6yv/gradle-2.14.1/lib/plugins/plexus-component-annotations-1.5.5.jar
7f91c137c000-7f91c1382000 r--s 0003f000 08:16 950550                     /home/brill/.gradle/wrapper/dists/gradle-2.14.1-all/8bnwg5hd3w55iofp58khbp6yv/gradle-2.14.1/lib/plugins/maven-compat-3.0.4.jar
7f91c1382000-7f91c1385000 r--s 00008000 08:16 950549                     /home/brill/.gradle/wrapper/dists/gradle-2.14.1-all/8bnwg5hd3w55iofp58khbp6yv/gradle-2.14.1/lib/plugins/maven-settings-builder-3.0.4.jar
7f91c1385000-7f91c1386000 r--s 00002000 08:16 950548                     /home/brill/.gradle/wrapper/dists/gradle-2.14.1-all/8bnwg5hd3w55iofp58khbp6yv/gradle-2.14.1/lib/plugins/wagon-http-2.4.jar
7f91c1386000-7f91c1388000 r--s 00026000 08:16 950547                     /home/brill/.gradle/wrapper/dists/gradle-2.14.1-all/8bnwg5hd3w55iofp58khbp6yv/gradle-2.14.1/lib/plugins/maven-model-3.0.4.jar
7f91c1388000-7f91c138a000 r--s 00006000 08:16 950546                     /home/brill/.gradle/wrapper/dists/gradle-2.14.1-all/8bnwg5hd3w55iofp58khbp6yv/gradle-2.14.1/lib/plugins/aether-connector-wagon-1.13.1.jar
7f91c138a000-7f91c138c000 r--s 0000a000 08:16 950545                     /home/brill/.gradle/wrapper/dists/gradle-2.14.1-all/8bnwg5hd3w55iofp58khbp6yv/gradle-2.14.1/lib/plugins/plexus-classworlds-2.4.jar
7f91c138c000-7f91c138e000 r--s 00006000 08:16 950544                     /home/brill/.gradle/wrapper/dists/gradle-2.14.1-all/8bnwg5hd3w55iofp58khbp6yv/gradle-2.14.1/lib/plugins/maven-repository-metadata-3.0.4.jar
7f91c138e000-7f91c1390000 r--s 0000c000 08:16 950543                     /home/brill/.gradle/wrapper/dists/gradle-2.14.1-all/8bnwg5hd3w55iofp58khbp6yv/gradle-2.14.1/lib/plugins/maven-aether-provider-3.0.4.jar
7f91c1390000-7f91c1392000 r--s 0000b000 08:16 950542                     /home/brill/.gradle/wrapper/dists/gradle-2.14.1-all/8bnwg5hd3w55iofp58khbp6yv/gradle-2.14.1/lib/plugins/wagon-provider-api-2.4.jar
7f91c1392000-7f91c1396000 r--s 0001c000 08:16 950540                     /home/brill/.gradle/wrapper/dists/gradle-2.14.1-all/8bnwg5hd3w55iofp58khbp6yv/gradle-2.14.1/lib/plugins/aether-util-1.13.1.jar
7f91c1396000-7f91c1399000 r--s 0001d000 08:16 950539                     /home/brill/.gradle/wrapper/dists/gradle-2.14.1-all/8bnwg5hd3w55iofp58khbp6yv/gradle-2.14.1/lib/plugins/aether-impl-1.13.1.jar
7f91c1399000-7f91c139e000 r--s 00040000 08:16 950524                     /home/brill/.gradle/wrapper/dists/gradle-2.14.1-all/8bnwg5hd3w55iofp58khbp6yv/gradle-2.14.1/lib/plugins/jsch-0.1.53.jar
7f91c139e000-7f91c13de000 r--s 00277000 08:16 950534                     /home/brill/.gradle/wrapper/dists/gradle-2.14.1-all/8bnwg5hd3w55iofp58khbp6yv/gradle-2.14.1/lib/plugins/bcprov-jdk15on-1.51.jar
7f91c13de000-7f91c13e2000 r--s 0001d000 08:16 950533                     /home/brill/.gradle/wrapper/dists/gradle-2.14.1-all/8bnwg5hd3w55iofp58khbp6yv/gradle-2.14.1/lib/plugins/xbean-reflect-3.4.jar
7f91c13e2000-7f91c13ee000 r--s 0007d000 08:16 950510                     /home/brill/.gradle/wrapper/dists/gradle-2.14.1-all/8bnwg5hd3w55iofp58khbp6yv/gradle-2.14.1/lib/plugins/maven-core-3.0.4.jar
7f91c13ee000-7f91c13f3000 r--s 0002a000 08:16 950517                     /home/brill/.gradle/wrapper/dists/gradle-2.14.1-all/8bnwg5hd3w55iofp58khbp6yv/gradle-2.14.1/lib/plugins/gson-2.2.4.jar
7f91c13f3000-7f91c140f000 r--s 000d3000 08:16 950499                     /home/brill/.gradle/wrapper/dists/gradle-2.14.1-all/8bnwg5hd3w55iofp58khbp6yv/gradle-2.14.1/lib/plugins/gradle-dependency-management-2.14.1.jar
7f91c140f000-7f91c1418000 r-xp 00000000 08:11 411365                     /usr/lib/jvm/java-8-openjdk-amd64/jre/lib/amd64/libmanagement.so
7f91c1418000-7f91c1617000 ---p 00009000 08:11 411365                     /usr/lib/jvm/java-8-openjdk-amd64/jre/lib/amd64/libmanagement.so
7f91c1617000-7f91c1618000 r--p 00008000 08:11 411365                     /usr/lib/jvm/java-8-openjdk-amd64/jre/lib/amd64/libmanagement.so
7f91c1618000-7f91c1619000 rw-p 00009000 08:11 411365                     /usr/lib/jvm/java-8-openjdk-amd64/jre/lib/amd64/libmanagement.so
7f91c1619000-7f91c162e000 r-xp 00000000 08:11 2352                       /tmp/jna2498361321165122994.tmp
7f91c162e000-7f91c172d000 ---p 00015000 08:11 2352                       /tmp/jna2498361321165122994.tmp
7f91c172d000-7f91c172f000 rw-p 00014000 08:11 2352                       /tmp/jna2498361321165122994.tmp
7f91c172f000-7f91c1754000 r-xp 00000000 08:11 793807                     /lib/x86_64-linux-gnu/libtinfo.so.5.9
7f91c1754000-7f91c1953000 ---p 00025000 08:11 793807                     /lib/x86_64-linux-gnu/libtinfo.so.5.9
7f91c1953000-7f91c1957000 r--p 00024000 08:11 793807                     /lib/x86_64-linux-gnu/libtinfo.so.5.9
7f91c1957000-7f91c1958000 rw-p 00028000 08:11 793807                     /lib/x86_64-linux-gnu/libtinfo.so.5.9
7f91c1958000-7f91c1979000 r-xp 00000000 08:11 793715                     /lib/x86_64-linux-gnu/libncurses.so.5.9
7f91c1979000-7f91c1b78000 ---p 00021000 08:11 793715                     /lib/x86_64-linux-gnu/libncurses.so.5.9
7f91c1b78000-7f91c1b79000 r--p 00020000 08:11 793715                     /lib/x86_64-linux-gnu/libncurses.so.5.9
7f91c1b79000-7f91c1b7a000 rw-p 00021000 08:11 793715                     /lib/x86_64-linux-gnu/libncurses.so.5.9
7f91c1b7a000-7f91c1b7b000 r--s 00003000 08:16 950541                     /home/brill/.gradle/wrapper/dists/gradle-2.14.1-all/8bnwg5hd3w55iofp58khbp6yv/gradle-2.14.1/lib/plugins/aether-spi-1.13.1.jar
7f91c1b7b000-7f91c1b7c000 r--s 00006000 08:16 950538                     /home/brill/.gradle/wrapper/dists/gradle-2.14.1-all/8bnwg5hd3w55iofp58khbp6yv/gradle-2.14.1/lib/plugins/plexus-sec-dispatcher-1.3.jar
7f91c1b7c000-7f91c1b8b000 r--s 000d9000 08:16 950532                     /home/brill/.gradle/wrapper/dists/gradle-2.14.1-all/8bnwg5hd3w55iofp58khbp6yv/gradle-2.14.1/lib/plugins/ivy-2.2.0.jar
7f91c1b8b000-7f91c1b92000 r--s 00000000 08:11 398302                     /usr/lib/x86_64-linux-gnu/gconv/gconv-modules.cache
7f91c1b92000-7f91c1b95000 r-xp 00000000 08:16 951133                     /home/brill/.gradle/native/19/linux-amd64/libnative-platform-curses.so
7f91c1b95000-7f91c1d95000 ---p 00003000 08:16 951133                     /home/brill/.gradle/native/19/linux-amd64/libnative-platform-curses.so
7f91c1d95000-7f91c1d96000 rw-p 00003000 08:16 951133                     /home/brill/.gradle/native/19/linux-amd64/libnative-platform-curses.so
7f91c1d96000-7f91c1d9a000 r-xp 00000000 08:16 951131                     /home/brill/.gradle/native/19/linux-amd64/libnative-platform.so
7f91c1d9a000-7f91c1f99000 ---p 00004000 08:16 951131                     /home/brill/.gradle/native/19/linux-amd64/libnative-platform.so
7f91c1f99000-7f91c1f9a000 rw-p 00003000 08:16 951131                     /home/brill/.gradle/native/19/linux-amd64/libnative-platform.so
7f91c1f9a000-7f91c1f9c000 r--s 00005000 08:16 950409                     /home/brill/.gradle/wrapper/dists/gradle-2.14.1-all/8bnwg5hd3w55iofp58khbp6yv/gradle-2.14.1/lib/gradle-wrapper-2.14.1.jar
7f91c1f9c000-7f91c1faa000 r--s 0004f000 08:16 950416                     /home/brill/.gradle/wrapper/dists/gradle-2.14.1-all/8bnwg5hd3w55iofp58khbp6yv/gradle-2.14.1/lib/gradle-tooling-api-2.14.1.jar
7f91c1faa000-7f91c1fac000 r--s 00002000 08:16 950436                     /home/brill/.gradle/wrapper/dists/gradle-2.14.1-all/8bnwg5hd3w55iofp58khbp6yv/gradle-2.14.1/lib/gradle-open-api-2.14.1.jar
7f91c1fac000-7f91c1fb2000 r--s 00032000 08:16 950438                     /home/brill/.gradle/wrapper/dists/gradle-2.14.1-all/8bnwg5hd3w55iofp58khbp6yv/gradle-2.14.1/lib/jaxen-1.1.jar
7f91c1fb2000-7f91c1fb7000 r--s 00048000 08:16 950437                     /home/brill/.gradle/wrapper/dists/gradle-2.14.1-all/8bnwg5hd3w55iofp58khbp6yv/gradle-2.14.1/lib/dom4j-1.6.1.jar
7f91c1fb7000-7f91c1fc2000 r--s 00059000 08:16 950415                     /home/brill/.gradle/wrapper/dists/gradle-2.14.1-all/8bnwg5hd3w55iofp58khbp6yv/gradle-2.14.1/lib/gradle-ui-2.14.1.jar
7f91c1fc2000-7f91c1fc5000 r--s 0000b000 08:16 950434                     /home/brill/.gradle/wrapper/dists/gradle-2.14.1-all/8bnwg5hd3w55iofp58khbp6yv/gradle-2.14.1/lib/gradle-resources-2.14.1.jar
7f91c1fc5000-7f91c1fc7000 r--s 00003000 08:16 950446                     /home/brill/.gradle/wrapper/dists/gradle-2.14.1-all/8bnwg5hd3w55iofp58khbp6yv/gradle-2.14.1/lib/jcl-over-slf4j-1.7.10.jar
7f91c1fc7000-7f91c1fc8000 r--s 00005000 08:16 950445                     /home/brill/.gradle/wrapper/dists/gradle-2.14.1-all/8bnwg5hd3w55iofp58khbp6yv/gradle-2.14.1/lib/log4j-over-slf4j-1.7.10.jar
7f91c1fc8000-7f91c1fca000 r--s 00000000 08:16 950444                     /home/brill/.gradle/wrapper/dists/gradle-2.14.1-all/8bnwg5hd3w55iofp58khbp6yv/gradle-2.14.1/lib/jul-to-slf4j-1.7.10.jar
7f91c1fca000-7f91c1fcf000 r--s 0001c000 08:16 950433                     /home/brill/.gradle/wrapper/dists/gradle-2.14.1-all/8bnwg5hd3w55iofp58khbp6yv/gradle-2.14.1/lib/gradle-logging-2.14.1.jar
7f91c1fcf000-7f91c1fd1000 r--s 00007000 08:16 950457                     /home/brill/.gradle/wrapper/dists/gradle-2.14.1-all/8bnwg5hd3w55iofp58khbp6yv/gradle-2.14.1/lib/objenesis-1.2.jar
7f91c1fd1000-7f91c1fd3000 r--s 00000000 08:16 950456                     /home/brill/.gradle/wrapper/dists/gradle-2.14.1-all/8bnwg5hd3w55iofp58khbp6yv/gradle-2.14.1/lib/minlog-1.2.jar
7f91c1fd3000-7f91c1fd5000 r--s 0000f000 08:16 950455                     /home/brill/.gradle/wrapper/dists/gradle-2.14.1-all/8bnwg5hd3w55iofp58khbp6yv/gradle-2.14.1/lib/reflectasm-1.07-shaded.jar
7f91c1fd5000-7f91c1fd9000 r--s 00026000 08:16 950443                     /home/brill/.gradle/wrapper/dists/gradle-2.14.1-all/8bnwg5hd3w55iofp58khbp6yv/gradle-2.14.1/lib/kryo-2.20.jar
7f91c1fd9000-7f91c1fdf000 r--s 00025000 08:16 950432                     /home/brill/.gradle/wrapper/dists/gradle-2.14.1-all/8bnwg5hd3w55iofp58khbp6yv/gradle-2.14.1/lib/gradle-messaging-2.14.1.jar
7f91c1fdf000-7f91c1fe0000 r--s 00003000 08:16 950454                     /home/brill/.gradle/wrapper/dists/gradle-2.14.1-all/8bnwg5hd3w55iofp58khbp6yv/gradle-2.14.1/lib/native-platform-freebsd-amd64-0.10.jar
7f91c1fe0000-7f91c1fe1000 r--s 00003000 08:16 950453                     /home/brill/.gradle/wrapper/dists/gradle-2.14.1-all/8bnwg5hd3w55iofp58khbp6yv/gradle-2.14.1/lib/native-platform-freebsd-i386-0.10.jar
7f91c1fe1000-7f91c1fe2000 r--s 00005000 08:16 950452                     /home/brill/.gradle/wrapper/dists/gradle-2.14.1-all/8bnwg5hd3w55iofp58khbp6yv/gradle-2.14.1/lib/native-platform-windows-i386-0.10.jar
7f91c1fe2000-7f91c1fe3000 r--s 00005000 08:16 950451                     /home/brill/.gradle/wrapper/dists/gradle-2.14.1-all/8bnwg5hd3w55iofp58khbp6yv/gradle-2.14.1/lib/native-platform-windows-amd64-0.10.jar
7f91c1fe3000-7f91c1fe4000 r--s 00003000 08:16 950450                     /home/brill/.gradle/wrapper/dists/gradle-2.14.1-all/8bnwg5hd3w55iofp58khbp6yv/gradle-2.14.1/lib/native-platform-linux-i386-0.10.jar
7f91c1fe4000-7f91c1fe5000 r--s 00003000 08:16 950449                     /home/brill/.gradle/wrapper/dists/gradle-2.14.1-all/8bnwg5hd3w55iofp58khbp6yv/gradle-2.14.1/lib/native-platform-linux-amd64-0.10.jar
7f91c1fe5000-7f91c1fe6000 r--s 00002000 08:16 950448                     /home/brill/.gradle/wrapper/dists/gradle-2.14.1-all/8bnwg5hd3w55iofp58khbp6yv/gradle-2.14.1/lib/native-platform-osx-amd64-0.10.jar
7f91c1fe6000-7f91c1fe7000 r--s 00002000 08:16 950447                     /home/brill/.gradle/wrapper/dists/gradle-2.14.1-all/8bnwg5hd3w55iofp58khbp6yv/gradle-2.14.1/lib/native-platform-osx-i386-0.10.jar
7f91c1fe7000-7f91c1fe9000 r--s 00008000 08:16 950441                     /home/brill/.gradle/wrapper/dists/gradle-2.14.1-all/8bnwg5hd3w55iofp58khbp6yv/gradle-2.14.1/lib/jansi-1.2.1.jar
7f91c1fe9000-7f91c1fec000 r--s 0000d000 08:16 950440                     /home/brill/.gradle/wrapper/dists/gradle-2.14.1-all/8bnwg5hd3w55iofp58khbp6yv/gradle-2.14.1/lib/native-platform-0.10.jar
7f91c1fec000-7f91c1ff0000 r--s 000e4000 08:16 950439                     /home/brill/.gradle/wrapper/dists/gradle-2.14.1-all/8bnwg5hd3w55iofp58khbp6yv/gradle-2.14.1/lib/jna-3.2.7.jar
7f91c1ff0000-7f91c1ff2000 r--s 00009000 08:16 950417                     /home/brill/.gradle/wrapper/dists/gradle-2.14.1-all/8bnwg5hd3w55iofp58khbp6yv/gradle-2.14.1/lib/gradle-native-2.14.1.jar
7f91c1ff2000-7f91c1ff4000 r--s 00005000 08:16 950414                     /home/brill/.gradle/wrapper/dists/gradle-2.14.1-all/8bnwg5hd3w55iofp58khbp6yv/gradle-2.14.1/lib/gradle-cli-2.14.1.jar
7f91c1ff4000-7f91c1ff6000 r--s 00007000 08:16 950424                     /home/brill/.gradle/wrapper/dists/gradle-2.14.1-all/8bnwg5hd3w55iofp58khbp6yv/gradle-2.14.1/lib/gradle-model-groovy-2.14.1.jar
7f91c1ff6000-7f91c1ff7000 r--s 00006000 08:16 950431                     /home/brill/.gradle/wrapper/dists/gradle-2.14.1-all/8bnwg5hd3w55iofp58khbp6yv/gradle-2.14.1/lib/gradle-base-services-groovy-2.14.1.jar
7f91c1ff7000-7f91c2006000 r--s 00080000 08:16 950423                     /home/brill/.gradle/wrapper/dists/gradle-2.14.1-all/8bnwg5hd3w55iofp58khbp6yv/gradle-2.14.1/lib/gradle-model-core-2.14.1.jar
7f91c2006000-7f91c2013000 r--s 00083000 08:16 950427                     /home/brill/.gradle/wrapper/dists/gradle-2.14.1-all/8bnwg5hd3w55iofp58khbp6yv/gradle-2.14.1/lib/commons-collections-3.2.2.jar
7f91c2013000-7f91c2018000 r--s 00038000 08:16 950425                     /home/brill/.gradle/wrapper/dists/gradle-2.14.1-all/8bnwg5hd3w55iofp58khbp6yv/gradle-2.14.1/lib/asm-all-5.1.jar
7f91c2018000-7f91c2087000 r--s 0063e000 08:16 950422                     /home/brill/.gradle/wrapper/dists/gradle-2.14.1-all/8bnwg5hd3w55iofp58khbp6yv/gradle-2.14.1/lib/groovy-all-2.4.4.jar
7f91c2087000-7f91c20af000 r--s 001cf000 08:16 950419                     /home/brill/.gradle/wrapper/dists/gradle-2.14.1-all/8bnwg5hd3w55iofp58khbp6yv/gradle-2.14.1/lib/guava-jdk5-17.0.jar
7f91c20af000-7f91c20ce000 r--s 001d1000 08:16 950426                     /home/brill/.gradle/wrapper/dists/gradle-2.14.1-all/8bnwg5hd3w55iofp58khbp6yv/gradle-2.14.1/lib/ant-1.9.6.jar
7f91c20ce000-7f91c2105000 r--s 001bd000 08:16 950413                     /home/brill/.gradle/wrapper/dists/gradle-2.14.1-all/8bnwg5hd3w55iofp58khbp6yv/gradle-2.14.1/lib/gradle-core-2.14.1.jar
7f91c2105000-7f91c2116000 r-xp 00000000 08:11 411395                     /usr/lib/jvm/java-8-openjdk-amd64/jre/lib/amd64/libnio.so
7f91c2116000-7f91c2316000 ---p 00011000 08:11 411395                     /usr/lib/jvm/java-8-openjdk-amd64/jre/lib/amd64/libnio.so
7f91c2316000-7f91c2317000 r--p 00011000 08:11 411395                     /usr/lib/jvm/java-8-openjdk-amd64/jre/lib/amd64/libnio.so
7f91c2317000-7f91c2318000 rw-p 00012000 08:11 411395                     /usr/lib/jvm/java-8-openjdk-amd64/jre/lib/amd64/libnio.so
7f91c2318000-7f91c232f000 r-xp 00000000 08:11 411382                     /usr/lib/jvm/java-8-openjdk-amd64/jre/lib/amd64/libnet.so
7f91c232f000-7f91c252e000 ---p 00017000 08:11 411382                     /usr/lib/jvm/java-8-openjdk-amd64/jre/lib/amd64/libnet.so
7f91c252e000-7f91c252f000 r--p 00016000 08:11 411382                     /usr/lib/jvm/java-8-openjdk-amd64/jre/lib/amd64/libnet.so
7f91c252f000-7f91c2530000 rw-p 00017000 08:11 411382                     /usr/lib/jvm/java-8-openjdk-amd64/jre/lib/amd64/libnet.so
7f91c2530000-7f91c2531000 ---p 00000000 00:00 0 
7f91c2531000-7f91c2631000 rw-p 00000000 00:00 0 
7f91c2631000-7f91c2634000 ---p 00000000 00:00 0 
7f91c2634000-7f91c2732000 rw-p 00000000 00:00 0 
7f91c2732000-7f91c2735000 ---p 00000000 00:00 0 
7f91c2735000-7f91c2833000 rw-p 00000000 00:00 0 
7f91c2833000-7f91c2836000 ---p 00000000 00:00 0 
7f91c2836000-7f91c2934000 rw-p 00000000 00:00 0 
7f91c2934000-7f91c2937000 ---p 00000000 00:00 0 
7f91c2937000-7f91c2a35000 rw-p 00000000 00:00 0 
7f91c2a35000-7f91c2a38000 ---p 00000000 00:00 0 
7f91c2a38000-7f91c2b36000 rw-p 00000000 00:00 0 
7f91c2b36000-7f91c34f5000 r--p 00000000 08:11 271811                     /usr/lib/locale/locale-archive
7f91c34f5000-7f91c34f8000 ---p 00000000 00:00 0 
7f91c34f8000-7f91c35f6000 rw-p 00000000 00:00 0 
7f91c35f6000-7f91c35f9000 ---p 00000000 00:00 0 
7f91c35f9000-7f91c36f7000 rw-p 00000000 00:00 0 
7f91c36f7000-7f91c36f8000 ---p 00000000 00:00 0 
7f91c36f8000-7f91c4000000 rw-p 00000000 00:00 0 
7f91c4000000-7f91c4021000 rw-p 00000000 00:00 0 
7f91c4021000-7f91c8000000 ---p 00000000 00:00 0 
7f91c8000000-7f91c8021000 rw-p 00000000 00:00 0 
7f91c8021000-7f91cc000000 ---p 00000000 00:00 0 
7f91cc000000-7f91cc021000 rw-p 00000000 00:00 0 
7f91cc021000-7f91d0000000 ---p 00000000 00:00 0 
7f91d0000000-7f91d0004000 r--s 00027000 08:16 950428                     /home/brill/.gradle/wrapper/dists/gradle-2.14.1-all/8bnwg5hd3w55iofp58khbp6yv/gradle-2.14.1/lib/commons-io-2.2.jar
7f91d0004000-7f91d000c000 r--s 0003a000 08:16 950411                     /home/brill/.gradle/wrapper/dists/gradle-2.14.1-all/8bnwg5hd3w55iofp58khbp6yv/gradle-2.14.1/lib/gradle-base-services-2.14.1.jar
7f91d000c000-7f91d0017000 r--s 00051000 08:16 950408                     /home/brill/.gradle/wrapper/dists/gradle-2.14.1-all/8bnwg5hd3w55iofp58khbp6yv/gradle-2.14.1/lib/gradle-launcher-2.14.1.jar
7f91d0017000-7f91d0032000 r--s 001d6000 08:11 411345                     /usr/lib/jvm/java-8-openjdk-amd64/jre/lib/ext/nashorn.jar
7f91d0032000-7f91d004d000 r--s 00394000 08:11 411343                     /usr/lib/jvm/java-8-openjdk-amd64/jre/lib/ext/cldrdata.jar
7f91d004d000-7f91d4000000 rw-p 00000000 00:00 0 
7f91d4000000-7f91d4021000 rw-p 00000000 00:00 0 
7f91d4021000-7f91d8000000 ---p 00000000 00:00 0 
7f91d8000000-7f91d8005000 r--s 00041000 08:16 950420                     /home/brill/.gradle/wrapper/dists/gradle-2.14.1-all/8bnwg5hd3w55iofp58khbp6yv/gradle-2.14.1/lib/commons-lang-2.6.jar
7f91d8005000-7f91d85bb000 rw-p 00000000 00:00 0 
7f91d85bb000-7f91d878a000 r--s 03c21000 08:11 411338                     /usr/lib/jvm/java-8-openjdk-amd64/jre/lib/rt.jar
7f91d878a000-7f91d9000000 rw-p 00000000 00:00 0 
7f91d9000000-7f91d9b70000 rwxp 00000000 00:00 0 
7f91d9b70000-7f91e8000000 ---p 00000000 00:00 0 
7f91e8000000-7f91e9cd7000 rw-p 00000000 00:00 0 
7f91e9cd7000-7f91ec000000 ---p 00000000 00:00 0 
7f91ec000000-7f91ec001000 r--s 00002000 08:16 950435                     /home/brill/.gradle/wrapper/dists/gradle-2.14.1-all/8bnwg5hd3w55iofp58khbp6yv/gradle-2.14.1/lib/gradle-docs-2.14.1.jar
7f91ec001000-7f91ec002000 r--s 00000000 08:16 950430                     /home/brill/.gradle/wrapper/dists/gradle-2.14.1-all/8bnwg5hd3w55iofp58khbp6yv/gradle-2.14.1/lib/javax.inject-1.jar
7f91ec002000-7f91ec003000 r--s 00000000 08:16 950429                     /home/brill/.gradle/wrapper/dists/gradle-2.14.1-all/8bnwg5hd3w55iofp58khbp6yv/gradle-2.14.1/lib/jcip-annotations-1.0.jar
7f91ec003000-7f91ec004000 r--s 00001000 08:16 950421                     /home/brill/.gradle/wrapper/dists/gradle-2.14.1-all/8bnwg5hd3w55iofp58khbp6yv/gradle-2.14.1/lib/gradle-process-services-2.14.1.jar
7f91ec004000-7f91ec009000 r--s 0009a000 08:11 411403                     /usr/lib/jvm/java-8-openjdk-amd64/jre/lib/jsse.jar
7f91ec009000-7f91ec3e2000 rw-p 00000000 00:00 0 
7f91ec3e2000-7f91ec3e3000 ---p 00000000 00:00 0 
7f91ec3e3000-7f91ec4e3000 rw-p 00000000 00:00 0 
7f91ec4e3000-7f91ec4e4000 ---p 00000000 00:00 0 
7f91ec4e4000-7f91ec5e4000 rw-p 00000000 00:00 0 
7f91ec5e4000-7f91ec5e5000 ---p 00000000 00:00 0 
7f91ec5e5000-7f91ec6e5000 rw-p 00000000 00:00 0 
7f91ec6e5000-7f91ec6e6000 ---p 00000000 00:00 0 
7f91ec6e6000-7f91ec803000 rw-p 00000000 00:00 0 
7f91ec803000-7f91eca77000 ---p 00000000 00:00 0 
7f91eca77000-7f91eca94000 rw-p 00000000 00:00 0 
7f91eca94000-7f91ecd07000 ---p 00000000 00:00 0 
7f91ecd07000-7f91ecd7a000 rw-p 00000000 00:00 0 
7f91ecd7a000-7f91ece50000 ---p 00000000 00:00 0 
7f91ece50000-7f91ece7f000 rw-p 00000000 00:00 0 
7f91ece7f000-7f91ed211000 ---p 00000000 00:00 0 
7f91ed211000-7f91ed219000 r-xp 00000000 08:11 411389                     /usr/lib/jvm/java-8-openjdk-amd64/jre/lib/amd64/libzip.so
7f91ed219000-7f91ed418000 ---p 00008000 08:11 411389                     /usr/lib/jvm/java-8-openjdk-amd64/jre/lib/amd64/libzip.so
7f91ed418000-7f91ed419000 r--p 00007000 08:11 411389                     /usr/lib/jvm/java-8-openjdk-amd64/jre/lib/amd64/libzip.so
7f91ed419000-7f91ed41a000 rw-p 00008000 08:11 411389                     /usr/lib/jvm/java-8-openjdk-amd64/jre/lib/amd64/libzip.so
7f91ed41a000-7f91ed425000 r-xp 00000000 08:11 793734                     /lib/x86_64-linux-gnu/libnss_files-2.23.so
7f91ed425000-7f91ed624000 ---p 0000b000 08:11 793734                     /lib/x86_64-linux-gnu/libnss_files-2.23.so
7f91ed624000-7f91ed625000 r--p 0000a000 08:11 793734                     /lib/x86_64-linux-gnu/libnss_files-2.23.so
7f91ed625000-7f91ed626000 rw-p 0000b000 08:11 793734                     /lib/x86_64-linux-gnu/libnss_files-2.23.so
7f91ed626000-7f91ed62c000 rw-p 00000000 00:00 0 
7f91ed62c000-7f91ed637000 r-xp 00000000 08:11 793744                     /lib/x86_64-linux-gnu/libnss_nis-2.23.so
7f91ed637000-7f91ed836000 ---p 0000b000 08:11 793744                     /lib/x86_64-linux-gnu/libnss_nis-2.23.so
7f91ed836000-7f91ed837000 r--p 0000a000 08:11 793744                     /lib/x86_64-linux-gnu/libnss_nis-2.23.so
7f91ed837000-7f91ed838000 rw-p 0000b000 08:11 793744                     /lib/x86_64-linux-gnu/libnss_nis-2.23.so
7f91ed838000-7f91ed84e000 r-xp 00000000 08:11 793728                     /lib/x86_64-linux-gnu/libnsl-2.23.so
7f91ed84e000-7f91eda4d000 ---p 00016000 08:11 793728                     /lib/x86_64-linux-gnu/libnsl-2.23.so
7f91eda4d000-7f91eda4e000 r--p 00015000 08:11 793728                     /lib/x86_64-linux-gnu/libnsl-2.23.so
7f91eda4e000-7f91eda4f000 rw-p 00016000 08:11 793728                     /lib/x86_64-linux-gnu/libnsl-2.23.so
7f91eda4f000-7f91eda51000 rw-p 00000000 00:00 0 
7f91eda51000-7f91eda59000 r-xp 00000000 08:11 793730                     /lib/x86_64-linux-gnu/libnss_compat-2.23.so
7f91eda59000-7f91edc58000 ---p 00008000 08:11 793730                     /lib/x86_64-linux-gnu/libnss_compat-2.23.so
7f91edc58000-7f91edc59000 r--p 00007000 08:11 793730                     /lib/x86_64-linux-gnu/libnss_compat-2.23.so
7f91edc59000-7f91edc5a000 rw-p 00008000 08:11 793730                     /lib/x86_64-linux-gnu/libnss_compat-2.23.so
7f91edc5a000-7f91edc87000 r-xp 00000000 08:11 411370                     /usr/lib/jvm/java-8-openjdk-amd64/jre/lib/amd64/libjava.so
7f91edc87000-7f91ede86000 ---p 0002d000 08:11 411370                     /usr/lib/jvm/java-8-openjdk-amd64/jre/lib/amd64/libjava.so
7f91ede86000-7f91ede87000 r--p 0002c000 08:11 411370                     /usr/lib/jvm/java-8-openjdk-amd64/jre/lib/amd64/libjava.so
7f91ede87000-7f91ede89000 rw-p 0002d000 08:11 411370                     /usr/lib/jvm/java-8-openjdk-amd64/jre/lib/amd64/libjava.so
7f91ede89000-7f91ede98000 r-xp 00000000 08:11 411387                     /usr/lib/jvm/java-8-openjdk-amd64/jre/lib/amd64/libverify.so
7f91ede98000-7f91ee097000 ---p 0000f000 08:11 411387                     /usr/lib/jvm/java-8-openjdk-amd64/jre/lib/amd64/libverify.so
7f91ee097000-7f91ee099000 r--p 0000e000 08:11 411387                     /usr/lib/jvm/java-8-openjdk-amd64/jre/lib/amd64/libverify.so
7f91ee099000-7f91ee09a000 rw-p 00010000 08:11 411387                     /usr/lib/jvm/java-8-openjdk-amd64/jre/lib/amd64/libverify.so
7f91ee09a000-7f91ee0a1000 r-xp 00000000 08:11 793789                     /lib/x86_64-linux-gnu/librt-2.23.so
7f91ee0a1000-7f91ee2a0000 ---p 00007000 08:11 793789                     /lib/x86_64-linux-gnu/librt-2.23.so
7f91ee2a0000-7f91ee2a1000 r--p 00006000 08:11 793789                     /lib/x86_64-linux-gnu/librt-2.23.so
7f91ee2a1000-7f91ee2a2000 rw-p 00007000 08:11 793789                     /lib/x86_64-linux-gnu/librt-2.23.so
7f91ee2a2000-7f91ee2b8000 r-xp 00000000 08:11 793673                     /lib/x86_64-linux-gnu/libgcc_s.so.1
7f91ee2b8000-7f91ee4b7000 ---p 00016000 08:11 793673                     /lib/x86_64-linux-gnu/libgcc_s.so.1
7f91ee4b7000-7f91ee4b8000 rw-p 00015000 08:11 793673                     /lib/x86_64-linux-gnu/libgcc_s.so.1
7f91ee4b8000-7f91ee5c0000 r-xp 00000000 08:11 793705                     /lib/x86_64-linux-gnu/libm-2.23.so
7f91ee5c0000-7f91ee7bf000 ---p 00108000 08:11 793705                     /lib/x86_64-linux-gnu/libm-2.23.so
7f91ee7bf000-7f91ee7c0000 r--p 00107000 08:11 793705                     /lib/x86_64-linux-gnu/libm-2.23.so
7f91ee7c0000-7f91ee7c1000 rw-p 00108000 08:11 793705                     /lib/x86_64-linux-gnu/libm-2.23.so
7f91ee7c1000-7f91ee933000 r-xp 00000000 08:11 262849                     /usr/lib/x86_64-linux-gnu/libstdc++.so.6.0.21
7f91ee933000-7f91eeb33000 ---p 00172000 08:11 262849                     /usr/lib/x86_64-linux-gnu/libstdc++.so.6.0.21
7f91eeb33000-7f91eeb3d000 r--p 00172000 08:11 262849                     /usr/lib/x86_64-linux-gnu/libstdc++.so.6.0.21
7f91eeb3d000-7f91eeb3f000 rw-p 0017c000 08:11 262849                     /usr/lib/x86_64-linux-gnu/libstdc++.so.6.0.21
7f91eeb3f000-7f91eeb43000 rw-p 00000000 00:00 0 
7f91eeb43000-7f91ef795000 r-xp 00000000 08:11 411381                     /usr/lib/jvm/java-8-openjdk-amd64/jre/lib/amd64/server/libjvm.so
7f91ef795000-7f91ef995000 ---p 00c52000 08:11 411381                     /usr/lib/jvm/java-8-openjdk-amd64/jre/lib/amd64/server/libjvm.so
7f91ef995000-7f91efa28000 r--p 00c52000 08:11 411381                     /usr/lib/jvm/java-8-openjdk-amd64/jre/lib/amd64/server/libjvm.so
7f91efa28000-7f91efa51000 rw-p 00ce5000 08:11 411381                     /usr/lib/jvm/java-8-openjdk-amd64/jre/lib/amd64/server/libjvm.so
7f91efa51000-7f91efa81000 rw-p 00000000 00:00 0 
7f91efa81000-7f91efa99000 r-xp 00000000 08:11 793781                     /lib/x86_64-linux-gnu/libpthread-2.23.so
7f91efa99000-7f91efc98000 ---p 00018000 08:11 793781                     /lib/x86_64-linux-gnu/libpthread-2.23.so
7f91efc98000-7f91efc99000 r--p 00017000 08:11 793781                     /lib/x86_64-linux-gnu/libpthread-2.23.so
7f91efc99000-7f91efc9a000 rw-p 00018000 08:11 793781                     /lib/x86_64-linux-gnu/libpthread-2.23.so
7f91efc9a000-7f91efc9e000 rw-p 00000000 00:00 0 
7f91efc9e000-7f91efca1000 r-xp 00000000 08:11 793659                     /lib/x86_64-linux-gnu/libdl-2.23.so
7f91efca1000-7f91efea0000 ---p 00003000 08:11 793659                     /lib/x86_64-linux-gnu/libdl-2.23.so
7f91efea0000-7f91efea1000 r--p 00002000 08:11 793659                     /lib/x86_64-linux-gnu/libdl-2.23.so
7f91efea1000-7f91efea2000 rw-p 00003000 08:11 793659                     /lib/x86_64-linux-gnu/libdl-2.23.so
7f91efea2000-7f91efebb000 r-xp 00000000 08:11 793826                     /lib/x86_64-linux-gnu/libz.so.1.2.8
7f91efebb000-7f91f00ba000 ---p 00019000 08:11 793826                     /lib/x86_64-linux-gnu/libz.so.1.2.8
7f91f00ba000-7f91f00bb000 r--p 00018000 08:11 793826                     /lib/x86_64-linux-gnu/libz.so.1.2.8
7f91f00bb000-7f91f00bc000 rw-p 00019000 08:11 793826                     /lib/x86_64-linux-gnu/libz.so.1.2.8
7f91f00bc000-7f91f027c000 r-xp 00000000 08:11 793635                     /lib/x86_64-linux-gnu/libc-2.23.so
7f91f027c000-7f91f047c000 ---p 001c0000 08:11 793635                     /lib/x86_64-linux-gnu/libc-2.23.so
7f91f047c000-7f91f0480000 r--p 001c0000 08:11 793635                     /lib/x86_64-linux-gnu/libc-2.23.so
7f91f0480000-7f91f0482000 rw-p 001c4000 08:11 793635                     /lib/x86_64-linux-gnu/libc-2.23.so
7f91f0482000-7f91f0486000 rw-p 00000000 00:00 0 
7f91f0486000-7f91f0493000 r-xp 00000000 08:11 411385                     /usr/lib/jvm/java-8-openjdk-amd64/jre/lib/amd64/jli/libjli.so
7f91f0493000-7f91f0693000 ---p 0000d000 08:11 411385                     /usr/lib/jvm/java-8-openjdk-amd64/jre/lib/amd64/jli/libjli.so
7f91f0693000-7f91f0694000 r--p 0000d000 08:11 411385                     /usr/lib/jvm/java-8-openjdk-amd64/jre/lib/amd64/jli/libjli.so
7f91f0694000-7f91f0695000 rw-p 0000e000 08:11 411385                     /usr/lib/jvm/java-8-openjdk-amd64/jre/lib/amd64/jli/libjli.so
7f91f0695000-7f91f06bb000 r-xp 00000000 08:11 793607                     /lib/x86_64-linux-gnu/ld-2.23.so
7f91f06bb000-7f91f06bc000 r--s 00000000 08:16 950412                     /home/brill/.gradle/wrapper/dists/gradle-2.14.1-all/8bnwg5hd3w55iofp58khbp6yv/gradle-2.14.1/lib/gradle-jvm-services-2.14.1.jar
7f91f06bc000-7f91f06bd000 r--s 00007000 08:16 950418                     /home/brill/.gradle/wrapper/dists/gradle-2.14.1-all/8bnwg5hd3w55iofp58khbp6yv/gradle-2.14.1/lib/slf4j-api-1.7.10.jar
7f91f06bd000-7f91f06bf000 r--s 0000b000 08:16 1456578                    /home/brill/react_native_lab/Ab24_old/android/gradle/wrapper/gradle-wrapper.jar
7f91f06bf000-7f91f06c1000 r--s 00008000 08:11 411347                     /usr/lib/jvm/java-8-openjdk-amd64/jre/lib/ext/sunec.jar
7f91f06c1000-7f91f06c5000 r--s 00037000 08:11 411349                     /usr/lib/jvm/java-8-openjdk-amd64/jre/lib/ext/sunpkcs11.jar
7f91f06c5000-7f91f06cf000 r--s 00116000 08:11 411348                     /usr/lib/jvm/java-8-openjdk-amd64/jre/lib/ext/localedata.jar
7f91f06cf000-7f91f079a000 rw-p 00000000 00:00 0 
7f91f079a000-7f91f079d000 ---p 00000000 00:00 0 
7f91f079d000-7f91f08a0000 rw-p 00000000 00:00 0 
7f91f08a0000-7f91f08a1000 r--s 00004000 08:16 950442                     /home/brill/.gradle/wrapper/dists/gradle-2.14.1-all/8bnwg5hd3w55iofp58khbp6yv/gradle-2.14.1/lib/ant-launcher-1.9.6.jar
7f91f08a1000-7f91f08a4000 r--s 0000f000 08:11 411342                     /usr/lib/jvm/java-8-openjdk-amd64/jre/lib/ext/icedtea-sound.jar
7f91f08a4000-7f91f08a5000 r--s 0000a000 08:11 411350                     /usr/lib/jvm/java-8-openjdk-amd64/jre/lib/ext/jaccess.jar
7f91f08a5000-7f91f08a6000 r--s 00010000 08:11 411344                     /usr/lib/jvm/java-8-openjdk-amd64/jre/lib/ext/zipfs.jar
7f91f08a6000-7f91f08a8000 r--s 00001000 08:11 411351                     /usr/lib/jvm/java-8-openjdk-amd64/jre/lib/ext/dnsns.jar
7f91f08a8000-7f91f08ae000 r--s 0003a000 08:11 411346                     /usr/lib/jvm/java-8-openjdk-amd64/jre/lib/ext/sunjce_provider.jar
7f91f08ae000-7f91f08b6000 rw-s 00000000 08:11 2351                       /tmp/hsperfdata_brill/23942
7f91f08b6000-7f91f08b7000 rw-p 00000000 00:00 0 
7f91f08b7000-7f91f08b8000 ---p 00000000 00:00 0 
7f91f08b8000-7f91f08ba000 rw-p 00000000 00:00 0 
7f91f08ba000-7f91f08bb000 r--p 00025000 08:11 793607                     /lib/x86_64-linux-gnu/ld-2.23.so
7f91f08bb000-7f91f08bc000 rw-p 00026000 08:11 793607                     /lib/x86_64-linux-gnu/ld-2.23.so
7f91f08bc000-7f91f08bd000 rw-p 00000000 00:00 0 
7ffcf4dcd000-7ffcf4dee000 rw-p 00000000 00:00 0                          [stack]
7ffcf4dfa000-7ffcf4dfc000 r--p 00000000 00:00 0                          [vvar]
7ffcf4dfc000-7ffcf4dfe000 r-xp 00000000 00:00 0                          [vdso]
ffffffffff600000-ffffffffff601000 r-xp 00000000 00:00 0                  [vsyscall]

VM Arguments:
jvm_args: -Dorg.gradle.appname=gradlew 
java_command: org.gradle.wrapper.GradleWrapperMain installRelease
java_class_path (initial): /home/brill/react_native_lab/Ab24_old/android/gradle/wrapper/gradle-wrapper.jar
Launcher Type: SUN_STANDARD

Environment Variables:
PATH=/home/brill/.nvm/versions/node/v9.2.0/bin:/home/brill/bin:/home/brill/.local/bin:/usr/local/sbin:/usr/local/bin:/usr/sbin:/usr/bin:/sbin:/bin:/usr/games:/usr/local/games:/snap/bin:/home/brill/Android/Sdk/platform-tools
SHELL=/bin/bash
DISPLAY=:0

Signal Handlers:
SIGSEGV: [libjvm.so+0xa69040], sa_mask[0]=11111111011111111101111111111110, sa_flags=SA_RESTART|SA_SIGINFO
SIGBUS: [libjvm.so+0xa69040], sa_mask[0]=11111111011111111101111111111110, sa_flags=SA_RESTART|SA_SIGINFO
SIGFPE: [libjvm.so+0x8b2170], sa_mask[0]=11111111011111111101111111111110, sa_flags=SA_RESTART|SA_SIGINFO
SIGPIPE: [libjvm.so+0x8b2170], sa_mask[0]=11111111011111111101111111111110, sa_flags=SA_RESTART|SA_SIGINFO
SIGXFSZ: [libjvm.so+0x8b2170], sa_mask[0]=11111111011111111101111111111110, sa_flags=SA_RESTART|SA_SIGINFO
SIGILL: [libjvm.so+0x8b2170], sa_mask[0]=11111111011111111101111111111110, sa_flags=SA_RESTART|SA_SIGINFO
SIGUSR1: SIG_DFL, sa_mask[0]=00000000000000000000000000000000, sa_flags=none
SIGUSR2: [libjvm.so+0x8b2020], sa_mask[0]=00000000000000000000000000000000, sa_flags=SA_RESTART|SA_SIGINFO
SIGHUP: [libjvm.so+0x8b24f0], sa_mask[0]=11111111011111111101111111111110, sa_flags=SA_RESTART|SA_SIGINFO
SIGINT: [libjvm.so+0x8b24f0], sa_mask[0]=11111111011111111101111111111110, sa_flags=SA_RESTART|SA_SIGINFO
SIGTERM: [libjvm.so+0x8b24f0], sa_mask[0]=11111111011111111101111111111110, sa_flags=SA_RESTART|SA_SIGINFO
SIGQUIT: [libjvm.so+0x8b24f0], sa_mask[0]=11111111011111111101111111111110, sa_flags=SA_RESTART|SA_SIGINFO


---------------  S Y S T E M  ---------------

OS:DISTRIB_ID=Ubuntu
DISTRIB_RELEASE=16.04
DISTRIB_CODENAME=xenial
DISTRIB_DESCRIPTION="Ubuntu 16.04.3 LTS"

uname:Linux 4.10.0-40-generic #44~16.04.1-Ubuntu SMP Thu Nov 9 15:37:44 UTC 2017 x86_64
libc:glibc 2.23 NPTL 2.23 
rlimit: STACK 8192k, CORE 0k, NPROC 31327, NOFILE 1048576, AS infinity
load average:2.96 2.20 1.36

/proc/meminfo:
MemTotal:        8064260 kB
MemFree:         1370036 kB
MemAvailable:    2711384 kB
Buffers:          104448 kB
Cached:          1216008 kB
SwapCached:          380 kB
Active:          4629228 kB
Inactive:        1074732 kB
Active(anon):    4050368 kB
Inactive(anon):   785344 kB
Active(file):     578860 kB
Inactive(file):   289388 kB
Unevictable:          96 kB
Mlocked:              96 kB
SwapTotal:      14647292 kB
SwapFree:       14625784 kB
Dirty:              3352 kB
Writeback:             0 kB
AnonPages:       4229936 kB
Mapped:           423484 kB
Shmem:            452208 kB
Slab:             837984 kB
SReclaimable:     776368 kB
SUnreclaim:        61616 kB
KernelStack:       16256 kB
PageTables:        71408 kB
NFS_Unstable:          0 kB
Bounce:                0 kB
WritebackTmp:          0 kB
CommitLimit:    18679420 kB
Committed_AS:   13201072 kB
VmallocTotal:   34359738367 kB
VmallocUsed:           0 kB
VmallocChunk:          0 kB
HardwareCorrupted:     0 kB
AnonHugePages:   1048576 kB
ShmemHugePages:        0 kB
ShmemPmdMapped:        0 kB
CmaTotal:              0 kB
CmaFree:               0 kB
HugePages_Total:       0
HugePages_Free:        0
HugePages_Rsvd:        0
HugePages_Surp:        0
Hugepagesize:       2048 kB
DirectMap4k:      221260 kB
DirectMap2M:     8058880 kB


CPU:total 4 (initial active 4) (2 cores per cpu, 2 threads per core) family 6 model 42 stepping 7, cmov, cx8, fxsr, mmx, sse, sse2, sse3, ssse3, sse4.1, sse4.2, popcnt, avx, clmul, ht, tsc, tscinvbit

/proc/cpuinfo:
processor	: 0
vendor_id	: GenuineIntel
cpu family	: 6
model		: 42
model name	: Intel(R) Core(TM) i3-2120 CPU @ 3.30GHz
stepping	: 7
microcode	: 0x26
cpu MHz		: 3299.798
cache size	: 3072 KB
physical id	: 0
siblings	: 4
core id		: 0
cpu cores	: 2
apicid		: 0
initial apicid	: 0
fpu		: yes
fpu_exception	: yes
cpuid level	: 13
wp		: yes
flags		: fpu vme de pse tsc msr pae mce cx8 apic sep mtrr pge mca cmov pat pse36 clflush dts acpi mmx fxsr sse sse2 ss ht tm pbe syscall nx rdtscp lm constant_tsc arch_perfmon pebs bts rep_good nopl xtopology nonstop_tsc aperfmperf pni pclmulqdq dtes64 monitor ds_cpl vmx est tm2 ssse3 cx16 xtpr pdcm pcid sse4_1 sse4_2 popcnt tsc_deadline_timer xsave avx lahf_lm epb tpr_shadow vnmi flexpriority ept vpid xsaveopt dtherm arat pln pts
bugs		:
bogomips	: 6585.24
clflush size	: 64
cache_alignment	: 64
address sizes	: 36 bits physical, 48 bits virtual
power management:

processor	: 1
vendor_id	: GenuineIntel
cpu family	: 6
model		: 42
model name	: Intel(R) Core(TM) i3-2120 CPU @ 3.30GHz
stepping	: 7
microcode	: 0x26
cpu MHz		: 3299.798
cache size	: 3072 KB
physical id	: 0
siblings	: 4
core id		: 1
cpu cores	: 2
apicid		: 2
initial apicid	: 2
fpu		: yes
fpu_exception	: yes
cpuid level	: 13
wp		: yes
flags		: fpu vme de pse tsc msr pae mce cx8 apic sep mtrr pge mca cmov pat pse36 clflush dts acpi mmx fxsr sse sse2 ss ht tm pbe syscall nx rdtscp lm constant_tsc arch_perfmon pebs bts rep_good nopl xtopology nonstop_tsc aperfmperf pni pclmulqdq dtes64 monitor ds_cpl vmx est tm2 ssse3 cx16 xtpr pdcm pcid sse4_1 sse4_2 popcnt tsc_deadline_timer xsave avx lahf_lm epb tpr_shadow vnmi flexpriority ept vpid xsaveopt dtherm arat pln pts
bugs		:
bogomips	: 6585.24
clflush size	: 64
cache_alignment	: 64
address sizes	: 36 bits physical, 48 bits virtual
power management:

processor	: 2
vendor_id	: GenuineIntel
cpu family	: 6
model		: 42
model name	: Intel(R) Core(TM) i3-2120 CPU @ 3.30GHz
stepping	: 7
microcode	: 0x26
cpu MHz		: 3300.000
cache size	: 3072 KB
physical id	: 0
siblings	: 4
core id		: 0
cpu cores	: 2
apicid		: 1
initial apicid	: 1
fpu		: yes
fpu_exception	: yes
cpuid level	: 13
wp		: yes
flags		: fpu vme de pse tsc msr pae mce cx8 apic sep mtrr pge mca cmov pat pse36 clflush dts acpi mmx fxsr sse sse2 ss ht tm pbe syscall nx rdtscp lm constant_tsc arch_perfmon pebs bts rep_good nopl xtopology nonstop_tsc aperfmperf pni pclmulqdq dtes64 monitor ds_cpl vmx est tm2 ssse3 cx16 xtpr pdcm pcid sse4_1 sse4_2 popcnt tsc_deadline_timer xsave avx lahf_lm epb tpr_shadow vnmi flexpriority ept vpid xsaveopt dtherm arat pln pts
bugs		:
bogomips	: 6585.24
clflush size	: 64
cache_alignment	: 64
address sizes	: 36 bits physical, 48 bits virtual
power management:

processor	: 3
vendor_id	: GenuineIntel
cpu family	: 6
model		: 42
model name	: Intel(R) Core(TM) i3-2120 CPU @ 3.30GHz
stepping	: 7
microcode	: 0x26
cpu MHz		: 3300.000
cache size	: 3072 KB
physical id	: 0
siblings	: 4
core id		: 1
cpu cores	: 2
apicid		: 3
initial apicid	: 3
fpu		: yes
fpu_exception	: yes
cpuid level	: 13
wp		: yes
flags		: fpu vme de pse tsc msr pae mce cx8 apic sep mtrr pge mca cmov pat pse36 clflush dts acpi mmx fxsr sse sse2 ss ht tm pbe syscall nx rdtscp lm constant_tsc arch_perfmon pebs bts rep_good nopl xtopology nonstop_tsc aperfmperf pni pclmulqdq dtes64 monitor ds_cpl vmx est tm2 ssse3 cx16 xtpr pdcm pcid sse4_1 sse4_2 popcnt tsc_deadline_timer xsave avx lahf_lm epb tpr_shadow vnmi flexpriority ept vpid xsaveopt dtherm arat pln pts
bugs		:
bogomips	: 6585.24
clflush size	: 64
cache_alignment	: 64
address sizes	: 36 bits physical, 48 bits virtual
power management:



Memory: 4k page, physical 8064260k(1370036k free), swap 14647292k(14625784k free)

vm_info: OpenJDK 64-Bit Server VM (25.151-b12) for linux-amd64 JRE (1.8.0_151-8u151-b12-0ubuntu0.16.04.2-b12), built on Oct 27 2017 21:59:02 by "buildd" with gcc 5.4.0 20160609

time: Mon Dec  4 17:12:00 2017
elapsed time: 11 seconds (0d 0h 0m 11s)

